running develop
running egg_info
writing pkg1.egg-info/PKG-INFO
writing dependency_links to pkg1.egg-info/dependency_links.txt
writing entry points to pkg1.egg-info/entry_points.txt
writing requirements to pkg1.egg-info/requires.txt
writing top-level names to pkg1.egg-info/top_level.txt
reading manifest file 'pkg1.egg-info/SOURCES.txt'
writing manifest file 'pkg1.egg-info/SOURCES.txt'
running build_ext
Creating /home/haocheng/Rosbot_workspace/install/pkg1/lib/python3.10/site-packages/pkg1.egg-link (link to .)
Installing exploration_manager script to /home/haocheng/Rosbot_workspace/install/pkg1/lib/pkg1
Installing explore script to /home/haocheng/Rosbot_workspace/install/pkg1/lib/pkg1
Installing goinitial script to /home/haocheng/Rosbot_workspace/install/pkg1/lib/pkg1
Installing object_detection_mover script to /home/haocheng/Rosbot_workspace/install/pkg1/lib/pkg1

Installed /home/haocheng/Rosbot_workspace/build/pkg1
running symlink_data
symbolically linking /home/haocheng/Rosbot_workspace/build/pkg1/resource/pkg1 -> /home/haocheng/Rosbot_workspace/install/pkg1/share/ament_index/resource_index/packages
symbolically linking /home/haocheng/Rosbot_workspace/build/pkg1/package.xml -> /home/haocheng/Rosbot_workspace/install/pkg1/share/pkg1
symbolically linking /home/haocheng/Rosbot_workspace/build/pkg1/launch/pkg1.launch.py -> /home/haocheng/Rosbot_workspace/install/pkg1/share/pkg1/launch
