/home/haocheng/Rosbot_workspace/install/my_pkg/lib/python3.10/site-packages/my_pkg/marker_lib.py
/home/haocheng/Rosbot_workspace/install/my_pkg/lib/python3.10/site-packages/my_pkg/__init__.py
/home/haocheng/Rosbot_workspace/install/my_pkg/lib/python3.10/site-packages/my_pkg/rotate_robot.py
/home/haocheng/Rosbot_workspace/install/my_pkg/lib/python3.10/site-packages/my_pkg/image_localizer.py
/home/haocheng/Rosbot_workspace/install/my_pkg/lib/python3.10/site-packages/my_pkg/position_dectection.py
/home/haocheng/Rosbot_workspace/install/my_pkg/lib/python3.10/site-packages/my_pkg/__pycache__/marker_lib.cpython-310.pyc
/home/haocheng/Rosbot_workspace/install/my_pkg/lib/python3.10/site-packages/my_pkg/__pycache__/__init__.cpython-310.pyc
/home/haocheng/Rosbot_workspace/install/my_pkg/lib/python3.10/site-packages/my_pkg/__pycache__/rotate_robot.cpython-310.pyc
/home/haocheng/Rosbot_workspace/install/my_pkg/lib/python3.10/site-packages/my_pkg/__pycache__/image_localizer.cpython-310.pyc
/home/haocheng/Rosbot_workspace/install/my_pkg/lib/python3.10/site-packages/my_pkg/__pycache__/position_dectection.cpython-310.pyc
/home/haocheng/Rosbot_workspace/install/my_pkg/share/ament_index/resource_index/packages/my_pkg
/home/haocheng/Rosbot_workspace/install/my_pkg/share/my_pkg/package.xml
/home/haocheng/Rosbot_workspace/install/my_pkg/share/my_pkg/launch/my_pkg.launch.py
/home/haocheng/Rosbot_workspace/install/my_pkg/lib/python3.10/site-packages/my_pkg-0.0.0-py3.10.egg-info/dependency_links.txt
/home/haocheng/Rosbot_workspace/install/my_pkg/lib/python3.10/site-packages/my_pkg-0.0.0-py3.10.egg-info/requires.txt
/home/haocheng/Rosbot_workspace/install/my_pkg/lib/python3.10/site-packages/my_pkg-0.0.0-py3.10.egg-info/entry_points.txt
/home/haocheng/Rosbot_workspace/install/my_pkg/lib/python3.10/site-packages/my_pkg-0.0.0-py3.10.egg-info/zip-safe
/home/haocheng/Rosbot_workspace/install/my_pkg/lib/python3.10/site-packages/my_pkg-0.0.0-py3.10.egg-info/SOURCES.txt
/home/haocheng/Rosbot_workspace/install/my_pkg/lib/python3.10/site-packages/my_pkg-0.0.0-py3.10.egg-info/top_level.txt
/home/haocheng/Rosbot_workspace/install/my_pkg/lib/python3.10/site-packages/my_pkg-0.0.0-py3.10.egg-info/PKG-INFO
/home/haocheng/Rosbot_workspace/install/my_pkg/lib/my_pkg/image_localizer
/home/haocheng/Rosbot_workspace/install/my_pkg/lib/my_pkg/position_detection
/home/haocheng/Rosbot_workspace/install/my_pkg/lib/my_pkg/rotate_robot
