[3.305s] Invoking command in '/home/haocheng/Rosbot_workspace/build/my_pkg': PYTHONPATH=/home/haocheng/Rosbot_workspace/build/my_pkg/prefix_override:/home/haocheng/Rosbot_workspace/install/my_pkg/lib/python3.10/site-packages:${PYTHONPATH} /usr/bin/python3 -W ignore:setup.py install is deprecated setup.py develop --editable --build-directory /home/haocheng/Rosbot_workspace/build/my_pkg/build --no-deps symlink_data --force
[4.286s] running develop
[4.791s] running egg_info
[4.792s] writing my_pkg.egg-info/PKG-INFO
[4.793s] writing dependency_links to my_pkg.egg-info/dependency_links.txt
[4.794s] writing entry points to my_pkg.egg-info/entry_points.txt
[4.794s] writing requirements to my_pkg.egg-info/requires.txt
[4.794s] writing top-level names to my_pkg.egg-info/top_level.txt
[4.797s] reading manifest file 'my_pkg.egg-info/SOURCES.txt'
[4.798s] writing manifest file 'my_pkg.egg-info/SOURCES.txt'
[4.807s] running build_ext
[4.807s] Creating /home/haocheng/Rosbot_workspace/install/my_pkg/lib/python3.10/site-packages/my-pkg.egg-link (link to .)
[4.809s] Installing image_localizer script to /home/haocheng/Rosbot_workspace/install/my_pkg/lib/my_pkg
[4.809s] Installing position_detection script to /home/haocheng/Rosbot_workspace/install/my_pkg/lib/my_pkg
[4.809s] Installing rotate_robot script to /home/haocheng/Rosbot_workspace/install/my_pkg/lib/my_pkg
[4.810s] 
[4.810s] Installed /home/haocheng/Rosbot_workspace/build/my_pkg
[4.810s] running symlink_data
[4.810s] symbolically linking /home/haocheng/Rosbot_workspace/build/my_pkg/resource/my_pkg -> /home/haocheng/Rosbot_workspace/install/my_pkg/share/ament_index/resource_index/packages
[4.810s] symbolically linking /home/haocheng/Rosbot_workspace/build/my_pkg/package.xml -> /home/haocheng/Rosbot_workspace/install/my_pkg/share/my_pkg
[4.810s] symbolically linking /home/haocheng/Rosbot_workspace/build/my_pkg/launch/my_pkg.launch.py -> /home/haocheng/Rosbot_workspace/install/my_pkg/share/my_pkg/launch
[4.939s] Invoked command in '/home/haocheng/Rosbot_workspace/build/my_pkg' returned '0': PYTHONPATH=/home/haocheng/Rosbot_workspace/build/my_pkg/prefix_override:/home/haocheng/Rosbot_workspace/install/my_pkg/lib/python3.10/site-packages:${PYTHONPATH} /usr/bin/python3 -W ignore:setup.py install is deprecated setup.py develop --editable --build-directory /home/haocheng/Rosbot_workspace/build/my_pkg/build --no-deps symlink_data --force
