[3.593s] Invoking command in '/home/haocheng/Rosbot_workspace/src/my_pkg': PYTHONPATH=/home/haocheng/Rosbot_workspace/build/my_pkg/prefix_override:/home/haocheng/Rosbot_workspace/install/my_pkg/lib/python3.10/site-packages:${PYTHONPATH} /usr/bin/python3 -W ignore:setup.py install is deprecated setup.py egg_info --egg-base ../../build/my_pkg build --build-base /home/haocheng/Rosbot_workspace/build/my_pkg/build install --record /home/haocheng/Rosbot_workspace/build/my_pkg/install.log --single-version-externally-managed install_data
[4.940s] running egg_info
[4.941s] writing ../../build/my_pkg/my_pkg.egg-info/PKG-INFO
[4.942s] writing dependency_links to ../../build/my_pkg/my_pkg.egg-info/dependency_links.txt
[4.942s] writing entry points to ../../build/my_pkg/my_pkg.egg-info/entry_points.txt
[4.943s] writing requirements to ../../build/my_pkg/my_pkg.egg-info/requires.txt
[4.943s] writing top-level names to ../../build/my_pkg/my_pkg.egg-info/top_level.txt
[4.948s] reading manifest file '../../build/my_pkg/my_pkg.egg-info/SOURCES.txt'
[4.949s] writing manifest file '../../build/my_pkg/my_pkg.egg-info/SOURCES.txt'
[4.950s] running build
[4.950s] running build_py
[4.950s] copying my_pkg/rotate_robot.py -> /home/haocheng/Rosbot_workspace/build/my_pkg/build/lib/my_pkg
[4.951s] running install
[4.952s] running install_lib
[4.954s] copying /home/haocheng/Rosbot_workspace/build/my_pkg/build/lib/my_pkg/rotate_robot.py -> /home/haocheng/Rosbot_workspace/install/my_pkg/lib/python3.10/site-packages/my_pkg
[4.961s] byte-compiling /home/haocheng/Rosbot_workspace/install/my_pkg/lib/python3.10/site-packages/my_pkg/rotate_robot.py to rotate_robot.cpython-310.pyc
[4.966s] running install_data
[4.966s] running install_egg_info
[4.972s] removing '/home/haocheng/Rosbot_workspace/install/my_pkg/lib/python3.10/site-packages/my_pkg-0.0.0-py3.10.egg-info' (and everything under it)
[4.973s] Copying ../../build/my_pkg/my_pkg.egg-info to /home/haocheng/Rosbot_workspace/install/my_pkg/lib/python3.10/site-packages/my_pkg-0.0.0-py3.10.egg-info
[4.976s] running install_scripts
[5.082s] Installing rotate_robot script to /home/haocheng/Rosbot_workspace/install/my_pkg/lib/my_pkg
[5.082s] writing list of installed files to '/home/haocheng/Rosbot_workspace/build/my_pkg/install.log'
[5.146s] Invoked command in '/home/haocheng/Rosbot_workspace/src/my_pkg' returned '0': PYTHONPATH=/home/haocheng/Rosbot_workspace/build/my_pkg/prefix_override:/home/haocheng/Rosbot_workspace/install/my_pkg/lib/python3.10/site-packages:${PYTHONPATH} /usr/bin/python3 -W ignore:setup.py install is deprecated setup.py egg_info --egg-base ../../build/my_pkg build --build-base /home/haocheng/Rosbot_workspace/build/my_pkg/build install --record /home/haocheng/Rosbot_workspace/build/my_pkg/install.log --single-version-externally-managed install_data
