[2.354s] Invoking command in '/home/haocheng/Rosbot_workspace/src/my_pkg': PYTHONPATH=/home/haocheng/Rosbot_workspace/build/my_pkg/prefix_override:/home/haocheng/Rosbot_workspace/install/my_pkg/lib/python3.10/site-packages:${PYTHONPATH} /usr/bin/python3 -W ignore:setup.py install is deprecated setup.py egg_info --egg-base ../../build/my_pkg build --build-base /home/haocheng/Rosbot_workspace/build/my_pkg/build install --record /home/haocheng/Rosbot_workspace/build/my_pkg/install.log --single-version-externally-managed install_data
[3.278s] running egg_info
[3.280s] creating ../../build/my_pkg/my_pkg.egg-info
[3.281s] writing ../../build/my_pkg/my_pkg.egg-info/PKG-INFO
[3.281s] writing dependency_links to ../../build/my_pkg/my_pkg.egg-info/dependency_links.txt
[3.282s] writing entry points to ../../build/my_pkg/my_pkg.egg-info/entry_points.txt
[3.282s] writing requirements to ../../build/my_pkg/my_pkg.egg-info/requires.txt
[3.282s] writing top-level names to ../../build/my_pkg/my_pkg.egg-info/top_level.txt
[3.282s] writing manifest file '../../build/my_pkg/my_pkg.egg-info/SOURCES.txt'
[3.286s] reading manifest file '../../build/my_pkg/my_pkg.egg-info/SOURCES.txt'
[3.287s] writing manifest file '../../build/my_pkg/my_pkg.egg-info/SOURCES.txt'
[3.287s] running build
[3.287s] running build_py
[3.287s] creating /home/haocheng/Rosbot_workspace/build/my_pkg/build
[3.288s] creating /home/haocheng/Rosbot_workspace/build/my_pkg/build/lib
[3.288s] creating /home/haocheng/Rosbot_workspace/build/my_pkg/build/lib/my_pkg
[3.288s] copying my_pkg/marker_lib.py -> /home/haocheng/Rosbot_workspace/build/my_pkg/build/lib/my_pkg
[3.288s] copying my_pkg/__init__.py -> /home/haocheng/Rosbot_workspace/build/my_pkg/build/lib/my_pkg
[3.288s] copying my_pkg/rotate_robot.py -> /home/haocheng/Rosbot_workspace/build/my_pkg/build/lib/my_pkg
[3.289s] copying my_pkg/image_localizer.py -> /home/haocheng/Rosbot_workspace/build/my_pkg/build/lib/my_pkg
[3.289s] copying my_pkg/position_dectection.py -> /home/haocheng/Rosbot_workspace/build/my_pkg/build/lib/my_pkg
[3.289s] running install
[3.289s] running install_lib
[3.291s] creating /home/haocheng/Rosbot_workspace/install/my_pkg/lib/python3.10/site-packages/my_pkg
[3.291s] copying /home/haocheng/Rosbot_workspace/build/my_pkg/build/lib/my_pkg/marker_lib.py -> /home/haocheng/Rosbot_workspace/install/my_pkg/lib/python3.10/site-packages/my_pkg
[3.291s] copying /home/haocheng/Rosbot_workspace/build/my_pkg/build/lib/my_pkg/__init__.py -> /home/haocheng/Rosbot_workspace/install/my_pkg/lib/python3.10/site-packages/my_pkg
[3.292s] copying /home/haocheng/Rosbot_workspace/build/my_pkg/build/lib/my_pkg/rotate_robot.py -> /home/haocheng/Rosbot_workspace/install/my_pkg/lib/python3.10/site-packages/my_pkg
[3.292s] copying /home/haocheng/Rosbot_workspace/build/my_pkg/build/lib/my_pkg/image_localizer.py -> /home/haocheng/Rosbot_workspace/install/my_pkg/lib/python3.10/site-packages/my_pkg
[3.292s] copying /home/haocheng/Rosbot_workspace/build/my_pkg/build/lib/my_pkg/position_dectection.py -> /home/haocheng/Rosbot_workspace/install/my_pkg/lib/python3.10/site-packages/my_pkg
[3.295s] byte-compiling /home/haocheng/Rosbot_workspace/install/my_pkg/lib/python3.10/site-packages/my_pkg/marker_lib.py to marker_lib.cpython-310.pyc
[3.295s] byte-compiling /home/haocheng/Rosbot_workspace/install/my_pkg/lib/python3.10/site-packages/my_pkg/__init__.py to __init__.cpython-310.pyc
[3.296s] byte-compiling /home/haocheng/Rosbot_workspace/install/my_pkg/lib/python3.10/site-packages/my_pkg/rotate_robot.py to rotate_robot.cpython-310.pyc
[3.302s] byte-compiling /home/haocheng/Rosbot_workspace/install/my_pkg/lib/python3.10/site-packages/my_pkg/image_localizer.py to image_localizer.cpython-310.pyc
[3.302s] byte-compiling /home/haocheng/Rosbot_workspace/install/my_pkg/lib/python3.10/site-packages/my_pkg/position_dectection.py to position_dectection.cpython-310.pyc
[3.303s] running install_data
[3.303s] creating /home/haocheng/Rosbot_workspace/install/my_pkg/share/ament_index
[3.303s] creating /home/haocheng/Rosbot_workspace/install/my_pkg/share/ament_index/resource_index
[3.303s] creating /home/haocheng/Rosbot_workspace/install/my_pkg/share/ament_index/resource_index/packages
[3.303s] copying resource/my_pkg -> /home/haocheng/Rosbot_workspace/install/my_pkg/share/ament_index/resource_index/packages
[3.303s] copying package.xml -> /home/haocheng/Rosbot_workspace/install/my_pkg/share/my_pkg
[3.303s] running install_egg_info
[3.305s] Copying ../../build/my_pkg/my_pkg.egg-info to /home/haocheng/Rosbot_workspace/install/my_pkg/lib/python3.10/site-packages/my_pkg-0.0.0-py3.10.egg-info
[3.308s] running install_scripts
[3.378s] Installing image_localizer script to /home/haocheng/Rosbot_workspace/install/my_pkg/lib/my_pkg
[3.382s] Installing position_detection script to /home/haocheng/Rosbot_workspace/install/my_pkg/lib/my_pkg
[3.383s] Installing rotate_robot script to /home/haocheng/Rosbot_workspace/install/my_pkg/lib/my_pkg
[3.383s] writing list of installed files to '/home/haocheng/Rosbot_workspace/build/my_pkg/install.log'
[3.446s] Invoked command in '/home/haocheng/Rosbot_workspace/src/my_pkg' returned '0': PYTHONPATH=/home/haocheng/Rosbot_workspace/build/my_pkg/prefix_override:/home/haocheng/Rosbot_workspace/install/my_pkg/lib/python3.10/site-packages:${PYTHONPATH} /usr/bin/python3 -W ignore:setup.py install is deprecated setup.py egg_info --egg-base ../../build/my_pkg build --build-base /home/haocheng/Rosbot_workspace/build/my_pkg/build install --record /home/haocheng/Rosbot_workspace/build/my_pkg/install.log --single-version-externally-managed install_data
