[2.294s] Invoking command in '/home/haocheng/Rosbot_workspace/build/my_pkg': PYTHONPATH=/home/haocheng/Rosbot_workspace/build/my_pkg/prefix_override:/home/haocheng/Rosbot_workspace/install/my_pkg/lib/python3.10/site-packages:${PYTHONPATH} /usr/bin/python3 -W ignore:setup.py install is deprecated setup.py develop --editable --build-directory /home/haocheng/Rosbot_workspace/build/my_pkg/build --no-deps symlink_data --force
[3.266s] running develop
[3.823s] running egg_info
[3.823s] writing my_pkg.egg-info/PKG-INFO
[3.823s] writing dependency_links to my_pkg.egg-info/dependency_links.txt
[3.824s] writing entry points to my_pkg.egg-info/entry_points.txt
[3.824s] writing requirements to my_pkg.egg-info/requires.txt
[3.825s] writing top-level names to my_pkg.egg-info/top_level.txt
[3.828s] reading manifest file 'my_pkg.egg-info/SOURCES.txt'
[3.829s] writing manifest file 'my_pkg.egg-info/SOURCES.txt'
[3.840s] running build_ext
[3.840s] Creating /home/haocheng/Rosbot_workspace/install/my_pkg/lib/python3.10/site-packages/my-pkg.egg-link (link to .)
[3.840s] Installing image_localizer script to /home/haocheng/Rosbot_workspace/install/my_pkg/lib/my_pkg
[3.841s] Installing position_detection script to /home/haocheng/Rosbot_workspace/install/my_pkg/lib/my_pkg
[3.841s] Installing rotate_robot script to /home/haocheng/Rosbot_workspace/install/my_pkg/lib/my_pkg
[3.841s] 
[3.841s] Installed /home/haocheng/Rosbot_workspace/build/my_pkg
[3.841s] running symlink_data
[3.841s] symbolically linking /home/haocheng/Rosbot_workspace/build/my_pkg/resource/my_pkg -> /home/haocheng/Rosbot_workspace/install/my_pkg/share/ament_index/resource_index/packages
[3.841s] symbolically linking /home/haocheng/Rosbot_workspace/build/my_pkg/package.xml -> /home/haocheng/Rosbot_workspace/install/my_pkg/share/my_pkg
[3.933s] Invoked command in '/home/haocheng/Rosbot_workspace/build/my_pkg' returned '0': PYTHONPATH=/home/haocheng/Rosbot_workspace/build/my_pkg/prefix_override:/home/haocheng/Rosbot_workspace/install/my_pkg/lib/python3.10/site-packages:${PYTHONPATH} /usr/bin/python3 -W ignore:setup.py install is deprecated setup.py develop --editable --build-directory /home/haocheng/Rosbot_workspace/build/my_pkg/build --no-deps symlink_data --force
