-- BuilD for ROS2: humble
-- Found ament_cmake: 1.3.8 (/home/haocheng/ros2_humble/install/ament_cmake/share/ament_cmake/cmake)
-- Override CMake install command with custom implementation using symlinks instead of copying resources
-- Found rclcpp: 16.0.8 (/home/haocheng/ros2_humble/install/rclcpp/share/rclcpp/cmake)
-- Found rosidl_generator_c: 3.1.5 (/home/haocheng/ros2_humble/install/rosidl_generator_c/share/rosidl_generator_c/cmake)
-- Found rosidl_adapter: 3.1.5 (/home/haocheng/ros2_humble/install/rosidl_adapter/share/rosidl_adapter/cmake)
-- Found rosidl_generator_cpp: 3.1.5 (/home/haocheng/ros2_humble/install/rosidl_generator_cpp/share/rosidl_generator_cpp/cmake)
-- Using all available rosidl_typesupport_c: rosidl_typesupport_fastrtps_c;rosidl_typesupport_introspection_c
-- Using all available rosidl_typesupport_cpp: rosidl_typesupport_fastrtps_cpp;rosidl_typesupport_introspection_cpp
-- Found rmw_implementation_cmake: 6.1.1 (/home/haocheng/ros2_humble/install/rmw_implementation_cmake/share/rmw_implementation_cmake/cmake)
-- Found rmw_fastrtps_cpp: 6.2.6 (/home/haocheng/ros2_humble/install/rmw_fastrtps_cpp/share/rmw_fastrtps_cpp/cmake)
-- Using RMW implementation 'rmw_fastrtps_cpp' as default
-- Found sensor_msgs: 4.2.3 (/home/haocheng/ros2_humble/install/sensor_msgs/share/sensor_msgs/cmake)
-- Found tf2_ros: 0.25.6 (/home/haocheng/ros2_humble/install/tf2_ros/share/tf2_ros/cmake)
-- Found tf2_geometry_msgs: 0.25.6 (/home/haocheng/ros2_humble/install/tf2_geometry_msgs/share/tf2_geometry_msgs/cmake)
-- Found eigen3_cmake_module: 0.1.1 (/home/haocheng/ros2_humble/install/eigen3_cmake_module/share/eigen3_cmake_module/cmake)
-- Ensuring Eigen3 include directory is part of orocos-kdl CMake target
-- Found nav2_msgs: 1.1.14 (/opt/ros/humble/share/nav2_msgs/cmake)
-- Found map_msgs: 2.1.0 (/home/haocheng/ros2_humble/install/map_msgs/share/map_msgs/cmake)
-- Found visualization_msgs: 4.2.3 (/home/haocheng/ros2_humble/install/visualization_msgs/share/visualization_msgs/cmake)
-- Found nav2_costmap_2d: 1.1.14 (/opt/ros/humble/share/nav2_costmap_2d/cmake)
-- Found ament_lint_auto: 0.12.10 (/home/haocheng/ros2_humble/install/ament_lint_auto/share/ament_lint_auto/cmake)
-- Found ament_cmake_gtest: 1.3.8 (/home/haocheng/ros2_humble/install/ament_cmake_gtest/share/ament_cmake_gtest/cmake)
-- Found gtest sources under '/home/haocheng/ros2_humble/install/gtest_vendor/src/gtest_vendor': C++ tests using 'Google Test' will be built
-- Added test 'cppcheck' to perform static code analysis on C / C++ code
-- Configured cppcheck include dirs: /home/haocheng/Rosbot_workspace/src/explore/include;$<BUILD_INTERFACE:/home/haocheng/Rosbot_workspace/src/explore/include>
-- Configured cppcheck exclude dirs and/or files: 
-- Added test 'flake8' to check Python code syntax and style conventions
-- Added test 'lint_cmake' to check CMake code style
-- Added test 'pep257' to check Python code against some of the docstring style conventions in PEP 257
-- Added test 'uncrustify' to check C / C++ code style
-- Configured uncrustify additional arguments: 
-- Added test 'xmllint' to check XML markup files
-- Configuring done
-- Generating done
-- Build files have been written to: /home/haocheng/Rosbot_workspace/build/explore_lite
[35m[1mConsolidate compiler generated dependencies of target gtest_main[0m
[35m[1mConsolidate compiler generated dependencies of target gtest[0m
[35m[1mConsolidate compiler generated dependencies of target explore[0m
[ 20%] Built target gtest
[ 40%] Built target gtest_main
[ 50%] [32m[1mLinking CXX executable explore[0m
[35m[1mConsolidate compiler generated dependencies of target test_explore[0m
[ 70%] Built target test_explore
[100%] Built target explore
-- Install configuration: ""
-- Execute custom install script
-- Symlinking: /home/haocheng/Rosbot_workspace/install/explore_lite/include/explore//costmap_client.h
-- Symlinking: /home/haocheng/Rosbot_workspace/install/explore_lite/include/explore//costmap_tools.h
-- Symlinking: /home/haocheng/Rosbot_workspace/install/explore_lite/include/explore//explore.h
-- Symlinking: /home/haocheng/Rosbot_workspace/install/explore_lite/include/explore//frontier_search.h
-- Symlinking: /home/haocheng/Rosbot_workspace/install/explore_lite/share/explore_lite/config/params.yaml
-- Symlinking: /home/haocheng/Rosbot_workspace/install/explore_lite/share/explore_lite/config/params_costmap.yaml
-- Symlinking: /home/haocheng/Rosbot_workspace/install/explore_lite/share/explore_lite/launch/explore.launch.py
-- Symlinking: /home/haocheng/Rosbot_workspace/install/explore_lite/lib/explore_lite/explore
-- Symlinking: /home/haocheng/Rosbot_workspace/install/explore_lite/share/ament_index/resource_index/package_run_dependencies/explore_lite
-- Symlinking: /home/haocheng/Rosbot_workspace/install/explore_lite/share/ament_index/resource_index/parent_prefix_path/explore_lite
-- Up-to-date symlink: /home/haocheng/Rosbot_workspace/install/explore_lite/share/explore_lite/environment/ament_prefix_path.sh
-- Symlinking: /home/haocheng/Rosbot_workspace/install/explore_lite/share/explore_lite/environment/ament_prefix_path.dsv
-- Up-to-date symlink: /home/haocheng/Rosbot_workspace/install/explore_lite/share/explore_lite/environment/path.sh
-- Symlinking: /home/haocheng/Rosbot_workspace/install/explore_lite/share/explore_lite/environment/path.dsv
-- Symlinking: /home/haocheng/Rosbot_workspace/install/explore_lite/share/explore_lite/local_setup.bash
-- Symlinking: /home/haocheng/Rosbot_workspace/install/explore_lite/share/explore_lite/local_setup.sh
-- Symlinking: /home/haocheng/Rosbot_workspace/install/explore_lite/share/explore_lite/local_setup.zsh
-- Symlinking: /home/haocheng/Rosbot_workspace/install/explore_lite/share/explore_lite/local_setup.dsv
-- Symlinking: /home/haocheng/Rosbot_workspace/install/explore_lite/share/explore_lite/package.dsv
-- Symlinking: /home/haocheng/Rosbot_workspace/install/explore_lite/share/ament_index/resource_index/packages/explore_lite
-- Symlinking: /home/haocheng/Rosbot_workspace/install/explore_lite/share/explore_lite/cmake/ament_cmake_export_include_directories-extras.cmake
-- Symlinking: /home/haocheng/Rosbot_workspace/install/explore_lite/share/explore_lite/cmake/explore_liteConfig.cmake
-- Symlinking: /home/haocheng/Rosbot_workspace/install/explore_lite/share/explore_lite/cmake/explore_liteConfig-version.cmake
-- Symlinking: /home/haocheng/Rosbot_workspace/install/explore_lite/share/explore_lite/package.xml
