[0.387s] DEBUG:colcon:Command line arguments: ['/usr/bin/colcon', 'build', '--packages-select', 'my_pkg', '--symlink-install']
[0.388s] DEBUG:colcon:Parsed command line arguments: Namespace(log_base=None, log_level=None, verb_name='build', build_base='build', install_base='install', merge_install=False, symlink_install=True, test_result_base=None, continue_on_error=False, executor='parallel', parallel_workers=16, event_handlers=None, ignore_user_meta=False, metas=['./colcon.meta'], base_paths=['.'], packages_ignore=None, packages_ignore_regex=None, paths=None, packages_up_to=None, packages_up_to_regex=None, packages_above=None, packages_above_and_dependencies=None, packages_above_depth=None, packages_select_by_dep=None, packages_skip_by_dep=None, packages_skip_up_to=None, packages_select_build_failed=False, packages_skip_build_finished=False, packages_select_test_failures=False, packages_skip_test_passed=False, packages_select=['my_pkg'], packages_skip=None, packages_select_regex=None, packages_skip_regex=None, packages_start=None, packages_end=None, allow_overriding=[], cmake_args=None, cmake_target=None, cmake_target_skip_unavailable=False, cmake_clean_cache=False, cmake_clean_first=False, cmake_force_configure=False, ament_cmake_args=None, catkin_cmake_args=None, catkin_skip_building_tests=False, verb_parser=<colcon_defaults.argument_parser.defaults.DefaultArgumentsDecorator object at 0x724e5d77d2a0>, verb_extension=<colcon_core.verb.build.BuildVerb object at 0x724e5d77c490>, main=<bound method BuildVerb.main of <colcon_core.verb.build.BuildVerb object at 0x724e5d77c490>>)
[0.821s] Level 1:colcon.colcon_core.package_discovery:discover_packages(colcon_meta) check parameters
[0.821s] Level 1:colcon.colcon_core.package_discovery:discover_packages(recursive) check parameters
[0.821s] Level 1:colcon.colcon_core.package_discovery:discover_packages(ignore) check parameters
[0.821s] Level 1:colcon.colcon_core.package_discovery:discover_packages(path) check parameters
[0.821s] Level 1:colcon.colcon_core.package_discovery:discover_packages(colcon_meta) discover
[0.821s] Level 1:colcon.colcon_core.package_discovery:discover_packages(recursive) discover
[0.822s] INFO:colcon.colcon_core.package_discovery:Crawling recursively for packages in '/home/haocheng/Rosbot_workspace/src'
[0.822s] Level 1:colcon.colcon_core.package_identification:_identify(.) by extensions ['ignore', 'ignore_ament_install']
[0.822s] Level 1:colcon.colcon_core.package_identification:_identify(.) by extension 'ignore'
[0.822s] Level 1:colcon.colcon_core.package_identification:_identify(.) by extension 'ignore_ament_install'
[0.822s] Level 1:colcon.colcon_core.package_identification:_identify(.) by extensions ['colcon_pkg']
[0.822s] Level 1:colcon.colcon_core.package_identification:_identify(.) by extension 'colcon_pkg'
[0.822s] Level 1:colcon.colcon_core.package_identification:_identify(.) by extensions ['colcon_meta']
[0.822s] Level 1:colcon.colcon_core.package_identification:_identify(.) by extension 'colcon_meta'
[0.822s] Level 1:colcon.colcon_core.package_identification:_identify(.) by extensions ['ros']
[0.822s] Level 1:colcon.colcon_core.package_identification:_identify(.) by extension 'ros'
[0.841s] Level 1:colcon.colcon_core.package_identification:_identify(.) by extensions ['cmake', 'python']
[0.841s] Level 1:colcon.colcon_core.package_identification:_identify(.) by extension 'cmake'
[0.841s] Level 1:colcon.colcon_core.package_identification:_identify(.) by extension 'python'
[0.841s] Level 1:colcon.colcon_core.package_identification:_identify(.) by extensions ['python_setup_py']
[0.841s] Level 1:colcon.colcon_core.package_identification:_identify(.) by extension 'python_setup_py'
[0.841s] Level 1:colcon.colcon_core.package_identification:_identify(build) by extensions ['ignore', 'ignore_ament_install']
[0.841s] Level 1:colcon.colcon_core.package_identification:_identify(build) by extension 'ignore'
[0.842s] Level 1:colcon.colcon_core.package_identification:_identify(build) ignored
[0.842s] Level 1:colcon.colcon_core.package_identification:_identify(explore) by extensions ['ignore', 'ignore_ament_install']
[0.842s] Level 1:colcon.colcon_core.package_identification:_identify(explore) by extension 'ignore'
[0.842s] Level 1:colcon.colcon_core.package_identification:_identify(explore) by extension 'ignore_ament_install'
[0.842s] Level 1:colcon.colcon_core.package_identification:_identify(explore) by extensions ['colcon_pkg']
[0.842s] Level 1:colcon.colcon_core.package_identification:_identify(explore) by extension 'colcon_pkg'
[0.842s] Level 1:colcon.colcon_core.package_identification:_identify(explore) by extensions ['colcon_meta']
[0.842s] Level 1:colcon.colcon_core.package_identification:_identify(explore) by extension 'colcon_meta'
[0.842s] Level 1:colcon.colcon_core.package_identification:_identify(explore) by extensions ['ros']
[0.842s] Level 1:colcon.colcon_core.package_identification:_identify(explore) by extension 'ros'
[0.848s] DEBUG:colcon.colcon_core.package_identification:Package 'explore' with type 'ros.ament_cmake' and name 'explore_lite'
[0.849s] Level 1:colcon.colcon_core.package_identification:_identify(install) by extensions ['ignore', 'ignore_ament_install']
[0.850s] Level 1:colcon.colcon_core.package_identification:_identify(install) by extension 'ignore'
[0.850s] Level 1:colcon.colcon_core.package_identification:_identify(install) ignored
[0.850s] Level 1:colcon.colcon_core.package_identification:_identify(log) by extensions ['ignore', 'ignore_ament_install']
[0.851s] Level 1:colcon.colcon_core.package_identification:_identify(log) by extension 'ignore'
[0.851s] Level 1:colcon.colcon_core.package_identification:_identify(log) ignored
[0.851s] Level 1:colcon.colcon_core.package_identification:_identify(my_pkg) by extensions ['ignore', 'ignore_ament_install']
[0.852s] Level 1:colcon.colcon_core.package_identification:_identify(my_pkg) by extension 'ignore'
[0.852s] Level 1:colcon.colcon_core.package_identification:_identify(my_pkg) by extension 'ignore_ament_install'
[0.852s] Level 1:colcon.colcon_core.package_identification:_identify(my_pkg) by extensions ['colcon_pkg']
[0.852s] Level 1:colcon.colcon_core.package_identification:_identify(my_pkg) by extension 'colcon_pkg'
[0.852s] Level 1:colcon.colcon_core.package_identification:_identify(my_pkg) by extensions ['colcon_meta']
[0.852s] Level 1:colcon.colcon_core.package_identification:_identify(my_pkg) by extension 'colcon_meta'
[0.852s] Level 1:colcon.colcon_core.package_identification:_identify(my_pkg) by extensions ['ros']
[0.852s] Level 1:colcon.colcon_core.package_identification:_identify(my_pkg) by extension 'ros'
[0.854s] DEBUG:colcon.colcon_core.package_identification:Package 'my_pkg' with type 'ros.ament_python' and name 'my_pkg'
[0.854s] Level 1:colcon.colcon_core.package_discovery:discover_packages(recursive) using defaults
[0.854s] Level 1:colcon.colcon_core.package_discovery:discover_packages(ignore) discover
[0.854s] Level 1:colcon.colcon_core.package_discovery:discover_packages(ignore) using defaults
[0.855s] Level 1:colcon.colcon_core.package_discovery:discover_packages(path) discover
[0.855s] Level 1:colcon.colcon_core.package_discovery:discover_packages(path) using defaults
[0.929s] INFO:colcon.colcon_core.package_selection:Skipping not selected package 'explore_lite' in 'explore'
[0.930s] Level 1:colcon.colcon_core.package_discovery:discover_packages(prefix_path) check parameters
[0.930s] Level 1:colcon.colcon_core.package_discovery:discover_packages(prefix_path) discover
[0.954s] DEBUG:colcon.colcon_installed_package_information.package_discovery:Found 2 installed packages in /home/haocheng/Rosbot_workspace/install
[0.955s] DEBUG:colcon.colcon_installed_package_information.package_discovery:Found 4 installed packages in /home/haocheng/aiil_workspace/humble_workspace/install
[0.965s] DEBUG:colcon.colcon_installed_package_information.package_discovery:Found 345 installed packages in /home/haocheng/ros2_humble/install
[0.969s] DEBUG:colcon.colcon_installed_package_information.package_discovery:Found 9 installed packages in /home/haocheng/humble_ws/install
[0.971s] DEBUG:colcon.colcon_installed_package_information.package_discovery:Found 264 installed packages in /opt/ros/humble
[0.981s] Level 1:colcon.colcon_core.package_discovery:discover_packages(prefix_path) using defaults
[1.059s] Level 5:colcon.colcon_core.verb:set package 'my_pkg' build argument 'cmake_args' from command line to 'None'
[1.059s] Level 5:colcon.colcon_core.verb:set package 'my_pkg' build argument 'cmake_target' from command line to 'None'
[1.059s] Level 5:colcon.colcon_core.verb:set package 'my_pkg' build argument 'cmake_target_skip_unavailable' from command line to 'False'
[1.060s] Level 5:colcon.colcon_core.verb:set package 'my_pkg' build argument 'cmake_clean_cache' from command line to 'False'
[1.060s] Level 5:colcon.colcon_core.verb:set package 'my_pkg' build argument 'cmake_clean_first' from command line to 'False'
[1.060s] Level 5:colcon.colcon_core.verb:set package 'my_pkg' build argument 'cmake_force_configure' from command line to 'False'
[1.060s] Level 5:colcon.colcon_core.verb:set package 'my_pkg' build argument 'ament_cmake_args' from command line to 'None'
[1.060s] Level 5:colcon.colcon_core.verb:set package 'my_pkg' build argument 'catkin_cmake_args' from command line to 'None'
[1.060s] Level 5:colcon.colcon_core.verb:set package 'my_pkg' build argument 'catkin_skip_building_tests' from command line to 'False'
[1.060s] DEBUG:colcon.colcon_core.verb:Building package 'my_pkg' with the following arguments: {'ament_cmake_args': None, 'build_base': '/home/haocheng/Rosbot_workspace/src/build/my_pkg', 'catkin_cmake_args': None, 'catkin_skip_building_tests': False, 'cmake_args': None, 'cmake_clean_cache': False, 'cmake_clean_first': False, 'cmake_force_configure': False, 'cmake_target': None, 'cmake_target_skip_unavailable': False, 'install_base': '/home/haocheng/Rosbot_workspace/src/install/my_pkg', 'merge_install': False, 'path': '/home/haocheng/Rosbot_workspace/src/my_pkg', 'symlink_install': True, 'test_result_base': None}
[1.060s] INFO:colcon.colcon_core.executor:Executing jobs using 'parallel' executor
[1.062s] DEBUG:colcon.colcon_parallel_executor.executor.parallel:run_until_complete
[1.062s] INFO:colcon.colcon_ros.task.ament_python.build:Building ROS package in '/home/haocheng/Rosbot_workspace/src/my_pkg' with build type 'ament_python'
[1.062s] Level 1:colcon.colcon_core.shell:create_environment_hook('my_pkg', 'ament_prefix_path')
[1.072s] INFO:colcon.colcon_core.plugin_system:Skipping extension 'colcon_core.shell.bat': Not used on non-Windows systems
[1.072s] INFO:colcon.colcon_core.shell:Creating environment hook '/home/haocheng/Rosbot_workspace/src/install/my_pkg/share/my_pkg/hook/ament_prefix_path.ps1'
[1.073s] INFO:colcon.colcon_core.shell:Creating environment descriptor '/home/haocheng/Rosbot_workspace/src/install/my_pkg/share/my_pkg/hook/ament_prefix_path.dsv'
[1.074s] INFO:colcon.colcon_core.shell:Creating environment hook '/home/haocheng/Rosbot_workspace/src/install/my_pkg/share/my_pkg/hook/ament_prefix_path.sh'
[1.075s] INFO:colcon.colcon_core.shell:Skip shell extension 'powershell' for command environment: Not usable outside of PowerShell
[1.075s] DEBUG:colcon.colcon_core.shell:Skip shell extension 'dsv' for command environment
[2.061s] INFO:colcon.colcon_core.task.python.build:Building Python package in '/home/haocheng/Rosbot_workspace/src/my_pkg'
[2.061s] INFO:colcon.colcon_core.shell:Skip shell extension 'powershell' for command environment: Not usable outside of PowerShell
[2.062s] DEBUG:colcon.colcon_core.shell:Skip shell extension 'dsv' for command environment
[3.432s] DEBUG:colcon.colcon_core.event_handler.log_command:Invoking command in '/home/haocheng/Rosbot_workspace/src/build/my_pkg': PYTHONPATH=/home/haocheng/Rosbot_workspace/src/build/my_pkg/prefix_override:/home/haocheng/Rosbot_workspace/src/install/my_pkg/lib/python3.10/site-packages:${PYTHONPATH} /usr/bin/python3 -W ignore:setup.py install is deprecated setup.py develop --editable --build-directory /home/haocheng/Rosbot_workspace/src/build/my_pkg/build --no-deps symlink_data
[5.145s] Level 1:colcon.colcon_core.shell:create_environment_hook('my_pkg', 'pythonpath_develop')
[5.148s] INFO:colcon.colcon_core.shell:Creating environment hook '/home/haocheng/Rosbot_workspace/src/build/my_pkg/share/my_pkg/hook/pythonpath_develop.ps1'
[5.146s] DEBUG:colcon.colcon_core.event_handler.log_command:Invoked command in '/home/haocheng/Rosbot_workspace/src/build/my_pkg' returned '0': PYTHONPATH=/home/haocheng/Rosbot_workspace/src/build/my_pkg/prefix_override:/home/haocheng/Rosbot_workspace/src/install/my_pkg/lib/python3.10/site-packages:${PYTHONPATH} /usr/bin/python3 -W ignore:setup.py install is deprecated setup.py develop --editable --build-directory /home/haocheng/Rosbot_workspace/src/build/my_pkg/build --no-deps symlink_data
[5.150s] INFO:colcon.colcon_core.shell:Creating environment descriptor '/home/haocheng/Rosbot_workspace/src/build/my_pkg/share/my_pkg/hook/pythonpath_develop.dsv'
[5.151s] INFO:colcon.colcon_core.shell:Creating environment hook '/home/haocheng/Rosbot_workspace/src/build/my_pkg/share/my_pkg/hook/pythonpath_develop.sh'
[5.161s] Level 1:colcon.colcon_core.environment:checking '/home/haocheng/Rosbot_workspace/src/install/my_pkg' for CMake module files
[5.161s] Level 1:colcon.colcon_core.environment:checking '/home/haocheng/Rosbot_workspace/src/install/my_pkg' for CMake config files
[5.162s] Level 1:colcon.colcon_core.environment:checking '/home/haocheng/Rosbot_workspace/src/install/my_pkg/lib'
[5.162s] Level 1:colcon.colcon_core.environment:checking '/home/haocheng/Rosbot_workspace/src/install/my_pkg/bin'
[5.162s] Level 1:colcon.colcon_core.environment:checking '/home/haocheng/Rosbot_workspace/src/install/my_pkg/lib/pkgconfig/my_pkg.pc'
[5.163s] Level 1:colcon.colcon_core.environment:checking '/home/haocheng/Rosbot_workspace/src/install/my_pkg/lib/python3.10/site-packages'
[5.163s] Level 1:colcon.colcon_core.shell:create_environment_hook('my_pkg', 'pythonpath')
[5.163s] INFO:colcon.colcon_core.shell:Creating environment hook '/home/haocheng/Rosbot_workspace/src/install/my_pkg/share/my_pkg/hook/pythonpath.ps1'
[5.163s] INFO:colcon.colcon_core.shell:Creating environment descriptor '/home/haocheng/Rosbot_workspace/src/install/my_pkg/share/my_pkg/hook/pythonpath.dsv'
[5.164s] INFO:colcon.colcon_core.shell:Creating environment hook '/home/haocheng/Rosbot_workspace/src/install/my_pkg/share/my_pkg/hook/pythonpath.sh'
[5.164s] Level 1:colcon.colcon_core.environment:checking '/home/haocheng/Rosbot_workspace/src/install/my_pkg/bin'
[5.164s] Level 1:colcon.colcon_core.environment:create_environment_scripts_only(my_pkg)
[5.165s] INFO:colcon.colcon_core.shell:Creating package script '/home/haocheng/Rosbot_workspace/src/install/my_pkg/share/my_pkg/package.ps1'
[5.166s] INFO:colcon.colcon_core.shell:Creating package descriptor '/home/haocheng/Rosbot_workspace/src/install/my_pkg/share/my_pkg/package.dsv'
[5.166s] INFO:colcon.colcon_core.shell:Creating package script '/home/haocheng/Rosbot_workspace/src/install/my_pkg/share/my_pkg/package.sh'
[5.167s] INFO:colcon.colcon_core.shell:Creating package script '/home/haocheng/Rosbot_workspace/src/install/my_pkg/share/my_pkg/package.bash'
[5.167s] INFO:colcon.colcon_core.shell:Creating package script '/home/haocheng/Rosbot_workspace/src/install/my_pkg/share/my_pkg/package.zsh'
[5.168s] Level 1:colcon.colcon_core.environment:create_file_with_runtime_dependencies(/home/haocheng/Rosbot_workspace/src/install/my_pkg/share/colcon-core/packages/my_pkg)
[5.169s] DEBUG:colcon.colcon_parallel_executor.executor.parallel:closing loop
[5.170s] DEBUG:colcon.colcon_parallel_executor.executor.parallel:loop closed
[5.170s] DEBUG:colcon.colcon_parallel_executor.executor.parallel:run_until_complete finished with '0'
[5.170s] DEBUG:colcon.colcon_core.event_reactor:joining thread
[5.192s] INFO:colcon.colcon_core.plugin_system:Skipping extension 'colcon_notification.desktop_notification.terminal_notifier': Not used on non-Darwin systems
[5.192s] INFO:colcon.colcon_core.plugin_system:Skipping extension 'colcon_notification.desktop_notification.win32': Not used on non-Windows systems
[5.192s] INFO:colcon.colcon_notification.desktop_notification:Sending desktop notification using 'notify2'
[5.211s] DEBUG:colcon.colcon_core.event_reactor:joined thread
[5.211s] INFO:colcon.colcon_core.shell:Creating prefix script '/home/haocheng/Rosbot_workspace/src/install/local_setup.ps1'
[5.213s] INFO:colcon.colcon_core.shell:Creating prefix util module '/home/haocheng/Rosbot_workspace/src/install/_local_setup_util_ps1.py'
[5.215s] INFO:colcon.colcon_core.shell:Creating prefix chain script '/home/haocheng/Rosbot_workspace/src/install/setup.ps1'
[5.237s] INFO:colcon.colcon_core.shell:Creating prefix script '/home/haocheng/Rosbot_workspace/src/install/local_setup.sh'
[5.238s] INFO:colcon.colcon_core.shell:Creating prefix util module '/home/haocheng/Rosbot_workspace/src/install/_local_setup_util_sh.py'
[5.238s] INFO:colcon.colcon_core.shell:Creating prefix chain script '/home/haocheng/Rosbot_workspace/src/install/setup.sh'
[5.270s] INFO:colcon.colcon_core.shell:Creating prefix script '/home/haocheng/Rosbot_workspace/src/install/local_setup.bash'
[5.270s] INFO:colcon.colcon_core.shell:Creating prefix chain script '/home/haocheng/Rosbot_workspace/src/install/setup.bash'
[5.295s] INFO:colcon.colcon_core.shell:Creating prefix script '/home/haocheng/Rosbot_workspace/src/install/local_setup.zsh'
[5.295s] INFO:colcon.colcon_core.shell:Creating prefix chain script '/home/haocheng/Rosbot_workspace/src/install/setup.zsh'
