[1.842s] Invoking command in '/home/haocheng/Rosbot_workspace/src/my_pkg': PYTHONPATH=/home/haocheng/Rosbot_workspace/build/my_pkg/prefix_override:/home/haocheng/Rosbot_workspace/install/my_pkg/lib/python3.10/site-packages:${PYTHONPATH} /usr/bin/python3 -W ignore:setup.py install is deprecated setup.py egg_info --egg-base ../../build/my_pkg build --build-base /home/haocheng/Rosbot_workspace/build/my_pkg/build install --record /home/haocheng/Rosbot_workspace/build/my_pkg/install.log --single-version-externally-managed install_data
[2.311s] running egg_info
[2.311s] creating ../../build/my_pkg/my_pkg.egg-info
[2.312s] writing ../../build/my_pkg/my_pkg.egg-info/PKG-INFO
[2.312s] writing dependency_links to ../../build/my_pkg/my_pkg.egg-info/dependency_links.txt
[2.312s] writing entry points to ../../build/my_pkg/my_pkg.egg-info/entry_points.txt
[2.312s] writing requirements to ../../build/my_pkg/my_pkg.egg-info/requires.txt
[2.312s] writing top-level names to ../../build/my_pkg/my_pkg.egg-info/top_level.txt
[2.312s] writing manifest file '../../build/my_pkg/my_pkg.egg-info/SOURCES.txt'
[2.314s] reading manifest file '../../build/my_pkg/my_pkg.egg-info/SOURCES.txt'
[2.315s] writing manifest file '../../build/my_pkg/my_pkg.egg-info/SOURCES.txt'
[2.315s] running build
[2.315s] running build_py
[2.315s] creating /home/haocheng/Rosbot_workspace/build/my_pkg/build
[2.315s] creating /home/haocheng/Rosbot_workspace/build/my_pkg/build/lib
[2.315s] creating /home/haocheng/Rosbot_workspace/build/my_pkg/build/lib/my_pkg
[2.315s] copying my_pkg/marker_lib.py -> /home/haocheng/Rosbot_workspace/build/my_pkg/build/lib/my_pkg
[2.316s] copying my_pkg/__init__.py -> /home/haocheng/Rosbot_workspace/build/my_pkg/build/lib/my_pkg
[2.316s] copying my_pkg/rotate_robot.py -> /home/haocheng/Rosbot_workspace/build/my_pkg/build/lib/my_pkg
[2.316s] copying my_pkg/image_localizer.py -> /home/haocheng/Rosbot_workspace/build/my_pkg/build/lib/my_pkg
[2.316s] copying my_pkg/position_dectection.py -> /home/haocheng/Rosbot_workspace/build/my_pkg/build/lib/my_pkg
[2.316s] running install
[2.316s] running install_lib
[2.317s] creating /home/haocheng/Rosbot_workspace/install/my_pkg/lib/python3.10/site-packages/my_pkg
[2.318s] copying /home/haocheng/Rosbot_workspace/build/my_pkg/build/lib/my_pkg/marker_lib.py -> /home/haocheng/Rosbot_workspace/install/my_pkg/lib/python3.10/site-packages/my_pkg
[2.318s] copying /home/haocheng/Rosbot_workspace/build/my_pkg/build/lib/my_pkg/__init__.py -> /home/haocheng/Rosbot_workspace/install/my_pkg/lib/python3.10/site-packages/my_pkg
[2.318s] copying /home/haocheng/Rosbot_workspace/build/my_pkg/build/lib/my_pkg/rotate_robot.py -> /home/haocheng/Rosbot_workspace/install/my_pkg/lib/python3.10/site-packages/my_pkg
[2.318s] copying /home/haocheng/Rosbot_workspace/build/my_pkg/build/lib/my_pkg/image_localizer.py -> /home/haocheng/Rosbot_workspace/install/my_pkg/lib/python3.10/site-packages/my_pkg
[2.318s] copying /home/haocheng/Rosbot_workspace/build/my_pkg/build/lib/my_pkg/position_dectection.py -> /home/haocheng/Rosbot_workspace/install/my_pkg/lib/python3.10/site-packages/my_pkg
[2.322s] byte-compiling /home/haocheng/Rosbot_workspace/install/my_pkg/lib/python3.10/site-packages/my_pkg/marker_lib.py to marker_lib.cpython-310.pyc
[2.322s] byte-compiling /home/haocheng/Rosbot_workspace/install/my_pkg/lib/python3.10/site-packages/my_pkg/__init__.py to __init__.cpython-310.pyc
[2.322s] byte-compiling /home/haocheng/Rosbot_workspace/install/my_pkg/lib/python3.10/site-packages/my_pkg/rotate_robot.py to rotate_robot.cpython-310.pyc
[2.323s] byte-compiling /home/haocheng/Rosbot_workspace/install/my_pkg/lib/python3.10/site-packages/my_pkg/image_localizer.py to image_localizer.cpython-310.pyc
[2.324s] byte-compiling /home/haocheng/Rosbot_workspace/install/my_pkg/lib/python3.10/site-packages/my_pkg/position_dectection.py to position_dectection.cpython-310.pyc
[2.325s] running install_data
[2.325s] creating /home/haocheng/Rosbot_workspace/install/my_pkg/share/ament_index
[2.325s] creating /home/haocheng/Rosbot_workspace/install/my_pkg/share/ament_index/resource_index
[2.325s] creating /home/haocheng/Rosbot_workspace/install/my_pkg/share/ament_index/resource_index/packages
[2.325s] copying resource/my_pkg -> /home/haocheng/Rosbot_workspace/install/my_pkg/share/ament_index/resource_index/packages
[2.325s] copying package.xml -> /home/haocheng/Rosbot_workspace/install/my_pkg/share/my_pkg
[2.326s] creating /home/haocheng/Rosbot_workspace/install/my_pkg/share/my_pkg/launch
[2.326s] copying launch/my_pkg.launch.py -> /home/haocheng/Rosbot_workspace/install/my_pkg/share/my_pkg/launch
[2.326s] running install_egg_info
[2.331s] Copying ../../build/my_pkg/my_pkg.egg-info to /home/haocheng/Rosbot_workspace/install/my_pkg/lib/python3.10/site-packages/my_pkg-0.0.0-py3.10.egg-info
[2.331s] running install_scripts
[2.371s] Installing image_localizer script to /home/haocheng/Rosbot_workspace/install/my_pkg/lib/my_pkg
[2.371s] Installing position_detection script to /home/haocheng/Rosbot_workspace/install/my_pkg/lib/my_pkg
[2.371s] Installing rotate_robot script to /home/haocheng/Rosbot_workspace/install/my_pkg/lib/my_pkg
[2.371s] writing list of installed files to '/home/haocheng/Rosbot_workspace/build/my_pkg/install.log'
[2.408s] Invoked command in '/home/haocheng/Rosbot_workspace/src/my_pkg' returned '0': PYTHONPATH=/home/haocheng/Rosbot_workspace/build/my_pkg/prefix_override:/home/haocheng/Rosbot_workspace/install/my_pkg/lib/python3.10/site-packages:${PYTHONPATH} /usr/bin/python3 -W ignore:setup.py install is deprecated setup.py egg_info --egg-base ../../build/my_pkg build --build-base /home/haocheng/Rosbot_workspace/build/my_pkg/build install --record /home/haocheng/Rosbot_workspace/build/my_pkg/install.log --single-version-externally-managed install_data
