-- The C compiler identification is GNU 11.4.0
-- The CXX compiler identification is GNU 11.4.0
-- Detecting C compiler ABI info
-- Detecting C compiler ABI info - done
-- Check for working C compiler: /usr/bin/cc - skipped
-- Detecting C compile features
-- Detecting C compile features - done
-- Detecting CXX compiler ABI info
-- Detecting CXX compiler ABI info - done
-- Check for working CXX compiler: /usr/bin/c++ - skipped
-- Detecting CXX compile features
-- Detecting CXX compile features - done
-- BuilD for ROS2: humble
-- Found ament_cmake: 1.3.8 (/home/haocheng/ros2_humble/install/ament_cmake/share/ament_cmake/cmake)
-- Found Python3: /usr/bin/python3 (found version "3.10.12") found components: Interpreter 
-- Found rclcpp: 16.0.8 (/home/haocheng/ros2_humble/install/rclcpp/share/rclcpp/cmake)
-- Found rosidl_generator_c: 3.1.5 (/home/haocheng/ros2_humble/install/rosidl_generator_c/share/rosidl_generator_c/cmake)
-- Found rosidl_adapter: 3.1.5 (/home/haocheng/ros2_humble/install/rosidl_adapter/share/rosidl_adapter/cmake)
-- Found rosidl_generator_cpp: 3.1.5 (/home/haocheng/ros2_humble/install/rosidl_generator_cpp/share/rosidl_generator_cpp/cmake)
-- Using all available rosidl_typesupport_c: rosidl_typesupport_fastrtps_c;rosidl_typesupport_introspection_c
-- Using all available rosidl_typesupport_cpp: rosidl_typesupport_fastrtps_cpp;rosidl_typesupport_introspection_cpp
-- Found rmw_implementation_cmake: 6.1.1 (/home/haocheng/ros2_humble/install/rmw_implementation_cmake/share/rmw_implementation_cmake/cmake)
-- Found rmw_fastrtps_cpp: 6.2.6 (/home/haocheng/ros2_humble/install/rmw_fastrtps_cpp/share/rmw_fastrtps_cpp/cmake)
-- Found OpenSSL: /usr/lib/x86_64-linux-gnu/libcrypto.so (found version "3.0.2")  
-- Found FastRTPS: /home/haocheng/ros2_humble/install/fastrtps/include  
-- Using RMW implementation 'rmw_fastrtps_cpp' as default
-- Looking for pthread.h
-- Looking for pthread.h - found
-- Performing Test CMAKE_HAVE_LIBC_PTHREAD
-- Performing Test CMAKE_HAVE_LIBC_PTHREAD - Success
-- Found Threads: TRUE  
-- Found sensor_msgs: 4.2.3 (/home/haocheng/ros2_humble/install/sensor_msgs/share/sensor_msgs/cmake)
-- Found tf2_ros: 0.25.6 (/home/haocheng/ros2_humble/install/tf2_ros/share/tf2_ros/cmake)
-- Found tf2_geometry_msgs: 0.25.6 (/home/haocheng/ros2_humble/install/tf2_geometry_msgs/share/tf2_geometry_msgs/cmake)
-- Found eigen3_cmake_module: 0.1.1 (/home/haocheng/ros2_humble/install/eigen3_cmake_module/share/eigen3_cmake_module/cmake)
-- Found Eigen3: TRUE (found version "3.4.0") 
-- Ensuring Eigen3 include directory is part of orocos-kdl CMake target
-- Found nav2_msgs: 1.1.14 (/opt/ros/humble/share/nav2_msgs/cmake)
-- Found map_msgs: 2.1.0 (/home/haocheng/ros2_humble/install/map_msgs/share/map_msgs/cmake)
-- Found visualization_msgs: 4.2.3 (/home/haocheng/ros2_humble/install/visualization_msgs/share/visualization_msgs/cmake)
-- Found nav2_costmap_2d: 1.1.14 (/opt/ros/humble/share/nav2_costmap_2d/cmake)
-- Found ament_lint_auto: 0.12.10 (/home/haocheng/ros2_humble/install/ament_lint_auto/share/ament_lint_auto/cmake)
-- Found ament_cmake_gtest: 1.3.8 (/home/haocheng/ros2_humble/install/ament_cmake_gtest/share/ament_cmake_gtest/cmake)
-- Found gtest sources under '/home/haocheng/ros2_humble/install/gtest_vendor/src/gtest_vendor': C++ tests using 'Google Test' will be built
-- Added test 'cppcheck' to perform static code analysis on C / C++ code
-- Configured cppcheck include dirs: /home/haocheng/Rosbot_workspace/src/explore/include;$<BUILD_INTERFACE:/home/haocheng/Rosbot_workspace/src/explore/include>
-- Configured cppcheck exclude dirs and/or files: 
-- Added test 'flake8' to check Python code syntax and style conventions
-- Added test 'lint_cmake' to check CMake code style
-- Added test 'pep257' to check Python code against some of the docstring style conventions in PEP 257
-- Added test 'uncrustify' to check C / C++ code style
-- Configured uncrustify additional arguments: 
-- Added test 'xmllint' to check XML markup files
-- Configuring done
[33mCMake Warning at CMakeLists.txt:80 (add_executable):
  Cannot generate a safe runtime search path for target explore because there
  is a cycle in the constraint graph:

    dir 0 is [/home/haocheng/ros2_humble/install/rclcpp/lib]
      dir 20 must precede it due to runtime library [librclcpp.so]
    dir 1 is [/home/haocheng/ros2_humble/install/ament_index_cpp/lib]
    dir 2 is [/home/haocheng/ros2_humble/install/builtin_interfaces/lib]
      dir 20 must precede it due to runtime library [libbuiltin_interfaces__rosidl_generator_c.so]
    dir 3 is [/home/haocheng/ros2_humble/install/rosidl_typesupport_fastrtps_c/lib]
      dir 20 must precede it due to runtime library [librosidl_typesupport_fastrtps_c.so]
    dir 4 is [/home/haocheng/ros2_humble/install/rmw/lib]
      dir 20 must precede it due to runtime library [librmw.so]
    dir 5 is [/home/haocheng/ros2_humble/install/rosidl_typesupport_fastrtps_cpp/lib]
      dir 20 must precede it due to runtime library [librosidl_typesupport_fastrtps_cpp.so]
    dir 6 is [/home/haocheng/ros2_humble/install/rcutils/lib]
      dir 20 must precede it due to runtime library [librcutils.so]
    dir 7 is [/home/haocheng/ros2_humble/install/rcpputils/lib]
      dir 20 must precede it due to runtime library [librcpputils.so]
    dir 8 is [/home/haocheng/ros2_humble/install/rosidl_typesupport_c/lib]
      dir 20 must precede it due to runtime library [librosidl_typesupport_c.so]
    dir 9 is [/home/haocheng/ros2_humble/install/rosidl_typesupport_cpp/lib]
      dir 20 must precede it due to runtime library [librosidl_typesupport_cpp.so]
    dir 10 is [/home/haocheng/ros2_humble/install/rosidl_runtime_c/lib]
      dir 20 must precede it due to runtime library [librosidl_runtime_c.so]
    dir 11 is [/home/haocheng/ros2_humble/install/rosidl_typesupport_introspection_c/lib]
      dir 20 must precede it due to runtime library [librosidl_typesupport_introspection_c.so]
    dir 12 is [/home/haocheng/ros2_humble/install/rosidl_typesupport_introspection_cpp/lib]
      dir 20 must precede it due to runtime library [librosidl_typesupport_introspection_cpp.so]
    dir 13 is [/home/haocheng/ros2_humble/install/std_msgs/lib]
      dir 20 must precede it due to runtime library [libstd_msgs__rosidl_generator_c.so]
    dir 14 is [/home/haocheng/ros2_humble/install/libstatistics_collector/lib]
    dir 15 is [/home/haocheng/ros2_humble/install/rcl/lib]
      dir 20 must precede it due to runtime library [librcl.so]
    dir 16 is [/home/haocheng/ros2_humble/install/rosgraph_msgs/lib]
    dir 17 is [/home/haocheng/ros2_humble/install/rcl_yaml_param_parser/lib]
    dir 18 is [/home/haocheng/ros2_humble/install/statistics_msgs/lib]
    dir 19 is [/home/haocheng/ros2_humble/install/tracetools/lib]
      dir 20 must precede it due to runtime library [libtracetools.so]
    dir 20 is [/opt/ros/humble/lib]
      dir 0 must precede it due to runtime library [librclcpp.so]
      dir 1 must precede it due to runtime library [libament_index_cpp.so]
      dir 2 must precede it due to runtime library [libbuiltin_interfaces__rosidl_generator_c.so]
      dir 3 must precede it due to runtime library [librosidl_typesupport_fastrtps_c.so]
      dir 4 must precede it due to runtime library [librmw.so]
      dir 5 must precede it due to runtime library [librosidl_typesupport_fastrtps_cpp.so]
      dir 6 must precede it due to runtime library [librcutils.so]
      dir 7 must precede it due to runtime library [librcpputils.so]
      dir 8 must precede it due to runtime library [librosidl_typesupport_c.so]
      dir 9 must precede it due to runtime library [librosidl_typesupport_cpp.so]
      dir 10 must precede it due to runtime library [librosidl_runtime_c.so]
      dir 11 must precede it due to runtime library [librosidl_typesupport_introspection_c.so]
      dir 12 must precede it due to runtime library [librosidl_typesupport_introspection_cpp.so]
      dir 13 must precede it due to runtime library [libstd_msgs__rosidl_generator_c.so]
      dir 14 must precede it due to runtime library [liblibstatistics_collector.so]
      dir 15 must precede it due to runtime library [librcl.so]
      dir 16 must precede it due to runtime library [librosgraph_msgs__rosidl_generator_c.so]
      dir 17 must precede it due to runtime library [librcl_yaml_param_parser.so]
      dir 18 must precede it due to runtime library [libstatistics_msgs__rosidl_generator_c.so]
      dir 19 must precede it due to runtime library [libtracetools.so]
      dir 21 must precede it due to runtime library [libstatic_transform_broadcaster_node.so]
      dir 22 must precede it due to runtime library [libmap_msgs__rosidl_typesupport_fastrtps_c.so]
      dir 23 must precede it due to runtime library [libnav_msgs__rosidl_typesupport_fastrtps_c.so]
      dir 24 must precede it due to runtime library [libvisualization_msgs__rosidl_typesupport_fastrtps_c.so]
      dir 25 must precede it due to runtime library [libmessage_filters.so]
      dir 26 must precede it due to runtime library [librclcpp_action.so]
      dir 27 must precede it due to runtime library [libtf2_msgs__rosidl_typesupport_fastrtps_c.so]
      dir 28 must precede it due to runtime library [liblaser_geometry.so]
      dir 29 must precede it due to runtime library [libsensor_msgs__rosidl_typesupport_fastrtps_c.so]
      dir 30 must precede it due to runtime library [libtf2.so]
      dir 31 must precede it due to runtime library [libgeometry_msgs__rosidl_typesupport_fastrtps_c.so]
      dir 32 must precede it due to runtime library [libclass_loader.so]
      dir 33 must precede it due to runtime library [librclcpp_lifecycle.so]
      dir 34 must precede it due to runtime library [libstd_srvs__rosidl_typesupport_fastrtps_c.so]
      dir 35 must precede it due to runtime library [librcl_action.so]
      dir 36 must precede it due to runtime library [libaction_msgs__rosidl_typesupport_fastrtps_c.so]
      dir 37 must precede it due to runtime library [libunique_identifier_msgs__rosidl_typesupport_fastrtps_c.so]
      dir 38 must precede it due to runtime library [librcl_lifecycle.so]
      dir 39 must precede it due to runtime library [librcl_interfaces__rosidl_typesupport_fastrtps_c.so]
      dir 40 must precede it due to runtime library [libyaml.so]
      dir 41 must precede it due to runtime library [librmw_implementation.so]
      dir 42 must precede it due to runtime library [librcl_logging_spdlog.so]
      dir 43 must precede it due to runtime library [librcl_logging_interface.so]
      dir 44 must precede it due to runtime library [liblifecycle_msgs__rosidl_typesupport_fastrtps_c.so]
      dir 45 must precede it due to runtime library [libfastcdr.so.1]
    dir 21 is [/home/haocheng/ros2_humble/install/tf2_ros/lib]
      dir 20 must precede it due to runtime library [libtf2_ros.so]
    dir 22 is [/home/haocheng/ros2_humble/install/map_msgs/lib]
    dir 23 is [/home/haocheng/ros2_humble/install/nav_msgs/lib]
      dir 20 must precede it due to runtime library [libnav_msgs__rosidl_generator_c.so]
    dir 24 is [/home/haocheng/ros2_humble/install/visualization_msgs/lib]
    dir 25 is [/home/haocheng/ros2_humble/install/message_filters/lib]
    dir 26 is [/home/haocheng/ros2_humble/install/rclcpp_action/lib]
      dir 20 must precede it due to runtime library [librclcpp_action.so]
    dir 27 is [/home/haocheng/ros2_humble/install/tf2_msgs/lib]
      dir 20 must precede it due to runtime library [libtf2_msgs__rosidl_generator_c.so]
    dir 28 is [/home/haocheng/ros2_humble/install/laser_geometry/lib]
    dir 29 is [/home/haocheng/ros2_humble/install/sensor_msgs/lib]
      dir 20 must precede it due to runtime library [libsensor_msgs__rosidl_generator_c.so]
    dir 30 is [/home/haocheng/ros2_humble/install/tf2/lib]
      dir 20 must precede it due to runtime library [libtf2.so]
    dir 31 is [/home/haocheng/ros2_humble/install/geometry_msgs/lib]
      dir 20 must precede it due to runtime library [libgeometry_msgs__rosidl_generator_c.so]
    dir 32 is [/home/haocheng/ros2_humble/install/class_loader/lib]
    dir 33 is [/home/haocheng/ros2_humble/install/rclcpp_lifecycle/lib]
      dir 20 must precede it due to runtime library [librclcpp_lifecycle.so]
    dir 34 is [/home/haocheng/ros2_humble/install/std_srvs/lib]
    dir 35 is [/home/haocheng/ros2_humble/install/rcl_action/lib]
    dir 36 is [/home/haocheng/ros2_humble/install/action_msgs/lib]
      dir 20 must precede it due to runtime library [libaction_msgs__rosidl_generator_c.so]
    dir 37 is [/home/haocheng/ros2_humble/install/unique_identifier_msgs/lib]
    dir 38 is [/home/haocheng/ros2_humble/install/rcl_lifecycle/lib]
      dir 20 must precede it due to runtime library [librcl_lifecycle.so]
    dir 39 is [/home/haocheng/ros2_humble/install/rcl_interfaces/lib]
      dir 20 must precede it due to runtime library [librcl_interfaces__rosidl_generator_c.so]
    dir 40 is [/home/haocheng/ros2_humble/install/libyaml_vendor/lib]
    dir 41 is [/home/haocheng/ros2_humble/install/rmw_implementation/lib]
    dir 42 is [/home/haocheng/ros2_humble/install/rcl_logging_spdlog/lib]
    dir 43 is [/home/haocheng/ros2_humble/install/rcl_logging_interface/lib]
    dir 44 is [/home/haocheng/ros2_humble/install/lifecycle_msgs/lib]
      dir 20 must precede it due to runtime library [liblifecycle_msgs__rosidl_generator_c.so]
    dir 45 is [/home/haocheng/ros2_humble/install/fastcdr/lib]

  Some of these libraries may not be found correctly.

[0m
[33mCMake Warning at /home/haocheng/ros2_humble/install/ament_cmake_gtest/share/ament_cmake_gtest/cmake/ament_add_gtest_executable.cmake:50 (add_executable):
  Cannot generate a safe runtime search path for target test_explore because
  there is a cycle in the constraint graph:

    dir 0 is [/opt/ros/humble/lib]
      dir 1 must precede it due to runtime library [libstatic_transform_broadcaster_node.so]
      dir 2 must precede it due to runtime library [libmap_msgs__rosidl_typesupport_fastrtps_c.so]
      dir 3 must precede it due to runtime library [libnav_msgs__rosidl_typesupport_fastrtps_c.so]
      dir 4 must precede it due to runtime library [libvisualization_msgs__rosidl_typesupport_fastrtps_c.so]
      dir 5 must precede it due to runtime library [libmessage_filters.so]
      dir 6 must precede it due to runtime library [librclcpp_action.so]
      dir 7 must precede it due to runtime library [libtf2_msgs__rosidl_typesupport_fastrtps_c.so]
      dir 8 must precede it due to runtime library [liblaser_geometry.so]
      dir 9 must precede it due to runtime library [libsensor_msgs__rosidl_typesupport_fastrtps_c.so]
      dir 10 must precede it due to runtime library [libtf2.so]
      dir 11 must precede it due to runtime library [libgeometry_msgs__rosidl_typesupport_fastrtps_c.so]
      dir 12 must precede it due to runtime library [libstd_msgs__rosidl_typesupport_fastrtps_c.so]
      dir 13 must precede it due to runtime library [libclass_loader.so]
      dir 14 must precede it due to runtime library [librclcpp_lifecycle.so]
      dir 15 must precede it due to runtime library [librclcpp.so]
      dir 16 must precede it due to runtime library [liblibstatistics_collector.so]
      dir 17 must precede it due to runtime library [librosgraph_msgs__rosidl_typesupport_fastrtps_c.so]
      dir 18 must precede it due to runtime library [libstatistics_msgs__rosidl_typesupport_fastrtps_c.so]
      dir 19 must precede it due to runtime library [libstd_srvs__rosidl_typesupport_fastrtps_c.so]
      dir 20 must precede it due to runtime library [librcl_action.so]
      dir 21 must precede it due to runtime library [libaction_msgs__rosidl_typesupport_fastrtps_c.so]
      dir 22 must precede it due to runtime library [libunique_identifier_msgs__rosidl_typesupport_fastrtps_c.so]
      dir 23 must precede it due to runtime library [librcl_lifecycle.so]
      dir 24 must precede it due to runtime library [librcl.so]
      dir 25 must precede it due to runtime library [librcl_interfaces__rosidl_typesupport_fastrtps_c.so]
      dir 26 must precede it due to runtime library [libbuiltin_interfaces__rosidl_typesupport_fastrtps_c.so]
      dir 27 must precede it due to runtime library [librcl_yaml_param_parser.so]
      dir 28 must precede it due to runtime library [libyaml.so]
      dir 29 must precede it due to runtime library [librmw_implementation.so]
      dir 30 must precede it due to runtime library [libament_index_cpp.so]
      dir 31 must precede it due to runtime library [librcl_logging_spdlog.so]
      dir 32 must precede it due to runtime library [librcl_logging_interface.so]
      dir 33 must precede it due to runtime library [libtracetools.so]
      dir 34 must precede it due to runtime library [liblifecycle_msgs__rosidl_typesupport_fastrtps_c.so]
      dir 35 must precede it due to runtime library [librosidl_typesupport_fastrtps_c.so]
      dir 36 must precede it due to runtime library [librosidl_typesupport_fastrtps_cpp.so]
      dir 37 must precede it due to runtime library [libfastcdr.so.1]
      dir 38 must precede it due to runtime library [librmw.so]
      dir 39 must precede it due to runtime library [librosidl_typesupport_introspection_cpp.so]
      dir 40 must precede it due to runtime library [librosidl_typesupport_introspection_c.so]
      dir 41 must precede it due to runtime library [librosidl_typesupport_cpp.so]
      dir 42 must precede it due to runtime library [librosidl_typesupport_c.so]
      dir 43 must precede it due to runtime library [librcpputils.so]
      dir 44 must precede it due to runtime library [librosidl_runtime_c.so]
      dir 45 must precede it due to runtime library [librcutils.so]
    dir 1 is [/home/haocheng/ros2_humble/install/tf2_ros/lib]
      dir 0 must precede it due to runtime library [libtf2_ros.so]
    dir 2 is [/home/haocheng/ros2_humble/install/map_msgs/lib]
    dir 3 is [/home/haocheng/ros2_humble/install/nav_msgs/lib]
      dir 0 must precede it due to runtime library [libnav_msgs__rosidl_generator_c.so]
    dir 4 is [/home/haocheng/ros2_humble/install/visualization_msgs/lib]
    dir 5 is [/home/haocheng/ros2_humble/install/message_filters/lib]
    dir 6 is [/home/haocheng/ros2_humble/install/rclcpp_action/lib]
      dir 0 must precede it due to runtime library [librclcpp_action.so]
    dir 7 is [/home/haocheng/ros2_humble/install/tf2_msgs/lib]
      dir 0 must precede it due to runtime library [libtf2_msgs__rosidl_generator_c.so]
    dir 8 is [/home/haocheng/ros2_humble/install/laser_geometry/lib]
    dir 9 is [/home/haocheng/ros2_humble/install/sensor_msgs/lib]
      dir 0 must precede it due to runtime library [libsensor_msgs__rosidl_generator_c.so]
    dir 10 is [/home/haocheng/ros2_humble/install/tf2/lib]
      dir 0 must precede it due to runtime library [libtf2.so]
    dir 11 is [/home/haocheng/ros2_humble/install/geometry_msgs/lib]
      dir 0 must precede it due to runtime library [libgeometry_msgs__rosidl_generator_c.so]
    dir 12 is [/home/haocheng/ros2_humble/install/std_msgs/lib]
      dir 0 must precede it due to runtime library [libstd_msgs__rosidl_generator_c.so]
    dir 13 is [/home/haocheng/ros2_humble/install/class_loader/lib]
    dir 14 is [/home/haocheng/ros2_humble/install/rclcpp_lifecycle/lib]
      dir 0 must precede it due to runtime library [librclcpp_lifecycle.so]
    dir 15 is [/home/haocheng/ros2_humble/install/rclcpp/lib]
      dir 0 must precede it due to runtime library [librclcpp.so]
    dir 16 is [/home/haocheng/ros2_humble/install/libstatistics_collector/lib]
    dir 17 is [/home/haocheng/ros2_humble/install/rosgraph_msgs/lib]
    dir 18 is [/home/haocheng/ros2_humble/install/statistics_msgs/lib]
    dir 19 is [/home/haocheng/ros2_humble/install/std_srvs/lib]
    dir 20 is [/home/haocheng/ros2_humble/install/rcl_action/lib]
    dir 21 is [/home/haocheng/ros2_humble/install/action_msgs/lib]
      dir 0 must precede it due to runtime library [libaction_msgs__rosidl_generator_c.so]
    dir 22 is [/home/haocheng/ros2_humble/install/unique_identifier_msgs/lib]
    dir 23 is [/home/haocheng/ros2_humble/install/rcl_lifecycle/lib]
      dir 0 must precede it due to runtime library [librcl_lifecycle.so]
    dir 24 is [/home/haocheng/ros2_humble/install/rcl/lib]
      dir 0 must precede it due to runtime library [librcl.so]
    dir 25 is [/home/haocheng/ros2_humble/install/rcl_interfaces/lib]
      dir 0 must precede it due to runtime library [librcl_interfaces__rosidl_generator_c.so]
    dir 26 is [/home/haocheng/ros2_humble/install/builtin_interfaces/lib]
      dir 0 must precede it due to runtime library [libbuiltin_interfaces__rosidl_generator_c.so]
    dir 27 is [/home/haocheng/ros2_humble/install/rcl_yaml_param_parser/lib]
    dir 28 is [/home/haocheng/ros2_humble/install/libyaml_vendor/lib]
    dir 29 is [/home/haocheng/ros2_humble/install/rmw_implementation/lib]
    dir 30 is [/home/haocheng/ros2_humble/install/ament_index_cpp/lib]
    dir 31 is [/home/haocheng/ros2_humble/install/rcl_logging_spdlog/lib]
    dir 32 is [/home/haocheng/ros2_humble/install/rcl_logging_interface/lib]
    dir 33 is [/home/haocheng/ros2_humble/install/tracetools/lib]
      dir 0 must precede it due to runtime library [libtracetools.so]
    dir 34 is [/home/haocheng/ros2_humble/install/lifecycle_msgs/lib]
      dir 0 must precede it due to runtime library [liblifecycle_msgs__rosidl_generator_c.so]
    dir 35 is [/home/haocheng/ros2_humble/install/rosidl_typesupport_fastrtps_c/lib]
      dir 0 must precede it due to runtime library [librosidl_typesupport_fastrtps_c.so]
    dir 36 is [/home/haocheng/ros2_humble/install/rosidl_typesupport_fastrtps_cpp/lib]
      dir 0 must precede it due to runtime library [librosidl_typesupport_fastrtps_cpp.so]
    dir 37 is [/home/haocheng/ros2_humble/install/fastcdr/lib]
    dir 38 is [/home/haocheng/ros2_humble/install/rmw/lib]
      dir 0 must precede it due to runtime library [librmw.so]
    dir 39 is [/home/haocheng/ros2_humble/install/rosidl_typesupport_introspection_cpp/lib]
      dir 0 must precede it due to runtime library [librosidl_typesupport_introspection_cpp.so]
    dir 40 is [/home/haocheng/ros2_humble/install/rosidl_typesupport_introspection_c/lib]
      dir 0 must precede it due to runtime library [librosidl_typesupport_introspection_c.so]
    dir 41 is [/home/haocheng/ros2_humble/install/rosidl_typesupport_cpp/lib]
      dir 0 must precede it due to runtime library [librosidl_typesupport_cpp.so]
    dir 42 is [/home/haocheng/ros2_humble/install/rosidl_typesupport_c/lib]
      dir 0 must precede it due to runtime library [librosidl_typesupport_c.so]
    dir 43 is [/home/haocheng/ros2_humble/install/rcpputils/lib]
      dir 0 must precede it due to runtime library [librcpputils.so]
    dir 44 is [/home/haocheng/ros2_humble/install/rosidl_runtime_c/lib]
      dir 0 must precede it due to runtime library [librosidl_runtime_c.so]
    dir 45 is [/home/haocheng/ros2_humble/install/rcutils/lib]
      dir 0 must precede it due to runtime library [librcutils.so]

  Some of these libraries may not be found correctly.
Call Stack (most recent call first):
  /home/haocheng/ros2_humble/install/ament_cmake_gtest/share/ament_cmake_gtest/cmake/ament_add_gtest_executable.cmake:37 (_ament_add_gtest_executable)
  /home/haocheng/ros2_humble/install/ament_cmake_gtest/share/ament_cmake_gtest/cmake/ament_add_gtest.cmake:68 (ament_add_gtest_executable)
  CMakeLists.txt:112 (ament_add_gtest)

[0m
-- Generating done
-- Build files have been written to: /home/haocheng/Rosbot_workspace/build/explore_lite
[ 20%] [32mBuilding CXX object gtest/CMakeFiles/gtest.dir/src/gtest-all.cc.o[0m
[ 20%] [32mBuilding CXX object gtest/CMakeFiles/gtest_main.dir/src/gtest_main.cc.o[0m
[ 40%] [32mBuilding CXX object CMakeFiles/explore.dir/src/costmap_client.cpp.o[0m
[ 50%] [32mBuilding CXX object CMakeFiles/explore.dir/src/explore.cpp.o[0m
[ 50%] [32mBuilding CXX object CMakeFiles/explore.dir/src/frontier_search.cpp.o[0m
[ 60%] [32m[1mLinking CXX static library libgtest_main.a[0m
[ 60%] Built target gtest_main
[ 70%] [32m[1mLinking CXX static library libgtest.a[0m
[ 70%] Built target gtest
[ 80%] [32mBuilding CXX object CMakeFiles/test_explore.dir/test/test_explore.cpp.o[0m
[ 90%] [32m[1mLinking CXX executable test_explore[0m
[ 90%] Built target test_explore
[100%] [32m[1mLinking CXX executable explore[0m
[100%] Built target explore
-- Install configuration: ""
-- Installing: /home/haocheng/Rosbot_workspace/install/explore_lite/include/explore/
-- Installing: /home/haocheng/Rosbot_workspace/install/explore_lite/include/explore//explore.h
-- Installing: /home/haocheng/Rosbot_workspace/install/explore_lite/include/explore//costmap_tools.h
-- Installing: /home/haocheng/Rosbot_workspace/install/explore_lite/include/explore//frontier_search.h
-- Installing: /home/haocheng/Rosbot_workspace/install/explore_lite/include/explore//costmap_client.h
-- Installing: /home/haocheng/Rosbot_workspace/install/explore_lite/share/explore_lite/config
-- Installing: /home/haocheng/Rosbot_workspace/install/explore_lite/share/explore_lite/config/params.yaml
-- Installing: /home/haocheng/Rosbot_workspace/install/explore_lite/share/explore_lite/config/params_costmap.yaml
-- Installing: /home/haocheng/Rosbot_workspace/install/explore_lite/share/explore_lite/launch
-- Installing: /home/haocheng/Rosbot_workspace/install/explore_lite/share/explore_lite/launch/explore.launch.py
-- Installing: /home/haocheng/Rosbot_workspace/install/explore_lite/lib/explore_lite/explore
-- Set runtime path of "/home/haocheng/Rosbot_workspace/install/explore_lite/lib/explore_lite/explore" to ""
-- Installing: /home/haocheng/Rosbot_workspace/install/explore_lite/share/ament_index/resource_index/package_run_dependencies/explore_lite
-- Installing: /home/haocheng/Rosbot_workspace/install/explore_lite/share/ament_index/resource_index/parent_prefix_path/explore_lite
-- Installing: /home/haocheng/Rosbot_workspace/install/explore_lite/share/explore_lite/environment/ament_prefix_path.sh
-- Installing: /home/haocheng/Rosbot_workspace/install/explore_lite/share/explore_lite/environment/ament_prefix_path.dsv
-- Installing: /home/haocheng/Rosbot_workspace/install/explore_lite/share/explore_lite/environment/path.sh
-- Installing: /home/haocheng/Rosbot_workspace/install/explore_lite/share/explore_lite/environment/path.dsv
-- Installing: /home/haocheng/Rosbot_workspace/install/explore_lite/share/explore_lite/local_setup.bash
-- Installing: /home/haocheng/Rosbot_workspace/install/explore_lite/share/explore_lite/local_setup.sh
-- Installing: /home/haocheng/Rosbot_workspace/install/explore_lite/share/explore_lite/local_setup.zsh
-- Installing: /home/haocheng/Rosbot_workspace/install/explore_lite/share/explore_lite/local_setup.dsv
-- Installing: /home/haocheng/Rosbot_workspace/install/explore_lite/share/explore_lite/package.dsv
-- Installing: /home/haocheng/Rosbot_workspace/install/explore_lite/share/ament_index/resource_index/packages/explore_lite
-- Installing: /home/haocheng/Rosbot_workspace/install/explore_lite/share/explore_lite/cmake/ament_cmake_export_include_directories-extras.cmake
-- Installing: /home/haocheng/Rosbot_workspace/install/explore_lite/share/explore_lite/cmake/explore_liteConfig.cmake
-- Installing: /home/haocheng/Rosbot_workspace/install/explore_lite/share/explore_lite/cmake/explore_liteConfig-version.cmake
-- Installing: /home/haocheng/Rosbot_workspace/install/explore_lite/share/explore_lite/package.xml
