[0.090s] Invoking command in '/home/haocheng/Rosbot_workspace/build/explore_lite': CMAKE_PREFIX_PATH=${CMAKE_PREFIX_PATH}:/home/haocheng/Rosbot_workspace/src/install/my_pkg:/home/haocheng/Rosbot_workspace/install/my_pkg:/home/haocheng/humble_ws/install/testpkgfromW3:/home/haocheng/humble_ws/install/rosbot_utils:/home/haocheng/humble_ws/install/rosbot_gazebo:/home/haocheng/humble_ws/install/rosbot_bringup:/home/haocheng/humble_ws/install/rosbot_controller:/home/haocheng/humble_ws/install/pt2w3:/home/haocheng/aiil_workspace/humble_workspace/install/aiil_rosbot_demo:/home/haocheng/aiil_workspace/humble_workspace/install/aiil_gazebo:/opt/ros/humble:/home/haocheng/ros2_humble/install/rqt_bag_plugins:/home/haocheng/ros2_humble/install/rqt_bag:/home/haocheng/ros2_humble/install/ros2bag:/home/haocheng/ros2_humble/install/tracetools_test:/home/haocheng/ros2_humble/install/tracetools_launch:/home/haocheng/ros2_humble/install/topic_monitor:/home/haocheng/ros2_humble/install/tf2_tools:/home/haocheng/ros2_humble/install/examples_tf2_py:/home/haocheng/ros2_humble/install/tf2_ros_py:/home/haocheng/ros2_humble/install/sros2:/home/haocheng/ros2_humble/install/rqt_topic:/home/haocheng/ros2_humble/install/rqt_srv:/home/haocheng/ros2_humble/install/rqt_shell:/home/haocheng/ros2_humble/install/rqt_service_caller:/home/haocheng/ros2_humble/install/rqt_reconfigure:/home/haocheng/ros2_humble/install/rqt_py_console:/home/haocheng/ros2_humble/install/rqt_publisher:/home/haocheng/ros2_humble/install/rqt_plot:/home/haocheng/ros2_humble/install/rqt_action:/home/haocheng/ros2_humble/install/rqt_msg:/home/haocheng/ros2_humble/install/rqt_console:/home/haocheng/ros2_humble/install/rqt:/home/haocheng/ros2_humble/install/rqt_graph:/home/haocheng/ros2_humble/install/rqt_gui_py:/home/haocheng/ros2_humble/install/rqt_gui:/home/haocheng/ros2_humble/install/ros2trace:/home/haocheng/ros2_humble/install/ros2topic:/home/haocheng/ros2_humble/install/ros2test:/home/haocheng/ros2_humble/install/ros2component:/home/haocheng/ros2_humble/install/ros2param:/home/haocheng/ros2_humble/install/ros2lifecycle:/home/haocheng/ros2_humble/install/ros2service:/home/haocheng/ros2_humble/install/ros2run:/home/haocheng/ros2_humble/install/ros2launch:/home/haocheng/ros2_humble/install/ros2pkg:/home/haocheng/ros2_humble/install/ros2node:/home/haocheng/ros2_humble/install/ros2multicast:/home/haocheng/ros2_humble/install/ros2interface:/home/haocheng/ros2_humble/install/ros2doctor:/home/haocheng/ros2_humble/install/ros2action:/home/haocheng/ros2_humble/install/ros2cli:/home/haocheng/ros2_humble/install/quality_of_service_demo_py:/home/haocheng/ros2_humble/install/lifecycle_py:/home/haocheng/ros2_humble/install/launch_testing_ros:/home/haocheng/ros2_humble/install/launch_ros:/home/haocheng/ros2_humble/install/examples_rclpy_pointcloud_publisher:/home/haocheng/ros2_humble/install/examples_rclpy_minimal_subscriber:/home/haocheng/ros2_humble/install/examples_rclpy_minimal_service:/home/haocheng/ros2_humble/install/examples_rclpy_minimal_publisher:/home/haocheng/ros2_humble/install/examples_rclpy_minimal_client:/home/haocheng/ros2_humble/install/examples_rclpy_minimal_action_server:/home/haocheng/ros2_humble/install/examples_rclpy_minimal_action_client:/home/haocheng/ros2_humble/install/examples_rclpy_guard_conditions:/home/haocheng/ros2_humble/install/examples_rclpy_executors:/home/haocheng/ros2_humble/install/demo_nodes_py:/home/haocheng/ros2_humble/install/action_tutorials_py:/home/haocheng/ros2_humble/install/ament_uncrustify:/home/haocheng/ros2_humble/install/tracetools_trace:/home/haocheng/ros2_humble/install/tracetools_read:/home/haocheng/ros2_humble/install/test_tracetools_launch:/home/haocheng/ros2_humble/install/test_launch_ros:/home/haocheng/ros2_humble/install/sensor_msgs_py:/home/haocheng/ros2_humble/install/rpyutils:/home/haocheng/ros2_humble/install/rosidl_runtime_py:/home/haocheng/ros2_humble/install/rosidl_cli:/home/haocheng/ros2_humble/install/launch_pytest:/home/haocheng/ros2_humble/install/launch_testing:/home/haocheng/ros2_humble/install/launch_yaml:/home/haocheng/ros2_humble/install/launch_xml:/home/haocheng/ros2_humble/install/launch:/home/haocheng/ros2_humble/install/osrf_pycommon:/home/haocheng/ros2_humble/install/launch_testing_examples:/home/haocheng/ros2_humble/install/domain_coordinator:/home/haocheng/ros2_humble/install/ament_xmllint:/home/haocheng/ros2_humble/install/ament_pyflakes:/home/haocheng/ros2_humble/install/ament_pycodestyle:/home/haocheng/ros2_humble/install/ament_pep257:/home/haocheng/ros2_humble/install/ament_pclint:/home/haocheng/ros2_humble/install/ament_package:/home/haocheng/ros2_humble/install/ament_mypy:/home/haocheng/ros2_humble/install/ament_lint_cmake:/home/haocheng/ros2_humble/install/ament_flake8:/home/haocheng/ros2_humble/install/ament_copyright:/home/haocheng/ros2_humble/install/ament_lint:/home/haocheng/ros2_humble/install/ament_index_python:/home/haocheng/ros2_humble/install/ament_cpplint:/home/haocheng/ros2_humble/install/ament_cppcheck:/home/haocheng/ros2_humble/install/ament_clang_tidy:/home/haocheng/ros2_humble/install/ament_clang_format /usr/bin/cmake /home/haocheng/Rosbot_workspace/src/explore -DCMAKE_INSTALL_PREFIX=/home/haocheng/Rosbot_workspace/install/explore_lite
[0.631s] -- The C compiler identification is GNU 11.4.0
[0.632s] -- The CXX compiler identification is GNU 11.4.0
[0.633s] -- Detecting C compiler ABI info
[0.633s] -- Detecting C compiler ABI info - done
[0.633s] -- Check for working C compiler: /usr/bin/cc - skipped
[0.634s] -- Detecting C compile features
[0.634s] -- Detecting C compile features - done
[0.634s] -- Detecting CXX compiler ABI info
[0.711s] -- Detecting CXX compiler ABI info - done
[0.716s] -- Check for working CXX compiler: /usr/bin/c++ - skipped
[0.716s] -- Detecting CXX compile features
[0.717s] -- Detecting CXX compile features - done
[0.717s] -- BuilD for ROS2: humble
[0.747s] -- Found ament_cmake: 1.3.8 (/home/haocheng/ros2_humble/install/ament_cmake/share/ament_cmake/cmake)
[1.390s] -- Found Python3: /usr/bin/python3 (found version "3.10.12") found components: Interpreter 
[2.018s] -- Found rclcpp: 16.0.8 (/home/haocheng/ros2_humble/install/rclcpp/share/rclcpp/cmake)
[2.322s] -- Found rosidl_generator_c: 3.1.5 (/home/haocheng/ros2_humble/install/rosidl_generator_c/share/rosidl_generator_c/cmake)
[2.373s] -- Found rosidl_adapter: 3.1.5 (/home/haocheng/ros2_humble/install/rosidl_adapter/share/rosidl_adapter/cmake)
[2.422s] -- Found rosidl_generator_cpp: 3.1.5 (/home/haocheng/ros2_humble/install/rosidl_generator_cpp/share/rosidl_generator_cpp/cmake)
[2.500s] -- Using all available rosidl_typesupport_c: rosidl_typesupport_fastrtps_c;rosidl_typesupport_introspection_c
[2.600s] -- Using all available rosidl_typesupport_cpp: rosidl_typesupport_fastrtps_cpp;rosidl_typesupport_introspection_cpp
[2.880s] -- Found rmw_implementation_cmake: 6.1.1 (/home/haocheng/ros2_humble/install/rmw_implementation_cmake/share/rmw_implementation_cmake/cmake)
[2.916s] -- Found rmw_fastrtps_cpp: 6.2.6 (/home/haocheng/ros2_humble/install/rmw_fastrtps_cpp/share/rmw_fastrtps_cpp/cmake)
[3.323s] -- Found OpenSSL: /usr/lib/x86_64-linux-gnu/libcrypto.so (found version "3.0.2")  
[3.418s] -- Found FastRTPS: /home/haocheng/ros2_humble/install/fastrtps/include  
[3.593s] -- Using RMW implementation 'rmw_fastrtps_cpp' as default
[3.680s] -- Looking for pthread.h
[3.858s] -- Looking for pthread.h - found
[3.858s] -- Performing Test CMAKE_HAVE_LIBC_PTHREAD
[4.035s] -- Performing Test CMAKE_HAVE_LIBC_PTHREAD - Success
[4.035s] -- Found Threads: TRUE  
[4.277s] -- Found sensor_msgs: 4.2.3 (/home/haocheng/ros2_humble/install/sensor_msgs/share/sensor_msgs/cmake)
[4.395s] -- Found tf2_ros: 0.25.6 (/home/haocheng/ros2_humble/install/tf2_ros/share/tf2_ros/cmake)
[4.824s] -- Found tf2_geometry_msgs: 0.25.6 (/home/haocheng/ros2_humble/install/tf2_geometry_msgs/share/tf2_geometry_msgs/cmake)
[4.980s] -- Found eigen3_cmake_module: 0.1.1 (/home/haocheng/ros2_humble/install/eigen3_cmake_module/share/eigen3_cmake_module/cmake)
[4.981s] -- Found Eigen3: TRUE (found version "3.4.0") 
[4.981s] -- Ensuring Eigen3 include directory is part of orocos-kdl CMake target
[5.020s] -- Found nav2_msgs: 1.1.14 (/opt/ros/humble/share/nav2_msgs/cmake)
[5.261s] -- Found map_msgs: 2.1.0 (/home/haocheng/ros2_humble/install/map_msgs/share/map_msgs/cmake)
[5.348s] -- Found visualization_msgs: 4.2.3 (/home/haocheng/ros2_humble/install/visualization_msgs/share/visualization_msgs/cmake)
[5.478s] -- Found nav2_costmap_2d: 1.1.14 (/opt/ros/humble/share/nav2_costmap_2d/cmake)
[6.639s] -- Found ament_lint_auto: 0.12.10 (/home/haocheng/ros2_humble/install/ament_lint_auto/share/ament_lint_auto/cmake)
[7.007s] -- Found ament_cmake_gtest: 1.3.8 (/home/haocheng/ros2_humble/install/ament_cmake_gtest/share/ament_cmake_gtest/cmake)
[7.035s] -- Found gtest sources under '/home/haocheng/ros2_humble/install/gtest_vendor/src/gtest_vendor': C++ tests using 'Google Test' will be built
[7.150s] -- Added test 'cppcheck' to perform static code analysis on C / C++ code
[7.150s] -- Configured cppcheck include dirs: /home/haocheng/Rosbot_workspace/src/explore/include;$<BUILD_INTERFACE:/home/haocheng/Rosbot_workspace/src/explore/include>
[7.150s] -- Configured cppcheck exclude dirs and/or files: 
[7.157s] -- Added test 'flake8' to check Python code syntax and style conventions
[7.163s] -- Added test 'lint_cmake' to check CMake code style
[7.168s] -- Added test 'pep257' to check Python code against some of the docstring style conventions in PEP 257
[7.175s] -- Added test 'uncrustify' to check C / C++ code style
[7.175s] -- Configured uncrustify additional arguments: 
[7.181s] -- Added test 'xmllint' to check XML markup files
[7.194s] -- Configuring done
[7.304s] [33mCMake Warning at CMakeLists.txt:80 (add_executable):
[7.304s]   Cannot generate a safe runtime search path for target explore because there
[7.304s]   is a cycle in the constraint graph:
[7.304s] 
[7.304s]     dir 0 is [/home/haocheng/ros2_humble/install/rclcpp/lib]
[7.304s]       dir 20 must precede it due to runtime library [librclcpp.so]
[7.305s]     dir 1 is [/home/haocheng/ros2_humble/install/ament_index_cpp/lib]
[7.305s]     dir 2 is [/home/haocheng/ros2_humble/install/builtin_interfaces/lib]
[7.305s]       dir 20 must precede it due to runtime library [libbuiltin_interfaces__rosidl_generator_c.so]
[7.305s]     dir 3 is [/home/haocheng/ros2_humble/install/rosidl_typesupport_fastrtps_c/lib]
[7.305s]       dir 20 must precede it due to runtime library [librosidl_typesupport_fastrtps_c.so]
[7.305s]     dir 4 is [/home/haocheng/ros2_humble/install/rmw/lib]
[7.305s]       dir 20 must precede it due to runtime library [librmw.so]
[7.305s]     dir 5 is [/home/haocheng/ros2_humble/install/rosidl_typesupport_fastrtps_cpp/lib]
[7.305s]       dir 20 must precede it due to runtime library [librosidl_typesupport_fastrtps_cpp.so]
[7.305s]     dir 6 is [/home/haocheng/ros2_humble/install/rcutils/lib]
[7.305s]       dir 20 must precede it due to runtime library [librcutils.so]
[7.305s]     dir 7 is [/home/haocheng/ros2_humble/install/rcpputils/lib]
[7.305s]       dir 20 must precede it due to runtime library [librcpputils.so]
[7.305s]     dir 8 is [/home/haocheng/ros2_humble/install/rosidl_typesupport_c/lib]
[7.305s]       dir 20 must precede it due to runtime library [librosidl_typesupport_c.so]
[7.305s]     dir 9 is [/home/haocheng/ros2_humble/install/rosidl_typesupport_cpp/lib]
[7.305s]       dir 20 must precede it due to runtime library [librosidl_typesupport_cpp.so]
[7.305s]     dir 10 is [/home/haocheng/ros2_humble/install/rosidl_runtime_c/lib]
[7.305s]       dir 20 must precede it due to runtime library [librosidl_runtime_c.so]
[7.305s]     dir 11 is [/home/haocheng/ros2_humble/install/rosidl_typesupport_introspection_c/lib]
[7.305s]       dir 20 must precede it due to runtime library [librosidl_typesupport_introspection_c.so]
[7.305s]     dir 12 is [/home/haocheng/ros2_humble/install/rosidl_typesupport_introspection_cpp/lib]
[7.305s]       dir 20 must precede it due to runtime library [librosidl_typesupport_introspection_cpp.so]
[7.305s]     dir 13 is [/home/haocheng/ros2_humble/install/std_msgs/lib]
[7.305s]       dir 20 must precede it due to runtime library [libstd_msgs__rosidl_generator_c.so]
[7.306s]     dir 14 is [/home/haocheng/ros2_humble/install/libstatistics_collector/lib]
[7.306s]     dir 15 is [/home/haocheng/ros2_humble/install/rcl/lib]
[7.306s]       dir 20 must precede it due to runtime library [librcl.so]
[7.306s]     dir 16 is [/home/haocheng/ros2_humble/install/rosgraph_msgs/lib]
[7.306s]     dir 17 is [/home/haocheng/ros2_humble/install/rcl_yaml_param_parser/lib]
[7.306s]     dir 18 is [/home/haocheng/ros2_humble/install/statistics_msgs/lib]
[7.306s]     dir 19 is [/home/haocheng/ros2_humble/install/tracetools/lib]
[7.306s]       dir 20 must precede it due to runtime library [libtracetools.so]
[7.306s]     dir 20 is [/opt/ros/humble/lib]
[7.306s]       dir 0 must precede it due to runtime library [librclcpp.so]
[7.306s]       dir 1 must precede it due to runtime library [libament_index_cpp.so]
[7.306s]       dir 2 must precede it due to runtime library [libbuiltin_interfaces__rosidl_generator_c.so]
[7.306s]       dir 3 must precede it due to runtime library [librosidl_typesupport_fastrtps_c.so]
[7.306s]       dir 4 must precede it due to runtime library [librmw.so]
[7.306s]       dir 5 must precede it due to runtime library [librosidl_typesupport_fastrtps_cpp.so]
[7.306s]       dir 6 must precede it due to runtime library [librcutils.so]
[7.306s]       dir 7 must precede it due to runtime library [librcpputils.so]
[7.306s]       dir 8 must precede it due to runtime library [librosidl_typesupport_c.so]
[7.306s]       dir 9 must precede it due to runtime library [librosidl_typesupport_cpp.so]
[7.306s]       dir 10 must precede it due to runtime library [librosidl_runtime_c.so]
[7.306s]       dir 11 must precede it due to runtime library [librosidl_typesupport_introspection_c.so]
[7.306s]       dir 12 must precede it due to runtime library [librosidl_typesupport_introspection_cpp.so]
[7.306s]       dir 13 must precede it due to runtime library [libstd_msgs__rosidl_generator_c.so]
[7.306s]       dir 14 must precede it due to runtime library [liblibstatistics_collector.so]
[7.306s]       dir 15 must precede it due to runtime library [librcl.so]
[7.307s]       dir 16 must precede it due to runtime library [librosgraph_msgs__rosidl_generator_c.so]
[7.307s]       dir 17 must precede it due to runtime library [librcl_yaml_param_parser.so]
[7.307s]       dir 18 must precede it due to runtime library [libstatistics_msgs__rosidl_generator_c.so]
[7.307s]       dir 19 must precede it due to runtime library [libtracetools.so]
[7.307s]       dir 21 must precede it due to runtime library [libstatic_transform_broadcaster_node.so]
[7.307s]       dir 22 must precede it due to runtime library [libmap_msgs__rosidl_typesupport_fastrtps_c.so]
[7.307s]       dir 23 must precede it due to runtime library [libnav_msgs__rosidl_typesupport_fastrtps_c.so]
[7.307s]       dir 24 must precede it due to runtime library [libvisualization_msgs__rosidl_typesupport_fastrtps_c.so]
[7.307s]       dir 25 must precede it due to runtime library [libmessage_filters.so]
[7.307s]       dir 26 must precede it due to runtime library [librclcpp_action.so]
[7.307s]       dir 27 must precede it due to runtime library [libtf2_msgs__rosidl_typesupport_fastrtps_c.so]
[7.307s]       dir 28 must precede it due to runtime library [liblaser_geometry.so]
[7.307s]       dir 29 must precede it due to runtime library [libsensor_msgs__rosidl_typesupport_fastrtps_c.so]
[7.307s]       dir 30 must precede it due to runtime library [libtf2.so]
[7.307s]       dir 31 must precede it due to runtime library [libgeometry_msgs__rosidl_typesupport_fastrtps_c.so]
[7.307s]       dir 32 must precede it due to runtime library [libclass_loader.so]
[7.307s]       dir 33 must precede it due to runtime library [librclcpp_lifecycle.so]
[7.307s]       dir 34 must precede it due to runtime library [libstd_srvs__rosidl_typesupport_fastrtps_c.so]
[7.307s]       dir 35 must precede it due to runtime library [librcl_action.so]
[7.307s]       dir 36 must precede it due to runtime library [libaction_msgs__rosidl_typesupport_fastrtps_c.so]
[7.307s]       dir 37 must precede it due to runtime library [libunique_identifier_msgs__rosidl_typesupport_fastrtps_c.so]
[7.307s]       dir 38 must precede it due to runtime library [librcl_lifecycle.so]
[7.307s]       dir 39 must precede it due to runtime library [librcl_interfaces__rosidl_typesupport_fastrtps_c.so]
[7.307s]       dir 40 must precede it due to runtime library [libyaml.so]
[7.307s]       dir 41 must precede it due to runtime library [librmw_implementation.so]
[7.308s]       dir 42 must precede it due to runtime library [librcl_logging_spdlog.so]
[7.308s]       dir 43 must precede it due to runtime library [librcl_logging_interface.so]
[7.308s]       dir 44 must precede it due to runtime library [liblifecycle_msgs__rosidl_typesupport_fastrtps_c.so]
[7.308s]       dir 45 must precede it due to runtime library [libfastcdr.so.1]
[7.308s]     dir 21 is [/home/haocheng/ros2_humble/install/tf2_ros/lib]
[7.308s]       dir 20 must precede it due to runtime library [libtf2_ros.so]
[7.308s]     dir 22 is [/home/haocheng/ros2_humble/install/map_msgs/lib]
[7.308s]     dir 23 is [/home/haocheng/ros2_humble/install/nav_msgs/lib]
[7.308s]       dir 20 must precede it due to runtime library [libnav_msgs__rosidl_generator_c.so]
[7.308s]     dir 24 is [/home/haocheng/ros2_humble/install/visualization_msgs/lib]
[7.308s]     dir 25 is [/home/haocheng/ros2_humble/install/message_filters/lib]
[7.308s]     dir 26 is [/home/haocheng/ros2_humble/install/rclcpp_action/lib]
[7.308s]       dir 20 must precede it due to runtime library [librclcpp_action.so]
[7.308s]     dir 27 is [/home/haocheng/ros2_humble/install/tf2_msgs/lib]
[7.308s]       dir 20 must precede it due to runtime library [libtf2_msgs__rosidl_generator_c.so]
[7.308s]     dir 28 is [/home/haocheng/ros2_humble/install/laser_geometry/lib]
[7.308s]     dir 29 is [/home/haocheng/ros2_humble/install/sensor_msgs/lib]
[7.308s]       dir 20 must precede it due to runtime library [libsensor_msgs__rosidl_generator_c.so]
[7.308s]     dir 30 is [/home/haocheng/ros2_humble/install/tf2/lib]
[7.308s]       dir 20 must precede it due to runtime library [libtf2.so]
[7.308s]     dir 31 is [/home/haocheng/ros2_humble/install/geometry_msgs/lib]
[7.308s]       dir 20 must precede it due to runtime library [libgeometry_msgs__rosidl_generator_c.so]
[7.308s]     dir 32 is [/home/haocheng/ros2_humble/install/class_loader/lib]
[7.309s]     dir 33 is [/home/haocheng/ros2_humble/install/rclcpp_lifecycle/lib]
[7.309s]       dir 20 must precede it due to runtime library [librclcpp_lifecycle.so]
[7.309s]     dir 34 is [/home/haocheng/ros2_humble/install/std_srvs/lib]
[7.309s]     dir 35 is [/home/haocheng/ros2_humble/install/rcl_action/lib]
[7.309s]     dir 36 is [/home/haocheng/ros2_humble/install/action_msgs/lib]
[7.309s]       dir 20 must precede it due to runtime library [libaction_msgs__rosidl_generator_c.so]
[7.309s]     dir 37 is [/home/haocheng/ros2_humble/install/unique_identifier_msgs/lib]
[7.309s]     dir 38 is [/home/haocheng/ros2_humble/install/rcl_lifecycle/lib]
[7.309s]       dir 20 must precede it due to runtime library [librcl_lifecycle.so]
[7.309s]     dir 39 is [/home/haocheng/ros2_humble/install/rcl_interfaces/lib]
[7.309s]       dir 20 must precede it due to runtime library [librcl_interfaces__rosidl_generator_c.so]
[7.309s]     dir 40 is [/home/haocheng/ros2_humble/install/libyaml_vendor/lib]
[7.309s]     dir 41 is [/home/haocheng/ros2_humble/install/rmw_implementation/lib]
[7.309s]     dir 42 is [/home/haocheng/ros2_humble/install/rcl_logging_spdlog/lib]
[7.309s]     dir 43 is [/home/haocheng/ros2_humble/install/rcl_logging_interface/lib]
[7.309s]     dir 44 is [/home/haocheng/ros2_humble/install/lifecycle_msgs/lib]
[7.309s]       dir 20 must precede it due to runtime library [liblifecycle_msgs__rosidl_generator_c.so]
[7.309s]     dir 45 is [/home/haocheng/ros2_humble/install/fastcdr/lib]
[7.309s] 
[7.309s]   Some of these libraries may not be found correctly.
[7.309s] 
[7.309s] [0m
[7.358s] [33mCMake Warning at /home/haocheng/ros2_humble/install/ament_cmake_gtest/share/ament_cmake_gtest/cmake/ament_add_gtest_executable.cmake:50 (add_executable):
[7.358s]   Cannot generate a safe runtime search path for target test_explore because
[7.358s]   there is a cycle in the constraint graph:
[7.358s] 
[7.358s]     dir 0 is [/opt/ros/humble/lib]
[7.358s]       dir 1 must precede it due to runtime library [libstatic_transform_broadcaster_node.so]
[7.358s]       dir 2 must precede it due to runtime library [libmap_msgs__rosidl_typesupport_fastrtps_c.so]
[7.358s]       dir 3 must precede it due to runtime library [libnav_msgs__rosidl_typesupport_fastrtps_c.so]
[7.359s]       dir 4 must precede it due to runtime library [libvisualization_msgs__rosidl_typesupport_fastrtps_c.so]
[7.359s]       dir 5 must precede it due to runtime library [libmessage_filters.so]
[7.359s]       dir 6 must precede it due to runtime library [librclcpp_action.so]
[7.359s]       dir 7 must precede it due to runtime library [libtf2_msgs__rosidl_typesupport_fastrtps_c.so]
[7.359s]       dir 8 must precede it due to runtime library [liblaser_geometry.so]
[7.359s]       dir 9 must precede it due to runtime library [libsensor_msgs__rosidl_typesupport_fastrtps_c.so]
[7.359s]       dir 10 must precede it due to runtime library [libtf2.so]
[7.359s]       dir 11 must precede it due to runtime library [libgeometry_msgs__rosidl_typesupport_fastrtps_c.so]
[7.359s]       dir 12 must precede it due to runtime library [libstd_msgs__rosidl_typesupport_fastrtps_c.so]
[7.359s]       dir 13 must precede it due to runtime library [libclass_loader.so]
[7.359s]       dir 14 must precede it due to runtime library [librclcpp_lifecycle.so]
[7.359s]       dir 15 must precede it due to runtime library [librclcpp.so]
[7.359s]       dir 16 must precede it due to runtime library [liblibstatistics_collector.so]
[7.359s]       dir 17 must precede it due to runtime library [librosgraph_msgs__rosidl_typesupport_fastrtps_c.so]
[7.359s]       dir 18 must precede it due to runtime library [libstatistics_msgs__rosidl_typesupport_fastrtps_c.so]
[7.359s]       dir 19 must precede it due to runtime library [libstd_srvs__rosidl_typesupport_fastrtps_c.so]
[7.359s]       dir 20 must precede it due to runtime library [librcl_action.so]
[7.359s]       dir 21 must precede it due to runtime library [libaction_msgs__rosidl_typesupport_fastrtps_c.so]
[7.359s]       dir 22 must precede it due to runtime library [libunique_identifier_msgs__rosidl_typesupport_fastrtps_c.so]
[7.359s]       dir 23 must precede it due to runtime library [librcl_lifecycle.so]
[7.359s]       dir 24 must precede it due to runtime library [librcl.so]
[7.359s]       dir 25 must precede it due to runtime library [librcl_interfaces__rosidl_typesupport_fastrtps_c.so]
[7.359s]       dir 26 must precede it due to runtime library [libbuiltin_interfaces__rosidl_typesupport_fastrtps_c.so]
[7.359s]       dir 27 must precede it due to runtime library [librcl_yaml_param_parser.so]
[7.360s]       dir 28 must precede it due to runtime library [libyaml.so]
[7.360s]       dir 29 must precede it due to runtime library [librmw_implementation.so]
[7.360s]       dir 30 must precede it due to runtime library [libament_index_cpp.so]
[7.360s]       dir 31 must precede it due to runtime library [librcl_logging_spdlog.so]
[7.360s]       dir 32 must precede it due to runtime library [librcl_logging_interface.so]
[7.360s]       dir 33 must precede it due to runtime library [libtracetools.so]
[7.360s]       dir 34 must precede it due to runtime library [liblifecycle_msgs__rosidl_typesupport_fastrtps_c.so]
[7.360s]       dir 35 must precede it due to runtime library [librosidl_typesupport_fastrtps_c.so]
[7.360s]       dir 36 must precede it due to runtime library [librosidl_typesupport_fastrtps_cpp.so]
[7.360s]       dir 37 must precede it due to runtime library [libfastcdr.so.1]
[7.360s]       dir 38 must precede it due to runtime library [librmw.so]
[7.360s]       dir 39 must precede it due to runtime library [librosidl_typesupport_introspection_cpp.so]
[7.360s]       dir 40 must precede it due to runtime library [librosidl_typesupport_introspection_c.so]
[7.360s]       dir 41 must precede it due to runtime library [librosidl_typesupport_cpp.so]
[7.360s]       dir 42 must precede it due to runtime library [librosidl_typesupport_c.so]
[7.360s]       dir 43 must precede it due to runtime library [librcpputils.so]
[7.360s]       dir 44 must precede it due to runtime library [librosidl_runtime_c.so]
[7.360s]       dir 45 must precede it due to runtime library [librcutils.so]
[7.360s]     dir 1 is [/home/haocheng/ros2_humble/install/tf2_ros/lib]
[7.360s]       dir 0 must precede it due to runtime library [libtf2_ros.so]
[7.360s]     dir 2 is [/home/haocheng/ros2_humble/install/map_msgs/lib]
[7.361s]     dir 3 is [/home/haocheng/ros2_humble/install/nav_msgs/lib]
[7.361s]       dir 0 must precede it due to runtime library [libnav_msgs__rosidl_generator_c.so]
[7.361s]     dir 4 is [/home/haocheng/ros2_humble/install/visualization_msgs/lib]
[7.361s]     dir 5 is [/home/haocheng/ros2_humble/install/message_filters/lib]
[7.361s]     dir 6 is [/home/haocheng/ros2_humble/install/rclcpp_action/lib]
[7.361s]       dir 0 must precede it due to runtime library [librclcpp_action.so]
[7.361s]     dir 7 is [/home/haocheng/ros2_humble/install/tf2_msgs/lib]
[7.361s]       dir 0 must precede it due to runtime library [libtf2_msgs__rosidl_generator_c.so]
[7.361s]     dir 8 is [/home/haocheng/ros2_humble/install/laser_geometry/lib]
[7.361s]     dir 9 is [/home/haocheng/ros2_humble/install/sensor_msgs/lib]
[7.361s]       dir 0 must precede it due to runtime library [libsensor_msgs__rosidl_generator_c.so]
[7.361s]     dir 10 is [/home/haocheng/ros2_humble/install/tf2/lib]
[7.361s]       dir 0 must precede it due to runtime library [libtf2.so]
[7.361s]     dir 11 is [/home/haocheng/ros2_humble/install/geometry_msgs/lib]
[7.361s]       dir 0 must precede it due to runtime library [libgeometry_msgs__rosidl_generator_c.so]
[7.361s]     dir 12 is [/home/haocheng/ros2_humble/install/std_msgs/lib]
[7.361s]       dir 0 must precede it due to runtime library [libstd_msgs__rosidl_generator_c.so]
[7.361s]     dir 13 is [/home/haocheng/ros2_humble/install/class_loader/lib]
[7.361s]     dir 14 is [/home/haocheng/ros2_humble/install/rclcpp_lifecycle/lib]
[7.361s]       dir 0 must precede it due to runtime library [librclcpp_lifecycle.so]
[7.361s]     dir 15 is [/home/haocheng/ros2_humble/install/rclcpp/lib]
[7.361s]       dir 0 must precede it due to runtime library [librclcpp.so]
[7.361s]     dir 16 is [/home/haocheng/ros2_humble/install/libstatistics_collector/lib]
[7.361s]     dir 17 is [/home/haocheng/ros2_humble/install/rosgraph_msgs/lib]
[7.361s]     dir 18 is [/home/haocheng/ros2_humble/install/statistics_msgs/lib]
[7.362s]     dir 19 is [/home/haocheng/ros2_humble/install/std_srvs/lib]
[7.362s]     dir 20 is [/home/haocheng/ros2_humble/install/rcl_action/lib]
[7.362s]     dir 21 is [/home/haocheng/ros2_humble/install/action_msgs/lib]
[7.362s]       dir 0 must precede it due to runtime library [libaction_msgs__rosidl_generator_c.so]
[7.362s]     dir 22 is [/home/haocheng/ros2_humble/install/unique_identifier_msgs/lib]
[7.362s]     dir 23 is [/home/haocheng/ros2_humble/install/rcl_lifecycle/lib]
[7.362s]       dir 0 must precede it due to runtime library [librcl_lifecycle.so]
[7.362s]     dir 24 is [/home/haocheng/ros2_humble/install/rcl/lib]
[7.362s]       dir 0 must precede it due to runtime library [librcl.so]
[7.362s]     dir 25 is [/home/haocheng/ros2_humble/install/rcl_interfaces/lib]
[7.362s]       dir 0 must precede it due to runtime library [librcl_interfaces__rosidl_generator_c.so]
[7.362s]     dir 26 is [/home/haocheng/ros2_humble/install/builtin_interfaces/lib]
[7.362s]       dir 0 must precede it due to runtime library [libbuiltin_interfaces__rosidl_generator_c.so]
[7.362s]     dir 27 is [/home/haocheng/ros2_humble/install/rcl_yaml_param_parser/lib]
[7.362s]     dir 28 is [/home/haocheng/ros2_humble/install/libyaml_vendor/lib]
[7.362s]     dir 29 is [/home/haocheng/ros2_humble/install/rmw_implementation/lib]
[7.362s]     dir 30 is [/home/haocheng/ros2_humble/install/ament_index_cpp/lib]
[7.362s]     dir 31 is [/home/haocheng/ros2_humble/install/rcl_logging_spdlog/lib]
[7.362s]     dir 32 is [/home/haocheng/ros2_humble/install/rcl_logging_interface/lib]
[7.362s]     dir 33 is [/home/haocheng/ros2_humble/install/tracetools/lib]
[7.362s]       dir 0 must precede it due to runtime library [libtracetools.so]
[7.362s]     dir 34 is [/home/haocheng/ros2_humble/install/lifecycle_msgs/lib]
[7.363s]       dir 0 must precede it due to runtime library [liblifecycle_msgs__rosidl_generator_c.so]
[7.363s]     dir 35 is [/home/haocheng/ros2_humble/install/rosidl_typesupport_fastrtps_c/lib]
[7.363s]       dir 0 must precede it due to runtime library [librosidl_typesupport_fastrtps_c.so]
[7.363s]     dir 36 is [/home/haocheng/ros2_humble/install/rosidl_typesupport_fastrtps_cpp/lib]
[7.363s]       dir 0 must precede it due to runtime library [librosidl_typesupport_fastrtps_cpp.so]
[7.363s]     dir 37 is [/home/haocheng/ros2_humble/install/fastcdr/lib]
[7.363s]     dir 38 is [/home/haocheng/ros2_humble/install/rmw/lib]
[7.363s]       dir 0 must precede it due to runtime library [librmw.so]
[7.363s]     dir 39 is [/home/haocheng/ros2_humble/install/rosidl_typesupport_introspection_cpp/lib]
[7.363s]       dir 0 must precede it due to runtime library [librosidl_typesupport_introspection_cpp.so]
[7.363s]     dir 40 is [/home/haocheng/ros2_humble/install/rosidl_typesupport_introspection_c/lib]
[7.363s]       dir 0 must precede it due to runtime library [librosidl_typesupport_introspection_c.so]
[7.363s]     dir 41 is [/home/haocheng/ros2_humble/install/rosidl_typesupport_cpp/lib]
[7.363s]       dir 0 must precede it due to runtime library [librosidl_typesupport_cpp.so]
[7.363s]     dir 42 is [/home/haocheng/ros2_humble/install/rosidl_typesupport_c/lib]
[7.363s]       dir 0 must precede it due to runtime library [librosidl_typesupport_c.so]
[7.363s]     dir 43 is [/home/haocheng/ros2_humble/install/rcpputils/lib]
[7.363s]       dir 0 must precede it due to runtime library [librcpputils.so]
[7.363s]     dir 44 is [/home/haocheng/ros2_humble/install/rosidl_runtime_c/lib]
[7.363s]       dir 0 must precede it due to runtime library [librosidl_runtime_c.so]
[7.363s]     dir 45 is [/home/haocheng/ros2_humble/install/rcutils/lib]
[7.363s]       dir 0 must precede it due to runtime library [librcutils.so]
[7.363s] 
[7.363s]   Some of these libraries may not be found correctly.
[7.363s] Call Stack (most recent call first):
[7.364s]   /home/haocheng/ros2_humble/install/ament_cmake_gtest/share/ament_cmake_gtest/cmake/ament_add_gtest_executable.cmake:37 (_ament_add_gtest_executable)
[7.364s]   /home/haocheng/ros2_humble/install/ament_cmake_gtest/share/ament_cmake_gtest/cmake/ament_add_gtest.cmake:68 (ament_add_gtest_executable)
[7.364s]   CMakeLists.txt:112 (ament_add_gtest)
[7.364s] 
[7.364s] [0m
[7.364s] -- Generating done
[7.364s] -- Build files have been written to: /home/haocheng/Rosbot_workspace/build/explore_lite
[7.381s] Invoked command in '/home/haocheng/Rosbot_workspace/build/explore_lite' returned '0': CMAKE_PREFIX_PATH=${CMAKE_PREFIX_PATH}:/home/haocheng/Rosbot_workspace/src/install/my_pkg:/home/haocheng/Rosbot_workspace/install/my_pkg:/home/haocheng/humble_ws/install/testpkgfromW3:/home/haocheng/humble_ws/install/rosbot_utils:/home/haocheng/humble_ws/install/rosbot_gazebo:/home/haocheng/humble_ws/install/rosbot_bringup:/home/haocheng/humble_ws/install/rosbot_controller:/home/haocheng/humble_ws/install/pt2w3:/home/haocheng/aiil_workspace/humble_workspace/install/aiil_rosbot_demo:/home/haocheng/aiil_workspace/humble_workspace/install/aiil_gazebo:/opt/ros/humble:/home/haocheng/ros2_humble/install/rqt_bag_plugins:/home/haocheng/ros2_humble/install/rqt_bag:/home/haocheng/ros2_humble/install/ros2bag:/home/haocheng/ros2_humble/install/tracetools_test:/home/haocheng/ros2_humble/install/tracetools_launch:/home/haocheng/ros2_humble/install/topic_monitor:/home/haocheng/ros2_humble/install/tf2_tools:/home/haocheng/ros2_humble/install/examples_tf2_py:/home/haocheng/ros2_humble/install/tf2_ros_py:/home/haocheng/ros2_humble/install/sros2:/home/haocheng/ros2_humble/install/rqt_topic:/home/haocheng/ros2_humble/install/rqt_srv:/home/haocheng/ros2_humble/install/rqt_shell:/home/haocheng/ros2_humble/install/rqt_service_caller:/home/haocheng/ros2_humble/install/rqt_reconfigure:/home/haocheng/ros2_humble/install/rqt_py_console:/home/haocheng/ros2_humble/install/rqt_publisher:/home/haocheng/ros2_humble/install/rqt_plot:/home/haocheng/ros2_humble/install/rqt_action:/home/haocheng/ros2_humble/install/rqt_msg:/home/haocheng/ros2_humble/install/rqt_console:/home/haocheng/ros2_humble/install/rqt:/home/haocheng/ros2_humble/install/rqt_graph:/home/haocheng/ros2_humble/install/rqt_gui_py:/home/haocheng/ros2_humble/install/rqt_gui:/home/haocheng/ros2_humble/install/ros2trace:/home/haocheng/ros2_humble/install/ros2topic:/home/haocheng/ros2_humble/install/ros2test:/home/haocheng/ros2_humble/install/ros2component:/home/haocheng/ros2_humble/install/ros2param:/home/haocheng/ros2_humble/install/ros2lifecycle:/home/haocheng/ros2_humble/install/ros2service:/home/haocheng/ros2_humble/install/ros2run:/home/haocheng/ros2_humble/install/ros2launch:/home/haocheng/ros2_humble/install/ros2pkg:/home/haocheng/ros2_humble/install/ros2node:/home/haocheng/ros2_humble/install/ros2multicast:/home/haocheng/ros2_humble/install/ros2interface:/home/haocheng/ros2_humble/install/ros2doctor:/home/haocheng/ros2_humble/install/ros2action:/home/haocheng/ros2_humble/install/ros2cli:/home/haocheng/ros2_humble/install/quality_of_service_demo_py:/home/haocheng/ros2_humble/install/lifecycle_py:/home/haocheng/ros2_humble/install/launch_testing_ros:/home/haocheng/ros2_humble/install/launch_ros:/home/haocheng/ros2_humble/install/examples_rclpy_pointcloud_publisher:/home/haocheng/ros2_humble/install/examples_rclpy_minimal_subscriber:/home/haocheng/ros2_humble/install/examples_rclpy_minimal_service:/home/haocheng/ros2_humble/install/examples_rclpy_minimal_publisher:/home/haocheng/ros2_humble/install/examples_rclpy_minimal_client:/home/haocheng/ros2_humble/install/examples_rclpy_minimal_action_server:/home/haocheng/ros2_humble/install/examples_rclpy_minimal_action_client:/home/haocheng/ros2_humble/install/examples_rclpy_guard_conditions:/home/haocheng/ros2_humble/install/examples_rclpy_executors:/home/haocheng/ros2_humble/install/demo_nodes_py:/home/haocheng/ros2_humble/install/action_tutorials_py:/home/haocheng/ros2_humble/install/ament_uncrustify:/home/haocheng/ros2_humble/install/tracetools_trace:/home/haocheng/ros2_humble/install/tracetools_read:/home/haocheng/ros2_humble/install/test_tracetools_launch:/home/haocheng/ros2_humble/install/test_launch_ros:/home/haocheng/ros2_humble/install/sensor_msgs_py:/home/haocheng/ros2_humble/install/rpyutils:/home/haocheng/ros2_humble/install/rosidl_runtime_py:/home/haocheng/ros2_humble/install/rosidl_cli:/home/haocheng/ros2_humble/install/launch_pytest:/home/haocheng/ros2_humble/install/launch_testing:/home/haocheng/ros2_humble/install/launch_yaml:/home/haocheng/ros2_humble/install/launch_xml:/home/haocheng/ros2_humble/install/launch:/home/haocheng/ros2_humble/install/osrf_pycommon:/home/haocheng/ros2_humble/install/launch_testing_examples:/home/haocheng/ros2_humble/install/domain_coordinator:/home/haocheng/ros2_humble/install/ament_xmllint:/home/haocheng/ros2_humble/install/ament_pyflakes:/home/haocheng/ros2_humble/install/ament_pycodestyle:/home/haocheng/ros2_humble/install/ament_pep257:/home/haocheng/ros2_humble/install/ament_pclint:/home/haocheng/ros2_humble/install/ament_package:/home/haocheng/ros2_humble/install/ament_mypy:/home/haocheng/ros2_humble/install/ament_lint_cmake:/home/haocheng/ros2_humble/install/ament_flake8:/home/haocheng/ros2_humble/install/ament_copyright:/home/haocheng/ros2_humble/install/ament_lint:/home/haocheng/ros2_humble/install/ament_index_python:/home/haocheng/ros2_humble/install/ament_cpplint:/home/haocheng/ros2_humble/install/ament_cppcheck:/home/haocheng/ros2_humble/install/ament_clang_tidy:/home/haocheng/ros2_humble/install/ament_clang_format /usr/bin/cmake /home/haocheng/Rosbot_workspace/src/explore -DCMAKE_INSTALL_PREFIX=/home/haocheng/Rosbot_workspace/install/explore_lite
[7.382s] Invoking command in '/home/haocheng/Rosbot_workspace/build/explore_lite': CMAKE_PREFIX_PATH=${CMAKE_PREFIX_PATH}:/home/haocheng/Rosbot_workspace/src/install/my_pkg:/home/haocheng/Rosbot_workspace/install/my_pkg:/home/haocheng/humble_ws/install/testpkgfromW3:/home/haocheng/humble_ws/install/rosbot_utils:/home/haocheng/humble_ws/install/rosbot_gazebo:/home/haocheng/humble_ws/install/rosbot_bringup:/home/haocheng/humble_ws/install/rosbot_controller:/home/haocheng/humble_ws/install/pt2w3:/home/haocheng/aiil_workspace/humble_workspace/install/aiil_rosbot_demo:/home/haocheng/aiil_workspace/humble_workspace/install/aiil_gazebo:/opt/ros/humble:/home/haocheng/ros2_humble/install/rqt_bag_plugins:/home/haocheng/ros2_humble/install/rqt_bag:/home/haocheng/ros2_humble/install/ros2bag:/home/haocheng/ros2_humble/install/tracetools_test:/home/haocheng/ros2_humble/install/tracetools_launch:/home/haocheng/ros2_humble/install/topic_monitor:/home/haocheng/ros2_humble/install/tf2_tools:/home/haocheng/ros2_humble/install/examples_tf2_py:/home/haocheng/ros2_humble/install/tf2_ros_py:/home/haocheng/ros2_humble/install/sros2:/home/haocheng/ros2_humble/install/rqt_topic:/home/haocheng/ros2_humble/install/rqt_srv:/home/haocheng/ros2_humble/install/rqt_shell:/home/haocheng/ros2_humble/install/rqt_service_caller:/home/haocheng/ros2_humble/install/rqt_reconfigure:/home/haocheng/ros2_humble/install/rqt_py_console:/home/haocheng/ros2_humble/install/rqt_publisher:/home/haocheng/ros2_humble/install/rqt_plot:/home/haocheng/ros2_humble/install/rqt_action:/home/haocheng/ros2_humble/install/rqt_msg:/home/haocheng/ros2_humble/install/rqt_console:/home/haocheng/ros2_humble/install/rqt:/home/haocheng/ros2_humble/install/rqt_graph:/home/haocheng/ros2_humble/install/rqt_gui_py:/home/haocheng/ros2_humble/install/rqt_gui:/home/haocheng/ros2_humble/install/ros2trace:/home/haocheng/ros2_humble/install/ros2topic:/home/haocheng/ros2_humble/install/ros2test:/home/haocheng/ros2_humble/install/ros2component:/home/haocheng/ros2_humble/install/ros2param:/home/haocheng/ros2_humble/install/ros2lifecycle:/home/haocheng/ros2_humble/install/ros2service:/home/haocheng/ros2_humble/install/ros2run:/home/haocheng/ros2_humble/install/ros2launch:/home/haocheng/ros2_humble/install/ros2pkg:/home/haocheng/ros2_humble/install/ros2node:/home/haocheng/ros2_humble/install/ros2multicast:/home/haocheng/ros2_humble/install/ros2interface:/home/haocheng/ros2_humble/install/ros2doctor:/home/haocheng/ros2_humble/install/ros2action:/home/haocheng/ros2_humble/install/ros2cli:/home/haocheng/ros2_humble/install/quality_of_service_demo_py:/home/haocheng/ros2_humble/install/lifecycle_py:/home/haocheng/ros2_humble/install/launch_testing_ros:/home/haocheng/ros2_humble/install/launch_ros:/home/haocheng/ros2_humble/install/examples_rclpy_pointcloud_publisher:/home/haocheng/ros2_humble/install/examples_rclpy_minimal_subscriber:/home/haocheng/ros2_humble/install/examples_rclpy_minimal_service:/home/haocheng/ros2_humble/install/examples_rclpy_minimal_publisher:/home/haocheng/ros2_humble/install/examples_rclpy_minimal_client:/home/haocheng/ros2_humble/install/examples_rclpy_minimal_action_server:/home/haocheng/ros2_humble/install/examples_rclpy_minimal_action_client:/home/haocheng/ros2_humble/install/examples_rclpy_guard_conditions:/home/haocheng/ros2_humble/install/examples_rclpy_executors:/home/haocheng/ros2_humble/install/demo_nodes_py:/home/haocheng/ros2_humble/install/action_tutorials_py:/home/haocheng/ros2_humble/install/ament_uncrustify:/home/haocheng/ros2_humble/install/tracetools_trace:/home/haocheng/ros2_humble/install/tracetools_read:/home/haocheng/ros2_humble/install/test_tracetools_launch:/home/haocheng/ros2_humble/install/test_launch_ros:/home/haocheng/ros2_humble/install/sensor_msgs_py:/home/haocheng/ros2_humble/install/rpyutils:/home/haocheng/ros2_humble/install/rosidl_runtime_py:/home/haocheng/ros2_humble/install/rosidl_cli:/home/haocheng/ros2_humble/install/launch_pytest:/home/haocheng/ros2_humble/install/launch_testing:/home/haocheng/ros2_humble/install/launch_yaml:/home/haocheng/ros2_humble/install/launch_xml:/home/haocheng/ros2_humble/install/launch:/home/haocheng/ros2_humble/install/osrf_pycommon:/home/haocheng/ros2_humble/install/launch_testing_examples:/home/haocheng/ros2_humble/install/domain_coordinator:/home/haocheng/ros2_humble/install/ament_xmllint:/home/haocheng/ros2_humble/install/ament_pyflakes:/home/haocheng/ros2_humble/install/ament_pycodestyle:/home/haocheng/ros2_humble/install/ament_pep257:/home/haocheng/ros2_humble/install/ament_pclint:/home/haocheng/ros2_humble/install/ament_package:/home/haocheng/ros2_humble/install/ament_mypy:/home/haocheng/ros2_humble/install/ament_lint_cmake:/home/haocheng/ros2_humble/install/ament_flake8:/home/haocheng/ros2_humble/install/ament_copyright:/home/haocheng/ros2_humble/install/ament_lint:/home/haocheng/ros2_humble/install/ament_index_python:/home/haocheng/ros2_humble/install/ament_cpplint:/home/haocheng/ros2_humble/install/ament_cppcheck:/home/haocheng/ros2_humble/install/ament_clang_tidy:/home/haocheng/ros2_humble/install/ament_clang_format /usr/bin/cmake --build /home/haocheng/Rosbot_workspace/build/explore_lite -- -j16 -l16
[7.548s] [ 20%] [32mBuilding CXX object gtest/CMakeFiles/gtest.dir/src/gtest-all.cc.o[0m
[7.548s] [ 20%] [32mBuilding CXX object gtest/CMakeFiles/gtest_main.dir/src/gtest_main.cc.o[0m
[7.555s] [ 40%] [32mBuilding CXX object CMakeFiles/explore.dir/src/costmap_client.cpp.o[0m
[7.556s] [ 50%] [32mBuilding CXX object CMakeFiles/explore.dir/src/explore.cpp.o[0m
[7.556s] [ 50%] [32mBuilding CXX object CMakeFiles/explore.dir/src/frontier_search.cpp.o[0m
[8.163s] [ 60%] [32m[1mLinking CXX static library libgtest_main.a[0m
[8.336s] [ 60%] Built target gtest_main
[10.168s] [ 70%] [32m[1mLinking CXX static library libgtest.a[0m
[10.365s] [ 70%] Built target gtest
[10.455s] [ 80%] [32mBuilding CXX object CMakeFiles/test_explore.dir/test/test_explore.cpp.o[0m
[11.752s] [ 90%] [32m[1mLinking CXX executable test_explore[0m
[12.557s] [ 90%] Built target test_explore
[21.757s] [100%] [32m[1mLinking CXX executable explore[0m
[27.133s] [100%] Built target explore
[27.163s] Invoked command in '/home/haocheng/Rosbot_workspace/build/explore_lite' returned '0': CMAKE_PREFIX_PATH=${CMAKE_PREFIX_PATH}:/home/haocheng/Rosbot_workspace/src/install/my_pkg:/home/haocheng/Rosbot_workspace/install/my_pkg:/home/haocheng/humble_ws/install/testpkgfromW3:/home/haocheng/humble_ws/install/rosbot_utils:/home/haocheng/humble_ws/install/rosbot_gazebo:/home/haocheng/humble_ws/install/rosbot_bringup:/home/haocheng/humble_ws/install/rosbot_controller:/home/haocheng/humble_ws/install/pt2w3:/home/haocheng/aiil_workspace/humble_workspace/install/aiil_rosbot_demo:/home/haocheng/aiil_workspace/humble_workspace/install/aiil_gazebo:/opt/ros/humble:/home/haocheng/ros2_humble/install/rqt_bag_plugins:/home/haocheng/ros2_humble/install/rqt_bag:/home/haocheng/ros2_humble/install/ros2bag:/home/haocheng/ros2_humble/install/tracetools_test:/home/haocheng/ros2_humble/install/tracetools_launch:/home/haocheng/ros2_humble/install/topic_monitor:/home/haocheng/ros2_humble/install/tf2_tools:/home/haocheng/ros2_humble/install/examples_tf2_py:/home/haocheng/ros2_humble/install/tf2_ros_py:/home/haocheng/ros2_humble/install/sros2:/home/haocheng/ros2_humble/install/rqt_topic:/home/haocheng/ros2_humble/install/rqt_srv:/home/haocheng/ros2_humble/install/rqt_shell:/home/haocheng/ros2_humble/install/rqt_service_caller:/home/haocheng/ros2_humble/install/rqt_reconfigure:/home/haocheng/ros2_humble/install/rqt_py_console:/home/haocheng/ros2_humble/install/rqt_publisher:/home/haocheng/ros2_humble/install/rqt_plot:/home/haocheng/ros2_humble/install/rqt_action:/home/haocheng/ros2_humble/install/rqt_msg:/home/haocheng/ros2_humble/install/rqt_console:/home/haocheng/ros2_humble/install/rqt:/home/haocheng/ros2_humble/install/rqt_graph:/home/haocheng/ros2_humble/install/rqt_gui_py:/home/haocheng/ros2_humble/install/rqt_gui:/home/haocheng/ros2_humble/install/ros2trace:/home/haocheng/ros2_humble/install/ros2topic:/home/haocheng/ros2_humble/install/ros2test:/home/haocheng/ros2_humble/install/ros2component:/home/haocheng/ros2_humble/install/ros2param:/home/haocheng/ros2_humble/install/ros2lifecycle:/home/haocheng/ros2_humble/install/ros2service:/home/haocheng/ros2_humble/install/ros2run:/home/haocheng/ros2_humble/install/ros2launch:/home/haocheng/ros2_humble/install/ros2pkg:/home/haocheng/ros2_humble/install/ros2node:/home/haocheng/ros2_humble/install/ros2multicast:/home/haocheng/ros2_humble/install/ros2interface:/home/haocheng/ros2_humble/install/ros2doctor:/home/haocheng/ros2_humble/install/ros2action:/home/haocheng/ros2_humble/install/ros2cli:/home/haocheng/ros2_humble/install/quality_of_service_demo_py:/home/haocheng/ros2_humble/install/lifecycle_py:/home/haocheng/ros2_humble/install/launch_testing_ros:/home/haocheng/ros2_humble/install/launch_ros:/home/haocheng/ros2_humble/install/examples_rclpy_pointcloud_publisher:/home/haocheng/ros2_humble/install/examples_rclpy_minimal_subscriber:/home/haocheng/ros2_humble/install/examples_rclpy_minimal_service:/home/haocheng/ros2_humble/install/examples_rclpy_minimal_publisher:/home/haocheng/ros2_humble/install/examples_rclpy_minimal_client:/home/haocheng/ros2_humble/install/examples_rclpy_minimal_action_server:/home/haocheng/ros2_humble/install/examples_rclpy_minimal_action_client:/home/haocheng/ros2_humble/install/examples_rclpy_guard_conditions:/home/haocheng/ros2_humble/install/examples_rclpy_executors:/home/haocheng/ros2_humble/install/demo_nodes_py:/home/haocheng/ros2_humble/install/action_tutorials_py:/home/haocheng/ros2_humble/install/ament_uncrustify:/home/haocheng/ros2_humble/install/tracetools_trace:/home/haocheng/ros2_humble/install/tracetools_read:/home/haocheng/ros2_humble/install/test_tracetools_launch:/home/haocheng/ros2_humble/install/test_launch_ros:/home/haocheng/ros2_humble/install/sensor_msgs_py:/home/haocheng/ros2_humble/install/rpyutils:/home/haocheng/ros2_humble/install/rosidl_runtime_py:/home/haocheng/ros2_humble/install/rosidl_cli:/home/haocheng/ros2_humble/install/launch_pytest:/home/haocheng/ros2_humble/install/launch_testing:/home/haocheng/ros2_humble/install/launch_yaml:/home/haocheng/ros2_humble/install/launch_xml:/home/haocheng/ros2_humble/install/launch:/home/haocheng/ros2_humble/install/osrf_pycommon:/home/haocheng/ros2_humble/install/launch_testing_examples:/home/haocheng/ros2_humble/install/domain_coordinator:/home/haocheng/ros2_humble/install/ament_xmllint:/home/haocheng/ros2_humble/install/ament_pyflakes:/home/haocheng/ros2_humble/install/ament_pycodestyle:/home/haocheng/ros2_humble/install/ament_pep257:/home/haocheng/ros2_humble/install/ament_pclint:/home/haocheng/ros2_humble/install/ament_package:/home/haocheng/ros2_humble/install/ament_mypy:/home/haocheng/ros2_humble/install/ament_lint_cmake:/home/haocheng/ros2_humble/install/ament_flake8:/home/haocheng/ros2_humble/install/ament_copyright:/home/haocheng/ros2_humble/install/ament_lint:/home/haocheng/ros2_humble/install/ament_index_python:/home/haocheng/ros2_humble/install/ament_cpplint:/home/haocheng/ros2_humble/install/ament_cppcheck:/home/haocheng/ros2_humble/install/ament_clang_tidy:/home/haocheng/ros2_humble/install/ament_clang_format /usr/bin/cmake --build /home/haocheng/Rosbot_workspace/build/explore_lite -- -j16 -l16
[27.378s] Invoking command in '/home/haocheng/Rosbot_workspace/build/explore_lite': CMAKE_PREFIX_PATH=${CMAKE_PREFIX_PATH}:/home/haocheng/Rosbot_workspace/src/install/my_pkg:/home/haocheng/Rosbot_workspace/install/my_pkg:/home/haocheng/humble_ws/install/testpkgfromW3:/home/haocheng/humble_ws/install/rosbot_utils:/home/haocheng/humble_ws/install/rosbot_gazebo:/home/haocheng/humble_ws/install/rosbot_bringup:/home/haocheng/humble_ws/install/rosbot_controller:/home/haocheng/humble_ws/install/pt2w3:/home/haocheng/aiil_workspace/humble_workspace/install/aiil_rosbot_demo:/home/haocheng/aiil_workspace/humble_workspace/install/aiil_gazebo:/opt/ros/humble:/home/haocheng/ros2_humble/install/rqt_bag_plugins:/home/haocheng/ros2_humble/install/rqt_bag:/home/haocheng/ros2_humble/install/ros2bag:/home/haocheng/ros2_humble/install/tracetools_test:/home/haocheng/ros2_humble/install/tracetools_launch:/home/haocheng/ros2_humble/install/topic_monitor:/home/haocheng/ros2_humble/install/tf2_tools:/home/haocheng/ros2_humble/install/examples_tf2_py:/home/haocheng/ros2_humble/install/tf2_ros_py:/home/haocheng/ros2_humble/install/sros2:/home/haocheng/ros2_humble/install/rqt_topic:/home/haocheng/ros2_humble/install/rqt_srv:/home/haocheng/ros2_humble/install/rqt_shell:/home/haocheng/ros2_humble/install/rqt_service_caller:/home/haocheng/ros2_humble/install/rqt_reconfigure:/home/haocheng/ros2_humble/install/rqt_py_console:/home/haocheng/ros2_humble/install/rqt_publisher:/home/haocheng/ros2_humble/install/rqt_plot:/home/haocheng/ros2_humble/install/rqt_action:/home/haocheng/ros2_humble/install/rqt_msg:/home/haocheng/ros2_humble/install/rqt_console:/home/haocheng/ros2_humble/install/rqt:/home/haocheng/ros2_humble/install/rqt_graph:/home/haocheng/ros2_humble/install/rqt_gui_py:/home/haocheng/ros2_humble/install/rqt_gui:/home/haocheng/ros2_humble/install/ros2trace:/home/haocheng/ros2_humble/install/ros2topic:/home/haocheng/ros2_humble/install/ros2test:/home/haocheng/ros2_humble/install/ros2component:/home/haocheng/ros2_humble/install/ros2param:/home/haocheng/ros2_humble/install/ros2lifecycle:/home/haocheng/ros2_humble/install/ros2service:/home/haocheng/ros2_humble/install/ros2run:/home/haocheng/ros2_humble/install/ros2launch:/home/haocheng/ros2_humble/install/ros2pkg:/home/haocheng/ros2_humble/install/ros2node:/home/haocheng/ros2_humble/install/ros2multicast:/home/haocheng/ros2_humble/install/ros2interface:/home/haocheng/ros2_humble/install/ros2doctor:/home/haocheng/ros2_humble/install/ros2action:/home/haocheng/ros2_humble/install/ros2cli:/home/haocheng/ros2_humble/install/quality_of_service_demo_py:/home/haocheng/ros2_humble/install/lifecycle_py:/home/haocheng/ros2_humble/install/launch_testing_ros:/home/haocheng/ros2_humble/install/launch_ros:/home/haocheng/ros2_humble/install/examples_rclpy_pointcloud_publisher:/home/haocheng/ros2_humble/install/examples_rclpy_minimal_subscriber:/home/haocheng/ros2_humble/install/examples_rclpy_minimal_service:/home/haocheng/ros2_humble/install/examples_rclpy_minimal_publisher:/home/haocheng/ros2_humble/install/examples_rclpy_minimal_client:/home/haocheng/ros2_humble/install/examples_rclpy_minimal_action_server:/home/haocheng/ros2_humble/install/examples_rclpy_minimal_action_client:/home/haocheng/ros2_humble/install/examples_rclpy_guard_conditions:/home/haocheng/ros2_humble/install/examples_rclpy_executors:/home/haocheng/ros2_humble/install/demo_nodes_py:/home/haocheng/ros2_humble/install/action_tutorials_py:/home/haocheng/ros2_humble/install/ament_uncrustify:/home/haocheng/ros2_humble/install/tracetools_trace:/home/haocheng/ros2_humble/install/tracetools_read:/home/haocheng/ros2_humble/install/test_tracetools_launch:/home/haocheng/ros2_humble/install/test_launch_ros:/home/haocheng/ros2_humble/install/sensor_msgs_py:/home/haocheng/ros2_humble/install/rpyutils:/home/haocheng/ros2_humble/install/rosidl_runtime_py:/home/haocheng/ros2_humble/install/rosidl_cli:/home/haocheng/ros2_humble/install/launch_pytest:/home/haocheng/ros2_humble/install/launch_testing:/home/haocheng/ros2_humble/install/launch_yaml:/home/haocheng/ros2_humble/install/launch_xml:/home/haocheng/ros2_humble/install/launch:/home/haocheng/ros2_humble/install/osrf_pycommon:/home/haocheng/ros2_humble/install/launch_testing_examples:/home/haocheng/ros2_humble/install/domain_coordinator:/home/haocheng/ros2_humble/install/ament_xmllint:/home/haocheng/ros2_humble/install/ament_pyflakes:/home/haocheng/ros2_humble/install/ament_pycodestyle:/home/haocheng/ros2_humble/install/ament_pep257:/home/haocheng/ros2_humble/install/ament_pclint:/home/haocheng/ros2_humble/install/ament_package:/home/haocheng/ros2_humble/install/ament_mypy:/home/haocheng/ros2_humble/install/ament_lint_cmake:/home/haocheng/ros2_humble/install/ament_flake8:/home/haocheng/ros2_humble/install/ament_copyright:/home/haocheng/ros2_humble/install/ament_lint:/home/haocheng/ros2_humble/install/ament_index_python:/home/haocheng/ros2_humble/install/ament_cpplint:/home/haocheng/ros2_humble/install/ament_cppcheck:/home/haocheng/ros2_humble/install/ament_clang_tidy:/home/haocheng/ros2_humble/install/ament_clang_format /usr/bin/cmake --install /home/haocheng/Rosbot_workspace/build/explore_lite
[27.402s] -- Install configuration: ""
[27.402s] -- Installing: /home/haocheng/Rosbot_workspace/install/explore_lite/include/explore/
[27.402s] -- Installing: /home/haocheng/Rosbot_workspace/install/explore_lite/include/explore//explore.h
[27.402s] -- Installing: /home/haocheng/Rosbot_workspace/install/explore_lite/include/explore//costmap_tools.h
[27.402s] -- Installing: /home/haocheng/Rosbot_workspace/install/explore_lite/include/explore//frontier_search.h
[27.402s] -- Installing: /home/haocheng/Rosbot_workspace/install/explore_lite/include/explore//costmap_client.h
[27.403s] -- Installing: /home/haocheng/Rosbot_workspace/install/explore_lite/share/explore_lite/config
[27.403s] -- Installing: /home/haocheng/Rosbot_workspace/install/explore_lite/share/explore_lite/config/params.yaml
[27.403s] -- Installing: /home/haocheng/Rosbot_workspace/install/explore_lite/share/explore_lite/config/params_costmap.yaml
[27.403s] -- Installing: /home/haocheng/Rosbot_workspace/install/explore_lite/share/explore_lite/launch
[27.403s] -- Installing: /home/haocheng/Rosbot_workspace/install/explore_lite/share/explore_lite/launch/explore.launch.py
[27.403s] -- Installing: /home/haocheng/Rosbot_workspace/install/explore_lite/lib/explore_lite/explore
[27.421s] -- Set runtime path of "/home/haocheng/Rosbot_workspace/install/explore_lite/lib/explore_lite/explore" to ""
[27.421s] -- Installing: /home/haocheng/Rosbot_workspace/install/explore_lite/share/ament_index/resource_index/package_run_dependencies/explore_lite
[27.421s] -- Installing: /home/haocheng/Rosbot_workspace/install/explore_lite/share/ament_index/resource_index/parent_prefix_path/explore_lite
[27.422s] -- Installing: /home/haocheng/Rosbot_workspace/install/explore_lite/share/explore_lite/environment/ament_prefix_path.sh
[27.422s] -- Installing: /home/haocheng/Rosbot_workspace/install/explore_lite/share/explore_lite/environment/ament_prefix_path.dsv
[27.422s] -- Installing: /home/haocheng/Rosbot_workspace/install/explore_lite/share/explore_lite/environment/path.sh
[27.422s] -- Installing: /home/haocheng/Rosbot_workspace/install/explore_lite/share/explore_lite/environment/path.dsv
[27.422s] -- Installing: /home/haocheng/Rosbot_workspace/install/explore_lite/share/explore_lite/local_setup.bash
[27.422s] -- Installing: /home/haocheng/Rosbot_workspace/install/explore_lite/share/explore_lite/local_setup.sh
[27.423s] -- Installing: /home/haocheng/Rosbot_workspace/install/explore_lite/share/explore_lite/local_setup.zsh
[27.423s] -- Installing: /home/haocheng/Rosbot_workspace/install/explore_lite/share/explore_lite/local_setup.dsv
[27.423s] -- Installing: /home/haocheng/Rosbot_workspace/install/explore_lite/share/explore_lite/package.dsv
[27.423s] -- Installing: /home/haocheng/Rosbot_workspace/install/explore_lite/share/ament_index/resource_index/packages/explore_lite
[27.423s] -- Installing: /home/haocheng/Rosbot_workspace/install/explore_lite/share/explore_lite/cmake/ament_cmake_export_include_directories-extras.cmake
[27.423s] -- Installing: /home/haocheng/Rosbot_workspace/install/explore_lite/share/explore_lite/cmake/explore_liteConfig.cmake
[27.423s] -- Installing: /home/haocheng/Rosbot_workspace/install/explore_lite/share/explore_lite/cmake/explore_liteConfig-version.cmake
[27.424s] -- Installing: /home/haocheng/Rosbot_workspace/install/explore_lite/share/explore_lite/package.xml
[27.428s] Invoked command in '/home/haocheng/Rosbot_workspace/build/explore_lite' returned '0': CMAKE_PREFIX_PATH=${CMAKE_PREFIX_PATH}:/home/haocheng/Rosbot_workspace/src/install/my_pkg:/home/haocheng/Rosbot_workspace/install/my_pkg:/home/haocheng/humble_ws/install/testpkgfromW3:/home/haocheng/humble_ws/install/rosbot_utils:/home/haocheng/humble_ws/install/rosbot_gazebo:/home/haocheng/humble_ws/install/rosbot_bringup:/home/haocheng/humble_ws/install/rosbot_controller:/home/haocheng/humble_ws/install/pt2w3:/home/haocheng/aiil_workspace/humble_workspace/install/aiil_rosbot_demo:/home/haocheng/aiil_workspace/humble_workspace/install/aiil_gazebo:/opt/ros/humble:/home/haocheng/ros2_humble/install/rqt_bag_plugins:/home/haocheng/ros2_humble/install/rqt_bag:/home/haocheng/ros2_humble/install/ros2bag:/home/haocheng/ros2_humble/install/tracetools_test:/home/haocheng/ros2_humble/install/tracetools_launch:/home/haocheng/ros2_humble/install/topic_monitor:/home/haocheng/ros2_humble/install/tf2_tools:/home/haocheng/ros2_humble/install/examples_tf2_py:/home/haocheng/ros2_humble/install/tf2_ros_py:/home/haocheng/ros2_humble/install/sros2:/home/haocheng/ros2_humble/install/rqt_topic:/home/haocheng/ros2_humble/install/rqt_srv:/home/haocheng/ros2_humble/install/rqt_shell:/home/haocheng/ros2_humble/install/rqt_service_caller:/home/haocheng/ros2_humble/install/rqt_reconfigure:/home/haocheng/ros2_humble/install/rqt_py_console:/home/haocheng/ros2_humble/install/rqt_publisher:/home/haocheng/ros2_humble/install/rqt_plot:/home/haocheng/ros2_humble/install/rqt_action:/home/haocheng/ros2_humble/install/rqt_msg:/home/haocheng/ros2_humble/install/rqt_console:/home/haocheng/ros2_humble/install/rqt:/home/haocheng/ros2_humble/install/rqt_graph:/home/haocheng/ros2_humble/install/rqt_gui_py:/home/haocheng/ros2_humble/install/rqt_gui:/home/haocheng/ros2_humble/install/ros2trace:/home/haocheng/ros2_humble/install/ros2topic:/home/haocheng/ros2_humble/install/ros2test:/home/haocheng/ros2_humble/install/ros2component:/home/haocheng/ros2_humble/install/ros2param:/home/haocheng/ros2_humble/install/ros2lifecycle:/home/haocheng/ros2_humble/install/ros2service:/home/haocheng/ros2_humble/install/ros2run:/home/haocheng/ros2_humble/install/ros2launch:/home/haocheng/ros2_humble/install/ros2pkg:/home/haocheng/ros2_humble/install/ros2node:/home/haocheng/ros2_humble/install/ros2multicast:/home/haocheng/ros2_humble/install/ros2interface:/home/haocheng/ros2_humble/install/ros2doctor:/home/haocheng/ros2_humble/install/ros2action:/home/haocheng/ros2_humble/install/ros2cli:/home/haocheng/ros2_humble/install/quality_of_service_demo_py:/home/haocheng/ros2_humble/install/lifecycle_py:/home/haocheng/ros2_humble/install/launch_testing_ros:/home/haocheng/ros2_humble/install/launch_ros:/home/haocheng/ros2_humble/install/examples_rclpy_pointcloud_publisher:/home/haocheng/ros2_humble/install/examples_rclpy_minimal_subscriber:/home/haocheng/ros2_humble/install/examples_rclpy_minimal_service:/home/haocheng/ros2_humble/install/examples_rclpy_minimal_publisher:/home/haocheng/ros2_humble/install/examples_rclpy_minimal_client:/home/haocheng/ros2_humble/install/examples_rclpy_minimal_action_server:/home/haocheng/ros2_humble/install/examples_rclpy_minimal_action_client:/home/haocheng/ros2_humble/install/examples_rclpy_guard_conditions:/home/haocheng/ros2_humble/install/examples_rclpy_executors:/home/haocheng/ros2_humble/install/demo_nodes_py:/home/haocheng/ros2_humble/install/action_tutorials_py:/home/haocheng/ros2_humble/install/ament_uncrustify:/home/haocheng/ros2_humble/install/tracetools_trace:/home/haocheng/ros2_humble/install/tracetools_read:/home/haocheng/ros2_humble/install/test_tracetools_launch:/home/haocheng/ros2_humble/install/test_launch_ros:/home/haocheng/ros2_humble/install/sensor_msgs_py:/home/haocheng/ros2_humble/install/rpyutils:/home/haocheng/ros2_humble/install/rosidl_runtime_py:/home/haocheng/ros2_humble/install/rosidl_cli:/home/haocheng/ros2_humble/install/launch_pytest:/home/haocheng/ros2_humble/install/launch_testing:/home/haocheng/ros2_humble/install/launch_yaml:/home/haocheng/ros2_humble/install/launch_xml:/home/haocheng/ros2_humble/install/launch:/home/haocheng/ros2_humble/install/osrf_pycommon:/home/haocheng/ros2_humble/install/launch_testing_examples:/home/haocheng/ros2_humble/install/domain_coordinator:/home/haocheng/ros2_humble/install/ament_xmllint:/home/haocheng/ros2_humble/install/ament_pyflakes:/home/haocheng/ros2_humble/install/ament_pycodestyle:/home/haocheng/ros2_humble/install/ament_pep257:/home/haocheng/ros2_humble/install/ament_pclint:/home/haocheng/ros2_humble/install/ament_package:/home/haocheng/ros2_humble/install/ament_mypy:/home/haocheng/ros2_humble/install/ament_lint_cmake:/home/haocheng/ros2_humble/install/ament_flake8:/home/haocheng/ros2_humble/install/ament_copyright:/home/haocheng/ros2_humble/install/ament_lint:/home/haocheng/ros2_humble/install/ament_index_python:/home/haocheng/ros2_humble/install/ament_cpplint:/home/haocheng/ros2_humble/install/ament_cppcheck:/home/haocheng/ros2_humble/install/ament_clang_tidy:/home/haocheng/ros2_humble/install/ament_clang_format /usr/bin/cmake --install /home/haocheng/Rosbot_workspace/build/explore_lite
