[0.394s] DEBUG:colcon:Command line arguments: ['/usr/bin/colcon', 'build', '--symlink-install']
[0.394s] DEBUG:colcon:Parsed command line arguments: Namespace(log_base=None, log_level=None, verb_name='build', build_base='build', install_base='install', merge_install=False, symlink_install=True, test_result_base=None, continue_on_error=False, executor='parallel', parallel_workers=16, event_handlers=None, ignore_user_meta=False, metas=['./colcon.meta'], base_paths=['.'], packages_ignore=None, packages_ignore_regex=None, paths=None, packages_up_to=None, packages_up_to_regex=None, packages_above=None, packages_above_and_dependencies=None, packages_above_depth=None, packages_select_by_dep=None, packages_skip_by_dep=None, packages_skip_up_to=None, packages_select_build_failed=False, packages_skip_build_finished=False, packages_select_test_failures=False, packages_skip_test_passed=False, packages_select=None, packages_skip=None, packages_select_regex=None, packages_skip_regex=None, packages_start=None, packages_end=None, allow_overriding=[], cmake_args=None, cmake_target=None, cmake_target_skip_unavailable=False, cmake_clean_cache=False, cmake_clean_first=False, cmake_force_configure=False, ament_cmake_args=None, catkin_cmake_args=None, catkin_skip_building_tests=False, verb_parser=<colcon_defaults.argument_parser.defaults.DefaultArgumentsDecorator object at 0x77aea9382860>, verb_extension=<colcon_core.verb.build.BuildVerb object at 0x77aea9381870>, main=<bound method BuildVerb.main of <colcon_core.verb.build.BuildVerb object at 0x77aea9381870>>)
[0.844s] Level 1:colcon.colcon_core.package_discovery:discover_packages(colcon_meta) check parameters
[0.845s] Level 1:colcon.colcon_core.package_discovery:discover_packages(recursive) check parameters
[0.845s] Level 1:colcon.colcon_core.package_discovery:discover_packages(ignore) check parameters
[0.845s] Level 1:colcon.colcon_core.package_discovery:discover_packages(path) check parameters
[0.845s] Level 1:colcon.colcon_core.package_discovery:discover_packages(colcon_meta) discover
[0.845s] Level 1:colcon.colcon_core.package_discovery:discover_packages(recursive) discover
[0.845s] INFO:colcon.colcon_core.package_discovery:Crawling recursively for packages in '/home/haocheng/Rosbot_workspace'
[0.845s] Level 1:colcon.colcon_core.package_identification:_identify(.) by extensions ['ignore', 'ignore_ament_install']
[0.845s] Level 1:colcon.colcon_core.package_identification:_identify(.) by extension 'ignore'
[0.845s] Level 1:colcon.colcon_core.package_identification:_identify(.) by extension 'ignore_ament_install'
[0.845s] Level 1:colcon.colcon_core.package_identification:_identify(.) by extensions ['colcon_pkg']
[0.845s] Level 1:colcon.colcon_core.package_identification:_identify(.) by extension 'colcon_pkg'
[0.845s] Level 1:colcon.colcon_core.package_identification:_identify(.) by extensions ['colcon_meta']
[0.846s] Level 1:colcon.colcon_core.package_identification:_identify(.) by extension 'colcon_meta'
[0.846s] Level 1:colcon.colcon_core.package_identification:_identify(.) by extensions ['ros']
[0.846s] Level 1:colcon.colcon_core.package_identification:_identify(.) by extension 'ros'
[0.863s] Level 1:colcon.colcon_core.package_identification:_identify(.) by extensions ['cmake', 'python']
[0.863s] Level 1:colcon.colcon_core.package_identification:_identify(.) by extension 'cmake'
[0.863s] Level 1:colcon.colcon_core.package_identification:_identify(.) by extension 'python'
[0.863s] Level 1:colcon.colcon_core.package_identification:_identify(.) by extensions ['python_setup_py']
[0.863s] Level 1:colcon.colcon_core.package_identification:_identify(.) by extension 'python_setup_py'
[0.864s] Level 1:colcon.colcon_core.package_identification:_identify(build) by extensions ['ignore', 'ignore_ament_install']
[0.864s] Level 1:colcon.colcon_core.package_identification:_identify(build) by extension 'ignore'
[0.864s] Level 1:colcon.colcon_core.package_identification:_identify(build) ignored
[0.864s] Level 1:colcon.colcon_core.package_identification:_identify(install) by extensions ['ignore', 'ignore_ament_install']
[0.864s] Level 1:colcon.colcon_core.package_identification:_identify(install) by extension 'ignore'
[0.864s] Level 1:colcon.colcon_core.package_identification:_identify(install) ignored
[0.864s] Level 1:colcon.colcon_core.package_identification:_identify(log) by extensions ['ignore', 'ignore_ament_install']
[0.864s] Level 1:colcon.colcon_core.package_identification:_identify(log) by extension 'ignore'
[0.864s] Level 1:colcon.colcon_core.package_identification:_identify(log) ignored
[0.864s] Level 1:colcon.colcon_core.package_identification:_identify(markers) by extensions ['ignore', 'ignore_ament_install']
[0.865s] Level 1:colcon.colcon_core.package_identification:_identify(markers) by extension 'ignore'
[0.865s] Level 1:colcon.colcon_core.package_identification:_identify(markers) by extension 'ignore_ament_install'
[0.865s] Level 1:colcon.colcon_core.package_identification:_identify(markers) by extensions ['colcon_pkg']
[0.865s] Level 1:colcon.colcon_core.package_identification:_identify(markers) by extension 'colcon_pkg'
[0.865s] Level 1:colcon.colcon_core.package_identification:_identify(markers) by extensions ['colcon_meta']
[0.865s] Level 1:colcon.colcon_core.package_identification:_identify(markers) by extension 'colcon_meta'
[0.865s] Level 1:colcon.colcon_core.package_identification:_identify(markers) by extensions ['ros']
[0.865s] Level 1:colcon.colcon_core.package_identification:_identify(markers) by extension 'ros'
[0.865s] Level 1:colcon.colcon_core.package_identification:_identify(markers) by extensions ['cmake', 'python']
[0.865s] Level 1:colcon.colcon_core.package_identification:_identify(markers) by extension 'cmake'
[0.865s] Level 1:colcon.colcon_core.package_identification:_identify(markers) by extension 'python'
[0.865s] Level 1:colcon.colcon_core.package_identification:_identify(markers) by extensions ['python_setup_py']
[0.865s] Level 1:colcon.colcon_core.package_identification:_identify(markers) by extension 'python_setup_py'
[0.865s] Level 1:colcon.colcon_core.package_identification:_identify(src) by extensions ['ignore', 'ignore_ament_install']
[0.865s] Level 1:colcon.colcon_core.package_identification:_identify(src) by extension 'ignore'
[0.866s] Level 1:colcon.colcon_core.package_identification:_identify(src) by extension 'ignore_ament_install'
[0.866s] Level 1:colcon.colcon_core.package_identification:_identify(src) by extensions ['colcon_pkg']
[0.866s] Level 1:colcon.colcon_core.package_identification:_identify(src) by extension 'colcon_pkg'
[0.866s] Level 1:colcon.colcon_core.package_identification:_identify(src) by extensions ['colcon_meta']
[0.866s] Level 1:colcon.colcon_core.package_identification:_identify(src) by extension 'colcon_meta'
[0.866s] Level 1:colcon.colcon_core.package_identification:_identify(src) by extensions ['ros']
[0.866s] Level 1:colcon.colcon_core.package_identification:_identify(src) by extension 'ros'
[0.866s] Level 1:colcon.colcon_core.package_identification:_identify(src) by extensions ['cmake', 'python']
[0.866s] Level 1:colcon.colcon_core.package_identification:_identify(src) by extension 'cmake'
[0.866s] Level 1:colcon.colcon_core.package_identification:_identify(src) by extension 'python'
[0.866s] Level 1:colcon.colcon_core.package_identification:_identify(src) by extensions ['python_setup_py']
[0.866s] Level 1:colcon.colcon_core.package_identification:_identify(src) by extension 'python_setup_py'
[0.866s] Level 1:colcon.colcon_core.package_identification:_identify(src/explore) by extensions ['ignore', 'ignore_ament_install']
[0.866s] Level 1:colcon.colcon_core.package_identification:_identify(src/explore) by extension 'ignore'
[0.866s] Level 1:colcon.colcon_core.package_identification:_identify(src/explore) by extension 'ignore_ament_install'
[0.866s] Level 1:colcon.colcon_core.package_identification:_identify(src/explore) by extensions ['colcon_pkg']
[0.866s] Level 1:colcon.colcon_core.package_identification:_identify(src/explore) by extension 'colcon_pkg'
[0.866s] Level 1:colcon.colcon_core.package_identification:_identify(src/explore) by extensions ['colcon_meta']
[0.867s] Level 1:colcon.colcon_core.package_identification:_identify(src/explore) by extension 'colcon_meta'
[0.867s] Level 1:colcon.colcon_core.package_identification:_identify(src/explore) by extensions ['ros']
[0.867s] Level 1:colcon.colcon_core.package_identification:_identify(src/explore) by extension 'ros'
[0.870s] DEBUG:colcon.colcon_core.package_identification:Package 'src/explore' with type 'ros.ament_cmake' and name 'explore_lite'
[0.870s] Level 1:colcon.colcon_core.package_identification:_identify(src/my_pkg) by extensions ['ignore', 'ignore_ament_install']
[0.871s] Level 1:colcon.colcon_core.package_identification:_identify(src/my_pkg) by extension 'ignore'
[0.871s] Level 1:colcon.colcon_core.package_identification:_identify(src/my_pkg) by extension 'ignore_ament_install'
[0.871s] Level 1:colcon.colcon_core.package_identification:_identify(src/my_pkg) by extensions ['colcon_pkg']
[0.871s] Level 1:colcon.colcon_core.package_identification:_identify(src/my_pkg) by extension 'colcon_pkg'
[0.871s] Level 1:colcon.colcon_core.package_identification:_identify(src/my_pkg) by extensions ['colcon_meta']
[0.871s] Level 1:colcon.colcon_core.package_identification:_identify(src/my_pkg) by extension 'colcon_meta'
[0.871s] Level 1:colcon.colcon_core.package_identification:_identify(src/my_pkg) by extensions ['ros']
[0.871s] Level 1:colcon.colcon_core.package_identification:_identify(src/my_pkg) by extension 'ros'
[0.872s] DEBUG:colcon.colcon_core.package_identification:Package 'src/my_pkg' with type 'ros.ament_python' and name 'my_pkg'
[0.872s] Level 1:colcon.colcon_core.package_identification:_identify(src/pkg1) by extensions ['ignore', 'ignore_ament_install']
[0.872s] Level 1:colcon.colcon_core.package_identification:_identify(src/pkg1) by extension 'ignore'
[0.872s] Level 1:colcon.colcon_core.package_identification:_identify(src/pkg1) by extension 'ignore_ament_install'
[0.872s] Level 1:colcon.colcon_core.package_identification:_identify(src/pkg1) by extensions ['colcon_pkg']
[0.872s] Level 1:colcon.colcon_core.package_identification:_identify(src/pkg1) by extension 'colcon_pkg'
[0.872s] Level 1:colcon.colcon_core.package_identification:_identify(src/pkg1) by extensions ['colcon_meta']
[0.872s] Level 1:colcon.colcon_core.package_identification:_identify(src/pkg1) by extension 'colcon_meta'
[0.872s] Level 1:colcon.colcon_core.package_identification:_identify(src/pkg1) by extensions ['ros']
[0.872s] Level 1:colcon.colcon_core.package_identification:_identify(src/pkg1) by extension 'ros'
[0.873s] DEBUG:colcon.colcon_core.package_identification:Package 'src/pkg1' with type 'ros.ament_python' and name 'pkg1'
[0.873s] Level 1:colcon.colcon_core.package_discovery:discover_packages(recursive) using defaults
[0.874s] Level 1:colcon.colcon_core.package_discovery:discover_packages(ignore) discover
[0.874s] Level 1:colcon.colcon_core.package_discovery:discover_packages(ignore) using defaults
[0.874s] Level 1:colcon.colcon_core.package_discovery:discover_packages(path) discover
[0.874s] Level 1:colcon.colcon_core.package_discovery:discover_packages(path) using defaults
[0.945s] Level 1:colcon.colcon_core.package_discovery:discover_packages(prefix_path) check parameters
[0.946s] Level 1:colcon.colcon_core.package_discovery:discover_packages(prefix_path) discover
[0.949s] WARNING:colcon.colcon_core.prefix_path.colcon:The path '/home/haocheng/Rosbot_workspace/src/install' in the environment variable COLCON_PREFIX_PATH doesn't exist
[0.949s] WARNING:colcon.colcon_ros.prefix_path.ament:The path '/home/haocheng/Rosbot_workspace/src/install/my_pkg' in the environment variable AMENT_PREFIX_PATH doesn't exist
[0.973s] DEBUG:colcon.colcon_installed_package_information.package_discovery:Found 3 installed packages in /home/haocheng/Rosbot_workspace/install
[0.974s] DEBUG:colcon.colcon_installed_package_information.package_discovery:Found 4 installed packages in /home/haocheng/aiil_workspace/humble_workspace/install
[0.988s] DEBUG:colcon.colcon_installed_package_information.package_discovery:Found 345 installed packages in /home/haocheng/ros2_humble/install
[0.991s] DEBUG:colcon.colcon_installed_package_information.package_discovery:Found 9 installed packages in /home/haocheng/humble_ws/install
[0.993s] DEBUG:colcon.colcon_installed_package_information.package_discovery:Found 264 installed packages in /opt/ros/humble
[1.005s] Level 1:colcon.colcon_core.package_discovery:discover_packages(prefix_path) using defaults
[1.098s] Level 5:colcon.colcon_core.verb:set package 'explore_lite' build argument 'cmake_args' from command line to 'None'
[1.099s] Level 5:colcon.colcon_core.verb:set package 'explore_lite' build argument 'cmake_target' from command line to 'None'
[1.099s] Level 5:colcon.colcon_core.verb:set package 'explore_lite' build argument 'cmake_target_skip_unavailable' from command line to 'False'
[1.099s] Level 5:colcon.colcon_core.verb:set package 'explore_lite' build argument 'cmake_clean_cache' from command line to 'False'
[1.099s] Level 5:colcon.colcon_core.verb:set package 'explore_lite' build argument 'cmake_clean_first' from command line to 'False'
[1.099s] Level 5:colcon.colcon_core.verb:set package 'explore_lite' build argument 'cmake_force_configure' from command line to 'False'
[1.099s] Level 5:colcon.colcon_core.verb:set package 'explore_lite' build argument 'ament_cmake_args' from command line to 'None'
[1.099s] Level 5:colcon.colcon_core.verb:set package 'explore_lite' build argument 'catkin_cmake_args' from command line to 'None'
[1.099s] Level 5:colcon.colcon_core.verb:set package 'explore_lite' build argument 'catkin_skip_building_tests' from command line to 'False'
[1.099s] DEBUG:colcon.colcon_core.verb:Building package 'explore_lite' with the following arguments: {'ament_cmake_args': None, 'build_base': '/home/haocheng/Rosbot_workspace/build/explore_lite', 'catkin_cmake_args': None, 'catkin_skip_building_tests': False, 'cmake_args': None, 'cmake_clean_cache': False, 'cmake_clean_first': False, 'cmake_force_configure': False, 'cmake_target': None, 'cmake_target_skip_unavailable': False, 'install_base': '/home/haocheng/Rosbot_workspace/install/explore_lite', 'merge_install': False, 'path': '/home/haocheng/Rosbot_workspace/src/explore', 'symlink_install': True, 'test_result_base': None}
[1.099s] Level 5:colcon.colcon_core.verb:set package 'my_pkg' build argument 'cmake_args' from command line to 'None'
[1.099s] Level 5:colcon.colcon_core.verb:set package 'my_pkg' build argument 'cmake_target' from command line to 'None'
[1.099s] Level 5:colcon.colcon_core.verb:set package 'my_pkg' build argument 'cmake_target_skip_unavailable' from command line to 'False'
[1.099s] Level 5:colcon.colcon_core.verb:set package 'my_pkg' build argument 'cmake_clean_cache' from command line to 'False'
[1.099s] Level 5:colcon.colcon_core.verb:set package 'my_pkg' build argument 'cmake_clean_first' from command line to 'False'
[1.099s] Level 5:colcon.colcon_core.verb:set package 'my_pkg' build argument 'cmake_force_configure' from command line to 'False'
[1.099s] Level 5:colcon.colcon_core.verb:set package 'my_pkg' build argument 'ament_cmake_args' from command line to 'None'
[1.100s] Level 5:colcon.colcon_core.verb:set package 'my_pkg' build argument 'catkin_cmake_args' from command line to 'None'
[1.100s] Level 5:colcon.colcon_core.verb:set package 'my_pkg' build argument 'catkin_skip_building_tests' from command line to 'False'
[1.100s] DEBUG:colcon.colcon_core.verb:Building package 'my_pkg' with the following arguments: {'ament_cmake_args': None, 'build_base': '/home/haocheng/Rosbot_workspace/build/my_pkg', 'catkin_cmake_args': None, 'catkin_skip_building_tests': False, 'cmake_args': None, 'cmake_clean_cache': False, 'cmake_clean_first': False, 'cmake_force_configure': False, 'cmake_target': None, 'cmake_target_skip_unavailable': False, 'install_base': '/home/haocheng/Rosbot_workspace/install/my_pkg', 'merge_install': False, 'path': '/home/haocheng/Rosbot_workspace/src/my_pkg', 'symlink_install': True, 'test_result_base': None}
[1.100s] Level 5:colcon.colcon_core.verb:set package 'pkg1' build argument 'cmake_args' from command line to 'None'
[1.100s] Level 5:colcon.colcon_core.verb:set package 'pkg1' build argument 'cmake_target' from command line to 'None'
[1.100s] Level 5:colcon.colcon_core.verb:set package 'pkg1' build argument 'cmake_target_skip_unavailable' from command line to 'False'
[1.100s] Level 5:colcon.colcon_core.verb:set package 'pkg1' build argument 'cmake_clean_cache' from command line to 'False'
[1.100s] Level 5:colcon.colcon_core.verb:set package 'pkg1' build argument 'cmake_clean_first' from command line to 'False'
[1.100s] Level 5:colcon.colcon_core.verb:set package 'pkg1' build argument 'cmake_force_configure' from command line to 'False'
[1.100s] Level 5:colcon.colcon_core.verb:set package 'pkg1' build argument 'ament_cmake_args' from command line to 'None'
[1.100s] Level 5:colcon.colcon_core.verb:set package 'pkg1' build argument 'catkin_cmake_args' from command line to 'None'
[1.100s] Level 5:colcon.colcon_core.verb:set package 'pkg1' build argument 'catkin_skip_building_tests' from command line to 'False'
[1.101s] DEBUG:colcon.colcon_core.verb:Building package 'pkg1' with the following arguments: {'ament_cmake_args': None, 'build_base': '/home/haocheng/Rosbot_workspace/build/pkg1', 'catkin_cmake_args': None, 'catkin_skip_building_tests': False, 'cmake_args': None, 'cmake_clean_cache': False, 'cmake_clean_first': False, 'cmake_force_configure': False, 'cmake_target': None, 'cmake_target_skip_unavailable': False, 'install_base': '/home/haocheng/Rosbot_workspace/install/pkg1', 'merge_install': False, 'path': '/home/haocheng/Rosbot_workspace/src/pkg1', 'symlink_install': True, 'test_result_base': None}
[1.101s] INFO:colcon.colcon_core.executor:Executing jobs using 'parallel' executor
[1.103s] DEBUG:colcon.colcon_parallel_executor.executor.parallel:run_until_complete
[1.104s] INFO:colcon.colcon_ros.task.ament_cmake.build:Building ROS package in '/home/haocheng/Rosbot_workspace/src/explore' with build type 'ament_cmake'
[1.104s] INFO:colcon.colcon_cmake.task.cmake.build:Building CMake package in '/home/haocheng/Rosbot_workspace/src/explore'
[1.116s] INFO:colcon.colcon_core.plugin_system:Skipping extension 'colcon_core.shell.bat': Not used on non-Windows systems
[1.116s] INFO:colcon.colcon_core.shell:Skip shell extension 'powershell' for command environment: Not usable outside of PowerShell
[1.116s] DEBUG:colcon.colcon_core.shell:Skip shell extension 'dsv' for command environment
[1.161s] INFO:colcon.colcon_ros.task.ament_python.build:Building ROS package in '/home/haocheng/Rosbot_workspace/src/my_pkg' with build type 'ament_python'
[1.162s] Level 1:colcon.colcon_core.shell:create_environment_hook('my_pkg', 'ament_prefix_path')
[1.162s] INFO:colcon.colcon_core.shell:Creating environment hook '/home/haocheng/Rosbot_workspace/install/my_pkg/share/my_pkg/hook/ament_prefix_path.ps1'
[1.163s] INFO:colcon.colcon_core.shell:Creating environment descriptor '/home/haocheng/Rosbot_workspace/install/my_pkg/share/my_pkg/hook/ament_prefix_path.dsv'
[1.164s] INFO:colcon.colcon_core.shell:Creating environment hook '/home/haocheng/Rosbot_workspace/install/my_pkg/share/my_pkg/hook/ament_prefix_path.sh'
[1.166s] INFO:colcon.colcon_core.shell:Skip shell extension 'powershell' for command environment: Not usable outside of PowerShell
[1.166s] DEBUG:colcon.colcon_core.shell:Skip shell extension 'dsv' for command environment
[1.208s] INFO:colcon.colcon_ros.task.ament_python.build:Building ROS package in '/home/haocheng/Rosbot_workspace/src/pkg1' with build type 'ament_python'
[1.209s] Level 1:colcon.colcon_core.shell:create_environment_hook('pkg1', 'ament_prefix_path')
[1.209s] INFO:colcon.colcon_core.shell:Creating environment hook '/home/haocheng/Rosbot_workspace/install/pkg1/share/pkg1/hook/ament_prefix_path.ps1'
[1.210s] INFO:colcon.colcon_core.shell:Creating environment descriptor '/home/haocheng/Rosbot_workspace/install/pkg1/share/pkg1/hook/ament_prefix_path.dsv'
[1.211s] INFO:colcon.colcon_core.shell:Creating environment hook '/home/haocheng/Rosbot_workspace/install/pkg1/share/pkg1/hook/ament_prefix_path.sh'
[1.212s] INFO:colcon.colcon_core.shell:Skip shell extension 'powershell' for command environment: Not usable outside of PowerShell
[1.212s] DEBUG:colcon.colcon_core.shell:Skip shell extension 'dsv' for command environment
[1.264s] DEBUG:colcon.colcon_core.event_handler.log_command:Invoking command in '/home/haocheng/Rosbot_workspace/build/explore_lite': CMAKE_PREFIX_PATH=${CMAKE_PREFIX_PATH}:/home/haocheng/Rosbot_workspace/install/pkg1:/home/haocheng/Rosbot_workspace/src/install/my_pkg:/home/haocheng/Rosbot_workspace/install/my_pkg:/home/haocheng/humble_ws/install/testpkgfromW3:/home/haocheng/humble_ws/install/rosbot_utils:/home/haocheng/humble_ws/install/rosbot_gazebo:/home/haocheng/humble_ws/install/rosbot_bringup:/home/haocheng/humble_ws/install/rosbot_controller:/home/haocheng/humble_ws/install/pt2w3:/home/haocheng/aiil_workspace/humble_workspace/install/aiil_rosbot_demo:/home/haocheng/aiil_workspace/humble_workspace/install/aiil_gazebo:/opt/ros/humble:/home/haocheng/ros2_humble/install/rqt_bag_plugins:/home/haocheng/ros2_humble/install/rqt_bag:/home/haocheng/ros2_humble/install/ros2bag:/home/haocheng/ros2_humble/install/tracetools_test:/home/haocheng/ros2_humble/install/tracetools_launch:/home/haocheng/ros2_humble/install/topic_monitor:/home/haocheng/ros2_humble/install/tf2_tools:/home/haocheng/ros2_humble/install/examples_tf2_py:/home/haocheng/ros2_humble/install/tf2_ros_py:/home/haocheng/ros2_humble/install/sros2:/home/haocheng/ros2_humble/install/rqt_topic:/home/haocheng/ros2_humble/install/rqt_srv:/home/haocheng/ros2_humble/install/rqt_shell:/home/haocheng/ros2_humble/install/rqt_service_caller:/home/haocheng/ros2_humble/install/rqt_reconfigure:/home/haocheng/ros2_humble/install/rqt_py_console:/home/haocheng/ros2_humble/install/rqt_publisher:/home/haocheng/ros2_humble/install/rqt_plot:/home/haocheng/ros2_humble/install/rqt_action:/home/haocheng/ros2_humble/install/rqt_msg:/home/haocheng/ros2_humble/install/rqt_console:/home/haocheng/ros2_humble/install/rqt:/home/haocheng/ros2_humble/install/rqt_graph:/home/haocheng/ros2_humble/install/rqt_gui_py:/home/haocheng/ros2_humble/install/rqt_gui:/home/haocheng/ros2_humble/install/ros2trace:/home/haocheng/ros2_humble/install/ros2topic:/home/haocheng/ros2_humble/install/ros2test:/home/haocheng/ros2_humble/install/ros2component:/home/haocheng/ros2_humble/install/ros2param:/home/haocheng/ros2_humble/install/ros2lifecycle:/home/haocheng/ros2_humble/install/ros2service:/home/haocheng/ros2_humble/install/ros2run:/home/haocheng/ros2_humble/install/ros2launch:/home/haocheng/ros2_humble/install/ros2pkg:/home/haocheng/ros2_humble/install/ros2node:/home/haocheng/ros2_humble/install/ros2multicast:/home/haocheng/ros2_humble/install/ros2interface:/home/haocheng/ros2_humble/install/ros2doctor:/home/haocheng/ros2_humble/install/ros2action:/home/haocheng/ros2_humble/install/ros2cli:/home/haocheng/ros2_humble/install/quality_of_service_demo_py:/home/haocheng/ros2_humble/install/lifecycle_py:/home/haocheng/ros2_humble/install/launch_testing_ros:/home/haocheng/ros2_humble/install/launch_ros:/home/haocheng/ros2_humble/install/examples_rclpy_pointcloud_publisher:/home/haocheng/ros2_humble/install/examples_rclpy_minimal_subscriber:/home/haocheng/ros2_humble/install/examples_rclpy_minimal_service:/home/haocheng/ros2_humble/install/examples_rclpy_minimal_publisher:/home/haocheng/ros2_humble/install/examples_rclpy_minimal_client:/home/haocheng/ros2_humble/install/examples_rclpy_minimal_action_server:/home/haocheng/ros2_humble/install/examples_rclpy_minimal_action_client:/home/haocheng/ros2_humble/install/examples_rclpy_guard_conditions:/home/haocheng/ros2_humble/install/examples_rclpy_executors:/home/haocheng/ros2_humble/install/demo_nodes_py:/home/haocheng/ros2_humble/install/action_tutorials_py:/home/haocheng/ros2_humble/install/ament_uncrustify:/home/haocheng/ros2_humble/install/tracetools_trace:/home/haocheng/ros2_humble/install/tracetools_read:/home/haocheng/ros2_humble/install/test_tracetools_launch:/home/haocheng/ros2_humble/install/test_launch_ros:/home/haocheng/ros2_humble/install/sensor_msgs_py:/home/haocheng/ros2_humble/install/rpyutils:/home/haocheng/ros2_humble/install/rosidl_runtime_py:/home/haocheng/ros2_humble/install/rosidl_cli:/home/haocheng/ros2_humble/install/launch_pytest:/home/haocheng/ros2_humble/install/launch_testing:/home/haocheng/ros2_humble/install/launch_yaml:/home/haocheng/ros2_humble/install/launch_xml:/home/haocheng/ros2_humble/install/launch:/home/haocheng/ros2_humble/install/osrf_pycommon:/home/haocheng/ros2_humble/install/launch_testing_examples:/home/haocheng/ros2_humble/install/domain_coordinator:/home/haocheng/ros2_humble/install/ament_xmllint:/home/haocheng/ros2_humble/install/ament_pyflakes:/home/haocheng/ros2_humble/install/ament_pycodestyle:/home/haocheng/ros2_humble/install/ament_pep257:/home/haocheng/ros2_humble/install/ament_pclint:/home/haocheng/ros2_humble/install/ament_package:/home/haocheng/ros2_humble/install/ament_mypy:/home/haocheng/ros2_humble/install/ament_lint_cmake:/home/haocheng/ros2_humble/install/ament_flake8:/home/haocheng/ros2_humble/install/ament_copyright:/home/haocheng/ros2_humble/install/ament_lint:/home/haocheng/ros2_humble/install/ament_index_python:/home/haocheng/ros2_humble/install/ament_cpplint:/home/haocheng/ros2_humble/install/ament_cppcheck:/home/haocheng/ros2_humble/install/ament_clang_tidy:/home/haocheng/ros2_humble/install/ament_clang_format /usr/bin/cmake /home/haocheng/Rosbot_workspace/src/explore -DAMENT_CMAKE_SYMLINK_INSTALL=1 -DCMAKE_INSTALL_PREFIX=/home/haocheng/Rosbot_workspace/install/explore_lite
[2.177s] INFO:colcon.colcon_core.task.python.build:Building Python package in '/home/haocheng/Rosbot_workspace/src/my_pkg'
[2.178s] INFO:colcon.colcon_core.shell:Skip shell extension 'powershell' for command environment: Not usable outside of PowerShell
[2.178s] DEBUG:colcon.colcon_core.shell:Skip shell extension 'dsv' for command environment
[3.131s] INFO:colcon.colcon_core.task.python.build:Building Python package in '/home/haocheng/Rosbot_workspace/src/pkg1'
[3.131s] INFO:colcon.colcon_core.shell:Skip shell extension 'powershell' for command environment: Not usable outside of PowerShell
[3.132s] DEBUG:colcon.colcon_core.shell:Skip shell extension 'dsv' for command environment
[4.459s] DEBUG:colcon.colcon_core.task.python.build:While undoing a previous installation files outside the Python library path are being ignored: /home/haocheng/Rosbot_workspace/install/my_pkg/share/ament_index/resource_index/packages/my_pkg
[4.459s] DEBUG:colcon.colcon_core.task.python.build:While undoing a previous installation files outside the Python library path are being ignored: /home/haocheng/Rosbot_workspace/install/my_pkg/share/my_pkg/package.xml
[4.459s] DEBUG:colcon.colcon_core.task.python.build:While undoing a previous installation files outside the Python library path are being ignored: /home/haocheng/Rosbot_workspace/install/my_pkg/share/my_pkg/launch/my_pkg.launch.py
[4.460s] DEBUG:colcon.colcon_core.task.python.build:While undoing a previous installation files outside the Python library path are being ignored: /home/haocheng/Rosbot_workspace/install/my_pkg/lib/my_pkg/image_localizer
[4.460s] DEBUG:colcon.colcon_core.task.python.build:While undoing a previous installation files outside the Python library path are being ignored: /home/haocheng/Rosbot_workspace/install/my_pkg/lib/my_pkg/position_detection
[4.460s] DEBUG:colcon.colcon_core.task.python.build:While undoing a previous installation files outside the Python library path are being ignored: /home/haocheng/Rosbot_workspace/install/my_pkg/lib/my_pkg/rotate_robot
[4.469s] DEBUG:colcon.colcon_core.event_handler.log_command:Invoking command in '/home/haocheng/Rosbot_workspace/build/my_pkg': PYTHONPATH=/home/haocheng/Rosbot_workspace/build/my_pkg/prefix_override:/home/haocheng/Rosbot_workspace/install/my_pkg/lib/python3.10/site-packages:${PYTHONPATH} /usr/bin/python3 -W ignore:setup.py install is deprecated setup.py develop --editable --build-directory /home/haocheng/Rosbot_workspace/build/my_pkg/build --no-deps symlink_data --force
[4.481s] DEBUG:colcon.colcon_core.task.python.build:While undoing a previous installation files outside the Python library path are being ignored: /home/haocheng/Rosbot_workspace/install/pkg1/share/ament_index/resource_index/packages/pkg1
[4.481s] DEBUG:colcon.colcon_core.task.python.build:While undoing a previous installation files outside the Python library path are being ignored: /home/haocheng/Rosbot_workspace/install/pkg1/share/pkg1/package.xml
[4.481s] DEBUG:colcon.colcon_core.task.python.build:While undoing a previous installation files outside the Python library path are being ignored: /home/haocheng/Rosbot_workspace/install/pkg1/share/pkg1/launch/pkg1.launch.py
[4.481s] DEBUG:colcon.colcon_core.task.python.build:While undoing a previous installation files outside the Python library path are being ignored: /home/haocheng/Rosbot_workspace/install/pkg1/lib/pkg1/exploration_manager
[4.481s] DEBUG:colcon.colcon_core.task.python.build:While undoing a previous installation files outside the Python library path are being ignored: /home/haocheng/Rosbot_workspace/install/pkg1/lib/pkg1/explore
[4.481s] DEBUG:colcon.colcon_core.task.python.build:While undoing a previous installation files outside the Python library path are being ignored: /home/haocheng/Rosbot_workspace/install/pkg1/lib/pkg1/goinitial
[4.481s] DEBUG:colcon.colcon_core.task.python.build:While undoing a previous installation files outside the Python library path are being ignored: /home/haocheng/Rosbot_workspace/install/pkg1/lib/pkg1/object_detection_mover
[4.486s] DEBUG:colcon.colcon_core.event_handler.log_command:Invoking command in '/home/haocheng/Rosbot_workspace/build/pkg1': PYTHONPATH=/home/haocheng/Rosbot_workspace/build/pkg1/prefix_override:/home/haocheng/Rosbot_workspace/install/pkg1/lib/python3.10/site-packages:${PYTHONPATH} /usr/bin/python3 -W ignore:setup.py install is deprecated setup.py develop --editable --build-directory /home/haocheng/Rosbot_workspace/build/pkg1/build --no-deps symlink_data --force
[6.073s] Level 1:colcon.colcon_core.shell:create_environment_hook('pkg1', 'pythonpath_develop')
[6.073s] INFO:colcon.colcon_core.shell:Creating environment hook '/home/haocheng/Rosbot_workspace/build/pkg1/share/pkg1/hook/pythonpath_develop.ps1'
[6.074s] DEBUG:colcon.colcon_core.event_handler.log_command:Invoked command in '/home/haocheng/Rosbot_workspace/build/pkg1' returned '0': PYTHONPATH=/home/haocheng/Rosbot_workspace/build/pkg1/prefix_override:/home/haocheng/Rosbot_workspace/install/pkg1/lib/python3.10/site-packages:${PYTHONPATH} /usr/bin/python3 -W ignore:setup.py install is deprecated setup.py develop --editable --build-directory /home/haocheng/Rosbot_workspace/build/pkg1/build --no-deps symlink_data --force
[6.074s] INFO:colcon.colcon_core.shell:Creating environment descriptor '/home/haocheng/Rosbot_workspace/build/pkg1/share/pkg1/hook/pythonpath_develop.dsv'
[6.075s] INFO:colcon.colcon_core.shell:Creating environment hook '/home/haocheng/Rosbot_workspace/build/pkg1/share/pkg1/hook/pythonpath_develop.sh'
[6.086s] Level 1:colcon.colcon_core.environment:checking '/home/haocheng/Rosbot_workspace/install/pkg1' for CMake module files
[6.087s] Level 1:colcon.colcon_core.environment:checking '/home/haocheng/Rosbot_workspace/install/pkg1' for CMake config files
[6.088s] Level 1:colcon.colcon_core.environment:checking '/home/haocheng/Rosbot_workspace/install/pkg1/lib'
[6.088s] Level 1:colcon.colcon_core.environment:checking '/home/haocheng/Rosbot_workspace/install/pkg1/bin'
[6.088s] Level 1:colcon.colcon_core.environment:checking '/home/haocheng/Rosbot_workspace/install/pkg1/lib/pkgconfig/pkg1.pc'
[6.088s] Level 1:colcon.colcon_core.environment:checking '/home/haocheng/Rosbot_workspace/install/pkg1/lib/python3.10/site-packages'
[6.088s] Level 1:colcon.colcon_core.shell:create_environment_hook('pkg1', 'pythonpath')
[6.089s] INFO:colcon.colcon_core.shell:Creating environment hook '/home/haocheng/Rosbot_workspace/install/pkg1/share/pkg1/hook/pythonpath.ps1'
[6.090s] INFO:colcon.colcon_core.shell:Creating environment descriptor '/home/haocheng/Rosbot_workspace/install/pkg1/share/pkg1/hook/pythonpath.dsv'
[6.090s] INFO:colcon.colcon_core.shell:Creating environment hook '/home/haocheng/Rosbot_workspace/install/pkg1/share/pkg1/hook/pythonpath.sh'
[6.094s] Level 1:colcon.colcon_core.environment:checking '/home/haocheng/Rosbot_workspace/install/pkg1/bin'
[6.094s] Level 1:colcon.colcon_core.environment:create_environment_scripts_only(pkg1)
[6.095s] INFO:colcon.colcon_core.shell:Creating package script '/home/haocheng/Rosbot_workspace/install/pkg1/share/pkg1/package.ps1'
[6.097s] INFO:colcon.colcon_core.shell:Creating package descriptor '/home/haocheng/Rosbot_workspace/install/pkg1/share/pkg1/package.dsv'
[6.097s] INFO:colcon.colcon_core.shell:Creating package script '/home/haocheng/Rosbot_workspace/install/pkg1/share/pkg1/package.sh'
[6.098s] INFO:colcon.colcon_core.shell:Creating package script '/home/haocheng/Rosbot_workspace/install/pkg1/share/pkg1/package.bash'
[6.099s] INFO:colcon.colcon_core.shell:Creating package script '/home/haocheng/Rosbot_workspace/install/pkg1/share/pkg1/package.zsh'
[6.100s] Level 1:colcon.colcon_core.environment:create_file_with_runtime_dependencies(/home/haocheng/Rosbot_workspace/install/pkg1/share/colcon-core/packages/pkg1)
[6.101s] Level 1:colcon.colcon_core.shell:create_environment_hook('my_pkg', 'pythonpath_develop')
[6.101s] INFO:colcon.colcon_core.shell:Creating environment hook '/home/haocheng/Rosbot_workspace/build/my_pkg/share/my_pkg/hook/pythonpath_develop.ps1'
[6.103s] DEBUG:colcon.colcon_core.event_handler.log_command:Invoked command in '/home/haocheng/Rosbot_workspace/build/my_pkg' returned '0': PYTHONPATH=/home/haocheng/Rosbot_workspace/build/my_pkg/prefix_override:/home/haocheng/Rosbot_workspace/install/my_pkg/lib/python3.10/site-packages:${PYTHONPATH} /usr/bin/python3 -W ignore:setup.py install is deprecated setup.py develop --editable --build-directory /home/haocheng/Rosbot_workspace/build/my_pkg/build --no-deps symlink_data --force
[6.103s] INFO:colcon.colcon_core.shell:Creating environment descriptor '/home/haocheng/Rosbot_workspace/build/my_pkg/share/my_pkg/hook/pythonpath_develop.dsv'
[6.103s] INFO:colcon.colcon_core.shell:Creating environment hook '/home/haocheng/Rosbot_workspace/build/my_pkg/share/my_pkg/hook/pythonpath_develop.sh'
[6.104s] Level 1:colcon.colcon_core.environment:checking '/home/haocheng/Rosbot_workspace/install/my_pkg' for CMake module files
[6.104s] Level 1:colcon.colcon_core.environment:checking '/home/haocheng/Rosbot_workspace/install/my_pkg' for CMake config files
[6.105s] Level 1:colcon.colcon_core.environment:checking '/home/haocheng/Rosbot_workspace/install/my_pkg/lib'
[6.105s] Level 1:colcon.colcon_core.environment:checking '/home/haocheng/Rosbot_workspace/install/my_pkg/bin'
[6.105s] Level 1:colcon.colcon_core.environment:checking '/home/haocheng/Rosbot_workspace/install/my_pkg/lib/pkgconfig/my_pkg.pc'
[6.105s] Level 1:colcon.colcon_core.environment:checking '/home/haocheng/Rosbot_workspace/install/my_pkg/lib/python3.10/site-packages'
[6.105s] Level 1:colcon.colcon_core.shell:create_environment_hook('my_pkg', 'pythonpath')
[6.105s] INFO:colcon.colcon_core.shell:Creating environment hook '/home/haocheng/Rosbot_workspace/install/my_pkg/share/my_pkg/hook/pythonpath.ps1'
[6.107s] INFO:colcon.colcon_core.shell:Creating environment descriptor '/home/haocheng/Rosbot_workspace/install/my_pkg/share/my_pkg/hook/pythonpath.dsv'
[6.107s] INFO:colcon.colcon_core.shell:Creating environment hook '/home/haocheng/Rosbot_workspace/install/my_pkg/share/my_pkg/hook/pythonpath.sh'
[6.108s] Level 1:colcon.colcon_core.environment:checking '/home/haocheng/Rosbot_workspace/install/my_pkg/bin'
[6.109s] Level 1:colcon.colcon_core.environment:create_environment_scripts_only(my_pkg)
[6.109s] INFO:colcon.colcon_core.shell:Creating package script '/home/haocheng/Rosbot_workspace/install/my_pkg/share/my_pkg/package.ps1'
[6.110s] INFO:colcon.colcon_core.shell:Creating package descriptor '/home/haocheng/Rosbot_workspace/install/my_pkg/share/my_pkg/package.dsv'
[6.111s] INFO:colcon.colcon_core.shell:Creating package script '/home/haocheng/Rosbot_workspace/install/my_pkg/share/my_pkg/package.sh'
[6.111s] INFO:colcon.colcon_core.shell:Creating package script '/home/haocheng/Rosbot_workspace/install/my_pkg/share/my_pkg/package.bash'
[6.112s] INFO:colcon.colcon_core.shell:Creating package script '/home/haocheng/Rosbot_workspace/install/my_pkg/share/my_pkg/package.zsh'
[6.112s] Level 1:colcon.colcon_core.environment:create_file_with_runtime_dependencies(/home/haocheng/Rosbot_workspace/install/my_pkg/share/colcon-core/packages/my_pkg)
[6.871s] DEBUG:colcon.colcon_core.event_handler.log_command:Invoked command in '/home/haocheng/Rosbot_workspace/build/explore_lite' returned '0': CMAKE_PREFIX_PATH=${CMAKE_PREFIX_PATH}:/home/haocheng/Rosbot_workspace/install/pkg1:/home/haocheng/Rosbot_workspace/src/install/my_pkg:/home/haocheng/Rosbot_workspace/install/my_pkg:/home/haocheng/humble_ws/install/testpkgfromW3:/home/haocheng/humble_ws/install/rosbot_utils:/home/haocheng/humble_ws/install/rosbot_gazebo:/home/haocheng/humble_ws/install/rosbot_bringup:/home/haocheng/humble_ws/install/rosbot_controller:/home/haocheng/humble_ws/install/pt2w3:/home/haocheng/aiil_workspace/humble_workspace/install/aiil_rosbot_demo:/home/haocheng/aiil_workspace/humble_workspace/install/aiil_gazebo:/opt/ros/humble:/home/haocheng/ros2_humble/install/rqt_bag_plugins:/home/haocheng/ros2_humble/install/rqt_bag:/home/haocheng/ros2_humble/install/ros2bag:/home/haocheng/ros2_humble/install/tracetools_test:/home/haocheng/ros2_humble/install/tracetools_launch:/home/haocheng/ros2_humble/install/topic_monitor:/home/haocheng/ros2_humble/install/tf2_tools:/home/haocheng/ros2_humble/install/examples_tf2_py:/home/haocheng/ros2_humble/install/tf2_ros_py:/home/haocheng/ros2_humble/install/sros2:/home/haocheng/ros2_humble/install/rqt_topic:/home/haocheng/ros2_humble/install/rqt_srv:/home/haocheng/ros2_humble/install/rqt_shell:/home/haocheng/ros2_humble/install/rqt_service_caller:/home/haocheng/ros2_humble/install/rqt_reconfigure:/home/haocheng/ros2_humble/install/rqt_py_console:/home/haocheng/ros2_humble/install/rqt_publisher:/home/haocheng/ros2_humble/install/rqt_plot:/home/haocheng/ros2_humble/install/rqt_action:/home/haocheng/ros2_humble/install/rqt_msg:/home/haocheng/ros2_humble/install/rqt_console:/home/haocheng/ros2_humble/install/rqt:/home/haocheng/ros2_humble/install/rqt_graph:/home/haocheng/ros2_humble/install/rqt_gui_py:/home/haocheng/ros2_humble/install/rqt_gui:/home/haocheng/ros2_humble/install/ros2trace:/home/haocheng/ros2_humble/install/ros2topic:/home/haocheng/ros2_humble/install/ros2test:/home/haocheng/ros2_humble/install/ros2component:/home/haocheng/ros2_humble/install/ros2param:/home/haocheng/ros2_humble/install/ros2lifecycle:/home/haocheng/ros2_humble/install/ros2service:/home/haocheng/ros2_humble/install/ros2run:/home/haocheng/ros2_humble/install/ros2launch:/home/haocheng/ros2_humble/install/ros2pkg:/home/haocheng/ros2_humble/install/ros2node:/home/haocheng/ros2_humble/install/ros2multicast:/home/haocheng/ros2_humble/install/ros2interface:/home/haocheng/ros2_humble/install/ros2doctor:/home/haocheng/ros2_humble/install/ros2action:/home/haocheng/ros2_humble/install/ros2cli:/home/haocheng/ros2_humble/install/quality_of_service_demo_py:/home/haocheng/ros2_humble/install/lifecycle_py:/home/haocheng/ros2_humble/install/launch_testing_ros:/home/haocheng/ros2_humble/install/launch_ros:/home/haocheng/ros2_humble/install/examples_rclpy_pointcloud_publisher:/home/haocheng/ros2_humble/install/examples_rclpy_minimal_subscriber:/home/haocheng/ros2_humble/install/examples_rclpy_minimal_service:/home/haocheng/ros2_humble/install/examples_rclpy_minimal_publisher:/home/haocheng/ros2_humble/install/examples_rclpy_minimal_client:/home/haocheng/ros2_humble/install/examples_rclpy_minimal_action_server:/home/haocheng/ros2_humble/install/examples_rclpy_minimal_action_client:/home/haocheng/ros2_humble/install/examples_rclpy_guard_conditions:/home/haocheng/ros2_humble/install/examples_rclpy_executors:/home/haocheng/ros2_humble/install/demo_nodes_py:/home/haocheng/ros2_humble/install/action_tutorials_py:/home/haocheng/ros2_humble/install/ament_uncrustify:/home/haocheng/ros2_humble/install/tracetools_trace:/home/haocheng/ros2_humble/install/tracetools_read:/home/haocheng/ros2_humble/install/test_tracetools_launch:/home/haocheng/ros2_humble/install/test_launch_ros:/home/haocheng/ros2_humble/install/sensor_msgs_py:/home/haocheng/ros2_humble/install/rpyutils:/home/haocheng/ros2_humble/install/rosidl_runtime_py:/home/haocheng/ros2_humble/install/rosidl_cli:/home/haocheng/ros2_humble/install/launch_pytest:/home/haocheng/ros2_humble/install/launch_testing:/home/haocheng/ros2_humble/install/launch_yaml:/home/haocheng/ros2_humble/install/launch_xml:/home/haocheng/ros2_humble/install/launch:/home/haocheng/ros2_humble/install/osrf_pycommon:/home/haocheng/ros2_humble/install/launch_testing_examples:/home/haocheng/ros2_humble/install/domain_coordinator:/home/haocheng/ros2_humble/install/ament_xmllint:/home/haocheng/ros2_humble/install/ament_pyflakes:/home/haocheng/ros2_humble/install/ament_pycodestyle:/home/haocheng/ros2_humble/install/ament_pep257:/home/haocheng/ros2_humble/install/ament_pclint:/home/haocheng/ros2_humble/install/ament_package:/home/haocheng/ros2_humble/install/ament_mypy:/home/haocheng/ros2_humble/install/ament_lint_cmake:/home/haocheng/ros2_humble/install/ament_flake8:/home/haocheng/ros2_humble/install/ament_copyright:/home/haocheng/ros2_humble/install/ament_lint:/home/haocheng/ros2_humble/install/ament_index_python:/home/haocheng/ros2_humble/install/ament_cpplint:/home/haocheng/ros2_humble/install/ament_cppcheck:/home/haocheng/ros2_humble/install/ament_clang_tidy:/home/haocheng/ros2_humble/install/ament_clang_format /usr/bin/cmake /home/haocheng/Rosbot_workspace/src/explore -DAMENT_CMAKE_SYMLINK_INSTALL=1 -DCMAKE_INSTALL_PREFIX=/home/haocheng/Rosbot_workspace/install/explore_lite
[6.873s] DEBUG:colcon.colcon_core.event_handler.log_command:Invoking command in '/home/haocheng/Rosbot_workspace/build/explore_lite': CMAKE_PREFIX_PATH=${CMAKE_PREFIX_PATH}:/home/haocheng/Rosbot_workspace/install/pkg1:/home/haocheng/Rosbot_workspace/src/install/my_pkg:/home/haocheng/Rosbot_workspace/install/my_pkg:/home/haocheng/humble_ws/install/testpkgfromW3:/home/haocheng/humble_ws/install/rosbot_utils:/home/haocheng/humble_ws/install/rosbot_gazebo:/home/haocheng/humble_ws/install/rosbot_bringup:/home/haocheng/humble_ws/install/rosbot_controller:/home/haocheng/humble_ws/install/pt2w3:/home/haocheng/aiil_workspace/humble_workspace/install/aiil_rosbot_demo:/home/haocheng/aiil_workspace/humble_workspace/install/aiil_gazebo:/opt/ros/humble:/home/haocheng/ros2_humble/install/rqt_bag_plugins:/home/haocheng/ros2_humble/install/rqt_bag:/home/haocheng/ros2_humble/install/ros2bag:/home/haocheng/ros2_humble/install/tracetools_test:/home/haocheng/ros2_humble/install/tracetools_launch:/home/haocheng/ros2_humble/install/topic_monitor:/home/haocheng/ros2_humble/install/tf2_tools:/home/haocheng/ros2_humble/install/examples_tf2_py:/home/haocheng/ros2_humble/install/tf2_ros_py:/home/haocheng/ros2_humble/install/sros2:/home/haocheng/ros2_humble/install/rqt_topic:/home/haocheng/ros2_humble/install/rqt_srv:/home/haocheng/ros2_humble/install/rqt_shell:/home/haocheng/ros2_humble/install/rqt_service_caller:/home/haocheng/ros2_humble/install/rqt_reconfigure:/home/haocheng/ros2_humble/install/rqt_py_console:/home/haocheng/ros2_humble/install/rqt_publisher:/home/haocheng/ros2_humble/install/rqt_plot:/home/haocheng/ros2_humble/install/rqt_action:/home/haocheng/ros2_humble/install/rqt_msg:/home/haocheng/ros2_humble/install/rqt_console:/home/haocheng/ros2_humble/install/rqt:/home/haocheng/ros2_humble/install/rqt_graph:/home/haocheng/ros2_humble/install/rqt_gui_py:/home/haocheng/ros2_humble/install/rqt_gui:/home/haocheng/ros2_humble/install/ros2trace:/home/haocheng/ros2_humble/install/ros2topic:/home/haocheng/ros2_humble/install/ros2test:/home/haocheng/ros2_humble/install/ros2component:/home/haocheng/ros2_humble/install/ros2param:/home/haocheng/ros2_humble/install/ros2lifecycle:/home/haocheng/ros2_humble/install/ros2service:/home/haocheng/ros2_humble/install/ros2run:/home/haocheng/ros2_humble/install/ros2launch:/home/haocheng/ros2_humble/install/ros2pkg:/home/haocheng/ros2_humble/install/ros2node:/home/haocheng/ros2_humble/install/ros2multicast:/home/haocheng/ros2_humble/install/ros2interface:/home/haocheng/ros2_humble/install/ros2doctor:/home/haocheng/ros2_humble/install/ros2action:/home/haocheng/ros2_humble/install/ros2cli:/home/haocheng/ros2_humble/install/quality_of_service_demo_py:/home/haocheng/ros2_humble/install/lifecycle_py:/home/haocheng/ros2_humble/install/launch_testing_ros:/home/haocheng/ros2_humble/install/launch_ros:/home/haocheng/ros2_humble/install/examples_rclpy_pointcloud_publisher:/home/haocheng/ros2_humble/install/examples_rclpy_minimal_subscriber:/home/haocheng/ros2_humble/install/examples_rclpy_minimal_service:/home/haocheng/ros2_humble/install/examples_rclpy_minimal_publisher:/home/haocheng/ros2_humble/install/examples_rclpy_minimal_client:/home/haocheng/ros2_humble/install/examples_rclpy_minimal_action_server:/home/haocheng/ros2_humble/install/examples_rclpy_minimal_action_client:/home/haocheng/ros2_humble/install/examples_rclpy_guard_conditions:/home/haocheng/ros2_humble/install/examples_rclpy_executors:/home/haocheng/ros2_humble/install/demo_nodes_py:/home/haocheng/ros2_humble/install/action_tutorials_py:/home/haocheng/ros2_humble/install/ament_uncrustify:/home/haocheng/ros2_humble/install/tracetools_trace:/home/haocheng/ros2_humble/install/tracetools_read:/home/haocheng/ros2_humble/install/test_tracetools_launch:/home/haocheng/ros2_humble/install/test_launch_ros:/home/haocheng/ros2_humble/install/sensor_msgs_py:/home/haocheng/ros2_humble/install/rpyutils:/home/haocheng/ros2_humble/install/rosidl_runtime_py:/home/haocheng/ros2_humble/install/rosidl_cli:/home/haocheng/ros2_humble/install/launch_pytest:/home/haocheng/ros2_humble/install/launch_testing:/home/haocheng/ros2_humble/install/launch_yaml:/home/haocheng/ros2_humble/install/launch_xml:/home/haocheng/ros2_humble/install/launch:/home/haocheng/ros2_humble/install/osrf_pycommon:/home/haocheng/ros2_humble/install/launch_testing_examples:/home/haocheng/ros2_humble/install/domain_coordinator:/home/haocheng/ros2_humble/install/ament_xmllint:/home/haocheng/ros2_humble/install/ament_pyflakes:/home/haocheng/ros2_humble/install/ament_pycodestyle:/home/haocheng/ros2_humble/install/ament_pep257:/home/haocheng/ros2_humble/install/ament_pclint:/home/haocheng/ros2_humble/install/ament_package:/home/haocheng/ros2_humble/install/ament_mypy:/home/haocheng/ros2_humble/install/ament_lint_cmake:/home/haocheng/ros2_humble/install/ament_flake8:/home/haocheng/ros2_humble/install/ament_copyright:/home/haocheng/ros2_humble/install/ament_lint:/home/haocheng/ros2_humble/install/ament_index_python:/home/haocheng/ros2_humble/install/ament_cpplint:/home/haocheng/ros2_humble/install/ament_cppcheck:/home/haocheng/ros2_humble/install/ament_clang_tidy:/home/haocheng/ros2_humble/install/ament_clang_format /usr/bin/cmake --build /home/haocheng/Rosbot_workspace/build/explore_lite -- -j16 -l16
[19.340s] DEBUG:colcon.colcon_core.event_handler.log_command:Invoked command in '/home/haocheng/Rosbot_workspace/build/explore_lite' returned '0': CMAKE_PREFIX_PATH=${CMAKE_PREFIX_PATH}:/home/haocheng/Rosbot_workspace/install/pkg1:/home/haocheng/Rosbot_workspace/src/install/my_pkg:/home/haocheng/Rosbot_workspace/install/my_pkg:/home/haocheng/humble_ws/install/testpkgfromW3:/home/haocheng/humble_ws/install/rosbot_utils:/home/haocheng/humble_ws/install/rosbot_gazebo:/home/haocheng/humble_ws/install/rosbot_bringup:/home/haocheng/humble_ws/install/rosbot_controller:/home/haocheng/humble_ws/install/pt2w3:/home/haocheng/aiil_workspace/humble_workspace/install/aiil_rosbot_demo:/home/haocheng/aiil_workspace/humble_workspace/install/aiil_gazebo:/opt/ros/humble:/home/haocheng/ros2_humble/install/rqt_bag_plugins:/home/haocheng/ros2_humble/install/rqt_bag:/home/haocheng/ros2_humble/install/ros2bag:/home/haocheng/ros2_humble/install/tracetools_test:/home/haocheng/ros2_humble/install/tracetools_launch:/home/haocheng/ros2_humble/install/topic_monitor:/home/haocheng/ros2_humble/install/tf2_tools:/home/haocheng/ros2_humble/install/examples_tf2_py:/home/haocheng/ros2_humble/install/tf2_ros_py:/home/haocheng/ros2_humble/install/sros2:/home/haocheng/ros2_humble/install/rqt_topic:/home/haocheng/ros2_humble/install/rqt_srv:/home/haocheng/ros2_humble/install/rqt_shell:/home/haocheng/ros2_humble/install/rqt_service_caller:/home/haocheng/ros2_humble/install/rqt_reconfigure:/home/haocheng/ros2_humble/install/rqt_py_console:/home/haocheng/ros2_humble/install/rqt_publisher:/home/haocheng/ros2_humble/install/rqt_plot:/home/haocheng/ros2_humble/install/rqt_action:/home/haocheng/ros2_humble/install/rqt_msg:/home/haocheng/ros2_humble/install/rqt_console:/home/haocheng/ros2_humble/install/rqt:/home/haocheng/ros2_humble/install/rqt_graph:/home/haocheng/ros2_humble/install/rqt_gui_py:/home/haocheng/ros2_humble/install/rqt_gui:/home/haocheng/ros2_humble/install/ros2trace:/home/haocheng/ros2_humble/install/ros2topic:/home/haocheng/ros2_humble/install/ros2test:/home/haocheng/ros2_humble/install/ros2component:/home/haocheng/ros2_humble/install/ros2param:/home/haocheng/ros2_humble/install/ros2lifecycle:/home/haocheng/ros2_humble/install/ros2service:/home/haocheng/ros2_humble/install/ros2run:/home/haocheng/ros2_humble/install/ros2launch:/home/haocheng/ros2_humble/install/ros2pkg:/home/haocheng/ros2_humble/install/ros2node:/home/haocheng/ros2_humble/install/ros2multicast:/home/haocheng/ros2_humble/install/ros2interface:/home/haocheng/ros2_humble/install/ros2doctor:/home/haocheng/ros2_humble/install/ros2action:/home/haocheng/ros2_humble/install/ros2cli:/home/haocheng/ros2_humble/install/quality_of_service_demo_py:/home/haocheng/ros2_humble/install/lifecycle_py:/home/haocheng/ros2_humble/install/launch_testing_ros:/home/haocheng/ros2_humble/install/launch_ros:/home/haocheng/ros2_humble/install/examples_rclpy_pointcloud_publisher:/home/haocheng/ros2_humble/install/examples_rclpy_minimal_subscriber:/home/haocheng/ros2_humble/install/examples_rclpy_minimal_service:/home/haocheng/ros2_humble/install/examples_rclpy_minimal_publisher:/home/haocheng/ros2_humble/install/examples_rclpy_minimal_client:/home/haocheng/ros2_humble/install/examples_rclpy_minimal_action_server:/home/haocheng/ros2_humble/install/examples_rclpy_minimal_action_client:/home/haocheng/ros2_humble/install/examples_rclpy_guard_conditions:/home/haocheng/ros2_humble/install/examples_rclpy_executors:/home/haocheng/ros2_humble/install/demo_nodes_py:/home/haocheng/ros2_humble/install/action_tutorials_py:/home/haocheng/ros2_humble/install/ament_uncrustify:/home/haocheng/ros2_humble/install/tracetools_trace:/home/haocheng/ros2_humble/install/tracetools_read:/home/haocheng/ros2_humble/install/test_tracetools_launch:/home/haocheng/ros2_humble/install/test_launch_ros:/home/haocheng/ros2_humble/install/sensor_msgs_py:/home/haocheng/ros2_humble/install/rpyutils:/home/haocheng/ros2_humble/install/rosidl_runtime_py:/home/haocheng/ros2_humble/install/rosidl_cli:/home/haocheng/ros2_humble/install/launch_pytest:/home/haocheng/ros2_humble/install/launch_testing:/home/haocheng/ros2_humble/install/launch_yaml:/home/haocheng/ros2_humble/install/launch_xml:/home/haocheng/ros2_humble/install/launch:/home/haocheng/ros2_humble/install/osrf_pycommon:/home/haocheng/ros2_humble/install/launch_testing_examples:/home/haocheng/ros2_humble/install/domain_coordinator:/home/haocheng/ros2_humble/install/ament_xmllint:/home/haocheng/ros2_humble/install/ament_pyflakes:/home/haocheng/ros2_humble/install/ament_pycodestyle:/home/haocheng/ros2_humble/install/ament_pep257:/home/haocheng/ros2_humble/install/ament_pclint:/home/haocheng/ros2_humble/install/ament_package:/home/haocheng/ros2_humble/install/ament_mypy:/home/haocheng/ros2_humble/install/ament_lint_cmake:/home/haocheng/ros2_humble/install/ament_flake8:/home/haocheng/ros2_humble/install/ament_copyright:/home/haocheng/ros2_humble/install/ament_lint:/home/haocheng/ros2_humble/install/ament_index_python:/home/haocheng/ros2_humble/install/ament_cpplint:/home/haocheng/ros2_humble/install/ament_cppcheck:/home/haocheng/ros2_humble/install/ament_clang_tidy:/home/haocheng/ros2_humble/install/ament_clang_format /usr/bin/cmake --build /home/haocheng/Rosbot_workspace/build/explore_lite -- -j16 -l16
[19.662s] DEBUG:colcon.colcon_core.event_handler.log_command:Invoking command in '/home/haocheng/Rosbot_workspace/build/explore_lite': CMAKE_PREFIX_PATH=${CMAKE_PREFIX_PATH}:/home/haocheng/Rosbot_workspace/install/pkg1:/home/haocheng/Rosbot_workspace/src/install/my_pkg:/home/haocheng/Rosbot_workspace/install/my_pkg:/home/haocheng/humble_ws/install/testpkgfromW3:/home/haocheng/humble_ws/install/rosbot_utils:/home/haocheng/humble_ws/install/rosbot_gazebo:/home/haocheng/humble_ws/install/rosbot_bringup:/home/haocheng/humble_ws/install/rosbot_controller:/home/haocheng/humble_ws/install/pt2w3:/home/haocheng/aiil_workspace/humble_workspace/install/aiil_rosbot_demo:/home/haocheng/aiil_workspace/humble_workspace/install/aiil_gazebo:/opt/ros/humble:/home/haocheng/ros2_humble/install/rqt_bag_plugins:/home/haocheng/ros2_humble/install/rqt_bag:/home/haocheng/ros2_humble/install/ros2bag:/home/haocheng/ros2_humble/install/tracetools_test:/home/haocheng/ros2_humble/install/tracetools_launch:/home/haocheng/ros2_humble/install/topic_monitor:/home/haocheng/ros2_humble/install/tf2_tools:/home/haocheng/ros2_humble/install/examples_tf2_py:/home/haocheng/ros2_humble/install/tf2_ros_py:/home/haocheng/ros2_humble/install/sros2:/home/haocheng/ros2_humble/install/rqt_topic:/home/haocheng/ros2_humble/install/rqt_srv:/home/haocheng/ros2_humble/install/rqt_shell:/home/haocheng/ros2_humble/install/rqt_service_caller:/home/haocheng/ros2_humble/install/rqt_reconfigure:/home/haocheng/ros2_humble/install/rqt_py_console:/home/haocheng/ros2_humble/install/rqt_publisher:/home/haocheng/ros2_humble/install/rqt_plot:/home/haocheng/ros2_humble/install/rqt_action:/home/haocheng/ros2_humble/install/rqt_msg:/home/haocheng/ros2_humble/install/rqt_console:/home/haocheng/ros2_humble/install/rqt:/home/haocheng/ros2_humble/install/rqt_graph:/home/haocheng/ros2_humble/install/rqt_gui_py:/home/haocheng/ros2_humble/install/rqt_gui:/home/haocheng/ros2_humble/install/ros2trace:/home/haocheng/ros2_humble/install/ros2topic:/home/haocheng/ros2_humble/install/ros2test:/home/haocheng/ros2_humble/install/ros2component:/home/haocheng/ros2_humble/install/ros2param:/home/haocheng/ros2_humble/install/ros2lifecycle:/home/haocheng/ros2_humble/install/ros2service:/home/haocheng/ros2_humble/install/ros2run:/home/haocheng/ros2_humble/install/ros2launch:/home/haocheng/ros2_humble/install/ros2pkg:/home/haocheng/ros2_humble/install/ros2node:/home/haocheng/ros2_humble/install/ros2multicast:/home/haocheng/ros2_humble/install/ros2interface:/home/haocheng/ros2_humble/install/ros2doctor:/home/haocheng/ros2_humble/install/ros2action:/home/haocheng/ros2_humble/install/ros2cli:/home/haocheng/ros2_humble/install/quality_of_service_demo_py:/home/haocheng/ros2_humble/install/lifecycle_py:/home/haocheng/ros2_humble/install/launch_testing_ros:/home/haocheng/ros2_humble/install/launch_ros:/home/haocheng/ros2_humble/install/examples_rclpy_pointcloud_publisher:/home/haocheng/ros2_humble/install/examples_rclpy_minimal_subscriber:/home/haocheng/ros2_humble/install/examples_rclpy_minimal_service:/home/haocheng/ros2_humble/install/examples_rclpy_minimal_publisher:/home/haocheng/ros2_humble/install/examples_rclpy_minimal_client:/home/haocheng/ros2_humble/install/examples_rclpy_minimal_action_server:/home/haocheng/ros2_humble/install/examples_rclpy_minimal_action_client:/home/haocheng/ros2_humble/install/examples_rclpy_guard_conditions:/home/haocheng/ros2_humble/install/examples_rclpy_executors:/home/haocheng/ros2_humble/install/demo_nodes_py:/home/haocheng/ros2_humble/install/action_tutorials_py:/home/haocheng/ros2_humble/install/ament_uncrustify:/home/haocheng/ros2_humble/install/tracetools_trace:/home/haocheng/ros2_humble/install/tracetools_read:/home/haocheng/ros2_humble/install/test_tracetools_launch:/home/haocheng/ros2_humble/install/test_launch_ros:/home/haocheng/ros2_humble/install/sensor_msgs_py:/home/haocheng/ros2_humble/install/rpyutils:/home/haocheng/ros2_humble/install/rosidl_runtime_py:/home/haocheng/ros2_humble/install/rosidl_cli:/home/haocheng/ros2_humble/install/launch_pytest:/home/haocheng/ros2_humble/install/launch_testing:/home/haocheng/ros2_humble/install/launch_yaml:/home/haocheng/ros2_humble/install/launch_xml:/home/haocheng/ros2_humble/install/launch:/home/haocheng/ros2_humble/install/osrf_pycommon:/home/haocheng/ros2_humble/install/launch_testing_examples:/home/haocheng/ros2_humble/install/domain_coordinator:/home/haocheng/ros2_humble/install/ament_xmllint:/home/haocheng/ros2_humble/install/ament_pyflakes:/home/haocheng/ros2_humble/install/ament_pycodestyle:/home/haocheng/ros2_humble/install/ament_pep257:/home/haocheng/ros2_humble/install/ament_pclint:/home/haocheng/ros2_humble/install/ament_package:/home/haocheng/ros2_humble/install/ament_mypy:/home/haocheng/ros2_humble/install/ament_lint_cmake:/home/haocheng/ros2_humble/install/ament_flake8:/home/haocheng/ros2_humble/install/ament_copyright:/home/haocheng/ros2_humble/install/ament_lint:/home/haocheng/ros2_humble/install/ament_index_python:/home/haocheng/ros2_humble/install/ament_cpplint:/home/haocheng/ros2_humble/install/ament_cppcheck:/home/haocheng/ros2_humble/install/ament_clang_tidy:/home/haocheng/ros2_humble/install/ament_clang_format /usr/bin/cmake --install /home/haocheng/Rosbot_workspace/build/explore_lite
[20.621s] Level 1:colcon.colcon_core.environment:create_environment_scripts_only(explore_lite)
[20.622s] Level 1:colcon.colcon_core.environment:checking '/home/haocheng/Rosbot_workspace/install/explore_lite' for CMake module files
[20.623s] DEBUG:colcon.colcon_core.event_handler.log_command:Invoked command in '/home/haocheng/Rosbot_workspace/build/explore_lite' returned '0': CMAKE_PREFIX_PATH=${CMAKE_PREFIX_PATH}:/home/haocheng/Rosbot_workspace/install/pkg1:/home/haocheng/Rosbot_workspace/src/install/my_pkg:/home/haocheng/Rosbot_workspace/install/my_pkg:/home/haocheng/humble_ws/install/testpkgfromW3:/home/haocheng/humble_ws/install/rosbot_utils:/home/haocheng/humble_ws/install/rosbot_gazebo:/home/haocheng/humble_ws/install/rosbot_bringup:/home/haocheng/humble_ws/install/rosbot_controller:/home/haocheng/humble_ws/install/pt2w3:/home/haocheng/aiil_workspace/humble_workspace/install/aiil_rosbot_demo:/home/haocheng/aiil_workspace/humble_workspace/install/aiil_gazebo:/opt/ros/humble:/home/haocheng/ros2_humble/install/rqt_bag_plugins:/home/haocheng/ros2_humble/install/rqt_bag:/home/haocheng/ros2_humble/install/ros2bag:/home/haocheng/ros2_humble/install/tracetools_test:/home/haocheng/ros2_humble/install/tracetools_launch:/home/haocheng/ros2_humble/install/topic_monitor:/home/haocheng/ros2_humble/install/tf2_tools:/home/haocheng/ros2_humble/install/examples_tf2_py:/home/haocheng/ros2_humble/install/tf2_ros_py:/home/haocheng/ros2_humble/install/sros2:/home/haocheng/ros2_humble/install/rqt_topic:/home/haocheng/ros2_humble/install/rqt_srv:/home/haocheng/ros2_humble/install/rqt_shell:/home/haocheng/ros2_humble/install/rqt_service_caller:/home/haocheng/ros2_humble/install/rqt_reconfigure:/home/haocheng/ros2_humble/install/rqt_py_console:/home/haocheng/ros2_humble/install/rqt_publisher:/home/haocheng/ros2_humble/install/rqt_plot:/home/haocheng/ros2_humble/install/rqt_action:/home/haocheng/ros2_humble/install/rqt_msg:/home/haocheng/ros2_humble/install/rqt_console:/home/haocheng/ros2_humble/install/rqt:/home/haocheng/ros2_humble/install/rqt_graph:/home/haocheng/ros2_humble/install/rqt_gui_py:/home/haocheng/ros2_humble/install/rqt_gui:/home/haocheng/ros2_humble/install/ros2trace:/home/haocheng/ros2_humble/install/ros2topic:/home/haocheng/ros2_humble/install/ros2test:/home/haocheng/ros2_humble/install/ros2component:/home/haocheng/ros2_humble/install/ros2param:/home/haocheng/ros2_humble/install/ros2lifecycle:/home/haocheng/ros2_humble/install/ros2service:/home/haocheng/ros2_humble/install/ros2run:/home/haocheng/ros2_humble/install/ros2launch:/home/haocheng/ros2_humble/install/ros2pkg:/home/haocheng/ros2_humble/install/ros2node:/home/haocheng/ros2_humble/install/ros2multicast:/home/haocheng/ros2_humble/install/ros2interface:/home/haocheng/ros2_humble/install/ros2doctor:/home/haocheng/ros2_humble/install/ros2action:/home/haocheng/ros2_humble/install/ros2cli:/home/haocheng/ros2_humble/install/quality_of_service_demo_py:/home/haocheng/ros2_humble/install/lifecycle_py:/home/haocheng/ros2_humble/install/launch_testing_ros:/home/haocheng/ros2_humble/install/launch_ros:/home/haocheng/ros2_humble/install/examples_rclpy_pointcloud_publisher:/home/haocheng/ros2_humble/install/examples_rclpy_minimal_subscriber:/home/haocheng/ros2_humble/install/examples_rclpy_minimal_service:/home/haocheng/ros2_humble/install/examples_rclpy_minimal_publisher:/home/haocheng/ros2_humble/install/examples_rclpy_minimal_client:/home/haocheng/ros2_humble/install/examples_rclpy_minimal_action_server:/home/haocheng/ros2_humble/install/examples_rclpy_minimal_action_client:/home/haocheng/ros2_humble/install/examples_rclpy_guard_conditions:/home/haocheng/ros2_humble/install/examples_rclpy_executors:/home/haocheng/ros2_humble/install/demo_nodes_py:/home/haocheng/ros2_humble/install/action_tutorials_py:/home/haocheng/ros2_humble/install/ament_uncrustify:/home/haocheng/ros2_humble/install/tracetools_trace:/home/haocheng/ros2_humble/install/tracetools_read:/home/haocheng/ros2_humble/install/test_tracetools_launch:/home/haocheng/ros2_humble/install/test_launch_ros:/home/haocheng/ros2_humble/install/sensor_msgs_py:/home/haocheng/ros2_humble/install/rpyutils:/home/haocheng/ros2_humble/install/rosidl_runtime_py:/home/haocheng/ros2_humble/install/rosidl_cli:/home/haocheng/ros2_humble/install/launch_pytest:/home/haocheng/ros2_humble/install/launch_testing:/home/haocheng/ros2_humble/install/launch_yaml:/home/haocheng/ros2_humble/install/launch_xml:/home/haocheng/ros2_humble/install/launch:/home/haocheng/ros2_humble/install/osrf_pycommon:/home/haocheng/ros2_humble/install/launch_testing_examples:/home/haocheng/ros2_humble/install/domain_coordinator:/home/haocheng/ros2_humble/install/ament_xmllint:/home/haocheng/ros2_humble/install/ament_pyflakes:/home/haocheng/ros2_humble/install/ament_pycodestyle:/home/haocheng/ros2_humble/install/ament_pep257:/home/haocheng/ros2_humble/install/ament_pclint:/home/haocheng/ros2_humble/install/ament_package:/home/haocheng/ros2_humble/install/ament_mypy:/home/haocheng/ros2_humble/install/ament_lint_cmake:/home/haocheng/ros2_humble/install/ament_flake8:/home/haocheng/ros2_humble/install/ament_copyright:/home/haocheng/ros2_humble/install/ament_lint:/home/haocheng/ros2_humble/install/ament_index_python:/home/haocheng/ros2_humble/install/ament_cpplint:/home/haocheng/ros2_humble/install/ament_cppcheck:/home/haocheng/ros2_humble/install/ament_clang_tidy:/home/haocheng/ros2_humble/install/ament_clang_format /usr/bin/cmake --install /home/haocheng/Rosbot_workspace/build/explore_lite
[20.624s] Level 1:colcon.colcon_core.environment:checking '/home/haocheng/Rosbot_workspace/install/explore_lite' for CMake config files
[20.624s] Level 1:colcon.colcon_core.shell:create_environment_hook('explore_lite', 'cmake_prefix_path')
[20.625s] INFO:colcon.colcon_core.shell:Creating environment hook '/home/haocheng/Rosbot_workspace/install/explore_lite/share/explore_lite/hook/cmake_prefix_path.ps1'
[20.626s] INFO:colcon.colcon_core.shell:Creating environment descriptor '/home/haocheng/Rosbot_workspace/install/explore_lite/share/explore_lite/hook/cmake_prefix_path.dsv'
[20.627s] INFO:colcon.colcon_core.shell:Creating environment hook '/home/haocheng/Rosbot_workspace/install/explore_lite/share/explore_lite/hook/cmake_prefix_path.sh'
[20.629s] Level 1:colcon.colcon_core.environment:checking '/home/haocheng/Rosbot_workspace/install/explore_lite/lib'
[20.630s] Level 1:colcon.colcon_core.environment:checking '/home/haocheng/Rosbot_workspace/install/explore_lite/bin'
[20.630s] Level 1:colcon.colcon_core.environment:checking '/home/haocheng/Rosbot_workspace/install/explore_lite/lib/pkgconfig/explore_lite.pc'
[20.631s] Level 1:colcon.colcon_core.environment:checking '/home/haocheng/Rosbot_workspace/install/explore_lite/lib/python3.10/site-packages'
[20.631s] Level 1:colcon.colcon_core.environment:checking '/home/haocheng/Rosbot_workspace/install/explore_lite/bin'
[20.632s] INFO:colcon.colcon_core.shell:Creating package script '/home/haocheng/Rosbot_workspace/install/explore_lite/share/explore_lite/package.ps1'
[20.633s] INFO:colcon.colcon_core.shell:Creating package descriptor '/home/haocheng/Rosbot_workspace/install/explore_lite/share/explore_lite/package.dsv'
[20.634s] INFO:colcon.colcon_core.shell:Creating package script '/home/haocheng/Rosbot_workspace/install/explore_lite/share/explore_lite/package.sh'
[20.635s] INFO:colcon.colcon_core.shell:Creating package script '/home/haocheng/Rosbot_workspace/install/explore_lite/share/explore_lite/package.bash'
[20.635s] INFO:colcon.colcon_core.shell:Creating package script '/home/haocheng/Rosbot_workspace/install/explore_lite/share/explore_lite/package.zsh'
[20.636s] Level 1:colcon.colcon_core.environment:create_file_with_runtime_dependencies(/home/haocheng/Rosbot_workspace/install/explore_lite/share/colcon-core/packages/explore_lite)
[20.917s] Level 1:colcon.colcon_core.environment:create_environment_scripts_only(explore_lite)
[20.917s] Level 1:colcon.colcon_core.environment:checking '/home/haocheng/Rosbot_workspace/install/explore_lite' for CMake module files
[20.918s] Level 1:colcon.colcon_core.environment:checking '/home/haocheng/Rosbot_workspace/install/explore_lite' for CMake config files
[20.919s] Level 1:colcon.colcon_core.shell:create_environment_hook('explore_lite', 'cmake_prefix_path')
[20.920s] INFO:colcon.colcon_core.shell:Creating environment hook '/home/haocheng/Rosbot_workspace/install/explore_lite/share/explore_lite/hook/cmake_prefix_path.ps1'
[20.921s] INFO:colcon.colcon_core.shell:Creating environment descriptor '/home/haocheng/Rosbot_workspace/install/explore_lite/share/explore_lite/hook/cmake_prefix_path.dsv'
[20.922s] INFO:colcon.colcon_core.shell:Creating environment hook '/home/haocheng/Rosbot_workspace/install/explore_lite/share/explore_lite/hook/cmake_prefix_path.sh'
[20.923s] Level 1:colcon.colcon_core.environment:checking '/home/haocheng/Rosbot_workspace/install/explore_lite/lib'
[20.923s] Level 1:colcon.colcon_core.environment:checking '/home/haocheng/Rosbot_workspace/install/explore_lite/bin'
[20.923s] Level 1:colcon.colcon_core.environment:checking '/home/haocheng/Rosbot_workspace/install/explore_lite/lib/pkgconfig/explore_lite.pc'
[20.923s] Level 1:colcon.colcon_core.environment:checking '/home/haocheng/Rosbot_workspace/install/explore_lite/lib/python3.10/site-packages'
[20.923s] Level 1:colcon.colcon_core.environment:checking '/home/haocheng/Rosbot_workspace/install/explore_lite/bin'
[20.924s] INFO:colcon.colcon_core.shell:Creating package script '/home/haocheng/Rosbot_workspace/install/explore_lite/share/explore_lite/package.ps1'
[20.924s] INFO:colcon.colcon_core.shell:Creating package descriptor '/home/haocheng/Rosbot_workspace/install/explore_lite/share/explore_lite/package.dsv'
[20.925s] INFO:colcon.colcon_core.shell:Creating package script '/home/haocheng/Rosbot_workspace/install/explore_lite/share/explore_lite/package.sh'
[20.925s] INFO:colcon.colcon_core.shell:Creating package script '/home/haocheng/Rosbot_workspace/install/explore_lite/share/explore_lite/package.bash'
[20.926s] INFO:colcon.colcon_core.shell:Creating package script '/home/haocheng/Rosbot_workspace/install/explore_lite/share/explore_lite/package.zsh'
[20.926s] Level 1:colcon.colcon_core.environment:create_file_with_runtime_dependencies(/home/haocheng/Rosbot_workspace/install/explore_lite/share/colcon-core/packages/explore_lite)
[20.927s] DEBUG:colcon.colcon_parallel_executor.executor.parallel:closing loop
[20.928s] DEBUG:colcon.colcon_parallel_executor.executor.parallel:loop closed
[20.928s] DEBUG:colcon.colcon_parallel_executor.executor.parallel:run_until_complete finished with '0'
[20.928s] DEBUG:colcon.colcon_core.event_reactor:joining thread
[20.953s] INFO:colcon.colcon_core.plugin_system:Skipping extension 'colcon_notification.desktop_notification.terminal_notifier': Not used on non-Darwin systems
[20.953s] INFO:colcon.colcon_core.plugin_system:Skipping extension 'colcon_notification.desktop_notification.win32': Not used on non-Windows systems
[20.954s] INFO:colcon.colcon_notification.desktop_notification:Sending desktop notification using 'notify2'
[20.976s] DEBUG:colcon.colcon_core.event_reactor:joined thread
[20.977s] INFO:colcon.colcon_core.shell:Creating prefix script '/home/haocheng/Rosbot_workspace/install/local_setup.ps1'
[20.979s] INFO:colcon.colcon_core.shell:Creating prefix util module '/home/haocheng/Rosbot_workspace/install/_local_setup_util_ps1.py'
[20.981s] INFO:colcon.colcon_core.shell:Creating prefix chain script '/home/haocheng/Rosbot_workspace/install/setup.ps1'
[21.006s] INFO:colcon.colcon_core.shell:Creating prefix script '/home/haocheng/Rosbot_workspace/install/local_setup.sh'
[21.007s] INFO:colcon.colcon_core.shell:Creating prefix util module '/home/haocheng/Rosbot_workspace/install/_local_setup_util_sh.py'
[21.009s] INFO:colcon.colcon_core.shell:Creating prefix chain script '/home/haocheng/Rosbot_workspace/install/setup.sh'
[21.033s] INFO:colcon.colcon_core.shell:Creating prefix script '/home/haocheng/Rosbot_workspace/install/local_setup.bash'
[21.034s] INFO:colcon.colcon_core.shell:Creating prefix chain script '/home/haocheng/Rosbot_workspace/install/setup.bash'
[21.054s] INFO:colcon.colcon_core.shell:Creating prefix script '/home/haocheng/Rosbot_workspace/install/local_setup.zsh'
[21.055s] INFO:colcon.colcon_core.shell:Creating prefix chain script '/home/haocheng/Rosbot_workspace/install/setup.zsh'
