[3.594s] Invoking command in '/home/haocheng/Rosbot_workspace/src/my_pkg': PYTHONPATH=/home/haocheng/Rosbot_workspace/build/my_pkg/prefix_override:/home/haocheng/Rosbot_workspace/install/my_pkg/lib/python3.10/site-packages:${PYTHONPATH} /usr/bin/python3 -W ignore:setup.py install is deprecated setup.py egg_info --egg-base ../../build/my_pkg build --build-base /home/haocheng/Rosbot_workspace/build/my_pkg/build install --record /home/haocheng/Rosbot_workspace/build/my_pkg/install.log --single-version-externally-managed install_data
[4.998s] running egg_info
[4.999s] writing ../../build/my_pkg/my_pkg.egg-info/PKG-INFO
[5.000s] writing dependency_links to ../../build/my_pkg/my_pkg.egg-info/dependency_links.txt
[5.000s] writing entry points to ../../build/my_pkg/my_pkg.egg-info/entry_points.txt
[5.001s] writing requirements to ../../build/my_pkg/my_pkg.egg-info/requires.txt
[5.001s] writing top-level names to ../../build/my_pkg/my_pkg.egg-info/top_level.txt
[5.006s] reading manifest file '../../build/my_pkg/my_pkg.egg-info/SOURCES.txt'
[5.008s] writing manifest file '../../build/my_pkg/my_pkg.egg-info/SOURCES.txt'
[5.008s] running build
[5.008s] running build_py
[5.008s] copying my_pkg/rotate_robot.py -> /home/haocheng/Rosbot_workspace/build/my_pkg/build/lib/my_pkg
[5.009s] running install
[5.009s] running install_lib
[5.011s] copying /home/haocheng/Rosbot_workspace/build/my_pkg/build/lib/my_pkg/rotate_robot.py -> /home/haocheng/Rosbot_workspace/install/my_pkg/lib/python3.10/site-packages/my_pkg
[5.018s] byte-compiling /home/haocheng/Rosbot_workspace/install/my_pkg/lib/python3.10/site-packages/my_pkg/rotate_robot.py to rotate_robot.cpython-310.pyc
[5.019s] running install_data
[5.019s] running install_egg_info
[5.027s] removing '/home/haocheng/Rosbot_workspace/install/my_pkg/lib/python3.10/site-packages/my_pkg-0.0.0-py3.10.egg-info' (and everything under it)
[5.027s] Copying ../../build/my_pkg/my_pkg.egg-info to /home/haocheng/Rosbot_workspace/install/my_pkg/lib/python3.10/site-packages/my_pkg-0.0.0-py3.10.egg-info
[5.029s] running install_scripts
[5.126s] Installing rotate_robot script to /home/haocheng/Rosbot_workspace/install/my_pkg/lib/my_pkg
[5.127s] writing list of installed files to '/home/haocheng/Rosbot_workspace/build/my_pkg/install.log'
[5.197s] Invoked command in '/home/haocheng/Rosbot_workspace/src/my_pkg' returned '0': PYTHONPATH=/home/haocheng/Rosbot_workspace/build/my_pkg/prefix_override:/home/haocheng/Rosbot_workspace/install/my_pkg/lib/python3.10/site-packages:${PYTHONPATH} /usr/bin/python3 -W ignore:setup.py install is deprecated setup.py egg_info --egg-base ../../build/my_pkg build --build-base /home/haocheng/Rosbot_workspace/build/my_pkg/build install --record /home/haocheng/Rosbot_workspace/build/my_pkg/install.log --single-version-externally-managed install_data
