[2.275s] Invoking command in '/home/haocheng/Rosbot_workspace/src/my_pkg': PYTHONPATH=/home/haocheng/Rosbot_workspace/build/my_pkg/prefix_override:/home/haocheng/Rosbot_workspace/install/my_pkg/lib/python3.10/site-packages:${PYTHONPATH} /usr/bin/python3 -W ignore:setup.py install is deprecated setup.py egg_info --egg-base ../../build/my_pkg build --build-base /home/haocheng/Rosbot_workspace/build/my_pkg/build install --record /home/haocheng/Rosbot_workspace/build/my_pkg/install.log --single-version-externally-managed install_data
[3.123s] running egg_info
[3.123s] creating ../../build/my_pkg/my_pkg.egg-info
[3.124s] writing ../../build/my_pkg/my_pkg.egg-info/PKG-INFO
[3.124s] writing dependency_links to ../../build/my_pkg/my_pkg.egg-info/dependency_links.txt
[3.124s] writing entry points to ../../build/my_pkg/my_pkg.egg-info/entry_points.txt
[3.125s] writing requirements to ../../build/my_pkg/my_pkg.egg-info/requires.txt
[3.125s] writing top-level names to ../../build/my_pkg/my_pkg.egg-info/top_level.txt
[3.125s] writing manifest file '../../build/my_pkg/my_pkg.egg-info/SOURCES.txt'
[3.129s] reading manifest file '../../build/my_pkg/my_pkg.egg-info/SOURCES.txt'
[3.130s] writing manifest file '../../build/my_pkg/my_pkg.egg-info/SOURCES.txt'
[3.130s] running build
[3.130s] running build_py
[3.130s] creating /home/haocheng/Rosbot_workspace/build/my_pkg/build
[3.131s] creating /home/haocheng/Rosbot_workspace/build/my_pkg/build/lib
[3.131s] creating /home/haocheng/Rosbot_workspace/build/my_pkg/build/lib/my_pkg
[3.131s] copying my_pkg/marker_lib.py -> /home/haocheng/Rosbot_workspace/build/my_pkg/build/lib/my_pkg
[3.132s] copying my_pkg/__init__.py -> /home/haocheng/Rosbot_workspace/build/my_pkg/build/lib/my_pkg
[3.132s] copying my_pkg/rotate_robot.py -> /home/haocheng/Rosbot_workspace/build/my_pkg/build/lib/my_pkg
[3.133s] copying my_pkg/image_localizer.py -> /home/haocheng/Rosbot_workspace/build/my_pkg/build/lib/my_pkg
[3.134s] copying my_pkg/position_dectection.py -> /home/haocheng/Rosbot_workspace/build/my_pkg/build/lib/my_pkg
[3.136s] running install
[3.136s] running install_lib
[3.138s] creating /home/haocheng/Rosbot_workspace/install/my_pkg/lib/python3.10/site-packages/my_pkg
[3.138s] copying /home/haocheng/Rosbot_workspace/build/my_pkg/build/lib/my_pkg/marker_lib.py -> /home/haocheng/Rosbot_workspace/install/my_pkg/lib/python3.10/site-packages/my_pkg
[3.138s] copying /home/haocheng/Rosbot_workspace/build/my_pkg/build/lib/my_pkg/__init__.py -> /home/haocheng/Rosbot_workspace/install/my_pkg/lib/python3.10/site-packages/my_pkg
[3.138s] copying /home/haocheng/Rosbot_workspace/build/my_pkg/build/lib/my_pkg/rotate_robot.py -> /home/haocheng/Rosbot_workspace/install/my_pkg/lib/python3.10/site-packages/my_pkg
[3.139s] copying /home/haocheng/Rosbot_workspace/build/my_pkg/build/lib/my_pkg/image_localizer.py -> /home/haocheng/Rosbot_workspace/install/my_pkg/lib/python3.10/site-packages/my_pkg
[3.139s] copying /home/haocheng/Rosbot_workspace/build/my_pkg/build/lib/my_pkg/position_dectection.py -> /home/haocheng/Rosbot_workspace/install/my_pkg/lib/python3.10/site-packages/my_pkg
[3.143s] byte-compiling /home/haocheng/Rosbot_workspace/install/my_pkg/lib/python3.10/site-packages/my_pkg/marker_lib.py to marker_lib.cpython-310.pyc
[3.143s] byte-compiling /home/haocheng/Rosbot_workspace/install/my_pkg/lib/python3.10/site-packages/my_pkg/__init__.py to __init__.cpython-310.pyc
[3.143s] byte-compiling /home/haocheng/Rosbot_workspace/install/my_pkg/lib/python3.10/site-packages/my_pkg/rotate_robot.py to rotate_robot.cpython-310.pyc
[3.144s] byte-compiling /home/haocheng/Rosbot_workspace/install/my_pkg/lib/python3.10/site-packages/my_pkg/image_localizer.py to image_localizer.cpython-310.pyc
[3.145s] byte-compiling /home/haocheng/Rosbot_workspace/install/my_pkg/lib/python3.10/site-packages/my_pkg/position_dectection.py to position_dectection.cpython-310.pyc
[3.146s] running install_data
[3.146s] creating /home/haocheng/Rosbot_workspace/install/my_pkg/share/ament_index
[3.146s] creating /home/haocheng/Rosbot_workspace/install/my_pkg/share/ament_index/resource_index
[3.147s] creating /home/haocheng/Rosbot_workspace/install/my_pkg/share/ament_index/resource_index/packages
[3.147s] copying resource/my_pkg -> /home/haocheng/Rosbot_workspace/install/my_pkg/share/ament_index/resource_index/packages
[3.147s] copying package.xml -> /home/haocheng/Rosbot_workspace/install/my_pkg/share/my_pkg
[3.147s] creating /home/haocheng/Rosbot_workspace/install/my_pkg/share/my_pkg/launch
[3.147s] copying launch/my_pkg.launch.py -> /home/haocheng/Rosbot_workspace/install/my_pkg/share/my_pkg/launch
[3.148s] running install_egg_info
[3.158s] Copying ../../build/my_pkg/my_pkg.egg-info to /home/haocheng/Rosbot_workspace/install/my_pkg/lib/python3.10/site-packages/my_pkg-0.0.0-py3.10.egg-info
[3.160s] running install_scripts
[3.231s] Installing image_localizer script to /home/haocheng/Rosbot_workspace/install/my_pkg/lib/my_pkg
[3.231s] Installing position_detection script to /home/haocheng/Rosbot_workspace/install/my_pkg/lib/my_pkg
[3.231s] Installing rotate_robot script to /home/haocheng/Rosbot_workspace/install/my_pkg/lib/my_pkg
[3.231s] writing list of installed files to '/home/haocheng/Rosbot_workspace/build/my_pkg/install.log'
[3.302s] Invoked command in '/home/haocheng/Rosbot_workspace/src/my_pkg' returned '0': PYTHONPATH=/home/haocheng/Rosbot_workspace/build/my_pkg/prefix_override:/home/haocheng/Rosbot_workspace/install/my_pkg/lib/python3.10/site-packages:${PYTHONPATH} /usr/bin/python3 -W ignore:setup.py install is deprecated setup.py egg_info --egg-base ../../build/my_pkg build --build-base /home/haocheng/Rosbot_workspace/build/my_pkg/build install --record /home/haocheng/Rosbot_workspace/build/my_pkg/install.log --single-version-externally-managed install_data
