[0.385s] DEBUG:colcon:Command line arguments: ['/usr/bin/colcon', 'build']
[0.385s] DEBUG:colcon:Parsed command line arguments: Namespace(log_base=None, log_level=None, verb_name='build', build_base='build', install_base='install', merge_install=False, symlink_install=False, test_result_base=None, continue_on_error=False, executor='parallel', parallel_workers=16, event_handlers=None, ignore_user_meta=False, metas=['./colcon.meta'], base_paths=['.'], packages_ignore=None, packages_ignore_regex=None, paths=None, packages_up_to=None, packages_up_to_regex=None, packages_above=None, packages_above_and_dependencies=None, packages_above_depth=None, packages_select_by_dep=None, packages_skip_by_dep=None, packages_skip_up_to=None, packages_select_build_failed=False, packages_skip_build_finished=False, packages_select_test_failures=False, packages_skip_test_passed=False, packages_select=None, packages_skip=None, packages_select_regex=None, packages_skip_regex=None, packages_start=None, packages_end=None, allow_overriding=[], cmake_args=None, cmake_target=None, cmake_target_skip_unavailable=False, cmake_clean_cache=False, cmake_clean_first=False, cmake_force_configure=False, ament_cmake_args=None, catkin_cmake_args=None, catkin_skip_building_tests=False, verb_parser=<colcon_defaults.argument_parser.defaults.DefaultArgumentsDecorator object at 0x769e36281120>, verb_extension=<colcon_core.verb.build.BuildVerb object at 0x769e36280310>, main=<bound method BuildVerb.main of <colcon_core.verb.build.BuildVerb object at 0x769e36280310>>)
[0.819s] Level 1:colcon.colcon_core.package_discovery:discover_packages(colcon_meta) check parameters
[0.819s] Level 1:colcon.colcon_core.package_discovery:discover_packages(recursive) check parameters
[0.819s] Level 1:colcon.colcon_core.package_discovery:discover_packages(ignore) check parameters
[0.819s] Level 1:colcon.colcon_core.package_discovery:discover_packages(path) check parameters
[0.819s] Level 1:colcon.colcon_core.package_discovery:discover_packages(colcon_meta) discover
[0.819s] Level 1:colcon.colcon_core.package_discovery:discover_packages(recursive) discover
[0.819s] INFO:colcon.colcon_core.package_discovery:Crawling recursively for packages in '/home/haocheng/Rosbot_workspace'
[0.820s] Level 1:colcon.colcon_core.package_identification:_identify(.) by extensions ['ignore', 'ignore_ament_install']
[0.820s] Level 1:colcon.colcon_core.package_identification:_identify(.) by extension 'ignore'
[0.820s] Level 1:colcon.colcon_core.package_identification:_identify(.) by extension 'ignore_ament_install'
[0.820s] Level 1:colcon.colcon_core.package_identification:_identify(.) by extensions ['colcon_pkg']
[0.820s] Level 1:colcon.colcon_core.package_identification:_identify(.) by extension 'colcon_pkg'
[0.820s] Level 1:colcon.colcon_core.package_identification:_identify(.) by extensions ['colcon_meta']
[0.820s] Level 1:colcon.colcon_core.package_identification:_identify(.) by extension 'colcon_meta'
[0.820s] Level 1:colcon.colcon_core.package_identification:_identify(.) by extensions ['ros']
[0.820s] Level 1:colcon.colcon_core.package_identification:_identify(.) by extension 'ros'
[0.839s] Level 1:colcon.colcon_core.package_identification:_identify(.) by extensions ['cmake', 'python']
[0.839s] Level 1:colcon.colcon_core.package_identification:_identify(.) by extension 'cmake'
[0.840s] Level 1:colcon.colcon_core.package_identification:_identify(.) by extension 'python'
[0.840s] Level 1:colcon.colcon_core.package_identification:_identify(.) by extensions ['python_setup_py']
[0.840s] Level 1:colcon.colcon_core.package_identification:_identify(.) by extension 'python_setup_py'
[0.840s] Level 1:colcon.colcon_core.package_identification:_identify(build) by extensions ['ignore', 'ignore_ament_install']
[0.840s] Level 1:colcon.colcon_core.package_identification:_identify(build) by extension 'ignore'
[0.840s] Level 1:colcon.colcon_core.package_identification:_identify(build) ignored
[0.841s] Level 1:colcon.colcon_core.package_identification:_identify(install) by extensions ['ignore', 'ignore_ament_install']
[0.841s] Level 1:colcon.colcon_core.package_identification:_identify(install) by extension 'ignore'
[0.841s] Level 1:colcon.colcon_core.package_identification:_identify(install) ignored
[0.841s] Level 1:colcon.colcon_core.package_identification:_identify(log) by extensions ['ignore', 'ignore_ament_install']
[0.841s] Level 1:colcon.colcon_core.package_identification:_identify(log) by extension 'ignore'
[0.841s] Level 1:colcon.colcon_core.package_identification:_identify(log) ignored
[0.842s] Level 1:colcon.colcon_core.package_identification:_identify(markers) by extensions ['ignore', 'ignore_ament_install']
[0.842s] Level 1:colcon.colcon_core.package_identification:_identify(markers) by extension 'ignore'
[0.843s] Level 1:colcon.colcon_core.package_identification:_identify(markers) by extension 'ignore_ament_install'
[0.843s] Level 1:colcon.colcon_core.package_identification:_identify(markers) by extensions ['colcon_pkg']
[0.843s] Level 1:colcon.colcon_core.package_identification:_identify(markers) by extension 'colcon_pkg'
[0.843s] Level 1:colcon.colcon_core.package_identification:_identify(markers) by extensions ['colcon_meta']
[0.843s] Level 1:colcon.colcon_core.package_identification:_identify(markers) by extension 'colcon_meta'
[0.843s] Level 1:colcon.colcon_core.package_identification:_identify(markers) by extensions ['ros']
[0.843s] Level 1:colcon.colcon_core.package_identification:_identify(markers) by extension 'ros'
[0.843s] Level 1:colcon.colcon_core.package_identification:_identify(markers) by extensions ['cmake', 'python']
[0.843s] Level 1:colcon.colcon_core.package_identification:_identify(markers) by extension 'cmake'
[0.843s] Level 1:colcon.colcon_core.package_identification:_identify(markers) by extension 'python'
[0.843s] Level 1:colcon.colcon_core.package_identification:_identify(markers) by extensions ['python_setup_py']
[0.843s] Level 1:colcon.colcon_core.package_identification:_identify(markers) by extension 'python_setup_py'
[0.844s] Level 1:colcon.colcon_core.package_identification:_identify(src) by extensions ['ignore', 'ignore_ament_install']
[0.844s] Level 1:colcon.colcon_core.package_identification:_identify(src) by extension 'ignore'
[0.844s] Level 1:colcon.colcon_core.package_identification:_identify(src) by extension 'ignore_ament_install'
[0.844s] Level 1:colcon.colcon_core.package_identification:_identify(src) by extensions ['colcon_pkg']
[0.844s] Level 1:colcon.colcon_core.package_identification:_identify(src) by extension 'colcon_pkg'
[0.844s] Level 1:colcon.colcon_core.package_identification:_identify(src) by extensions ['colcon_meta']
[0.844s] Level 1:colcon.colcon_core.package_identification:_identify(src) by extension 'colcon_meta'
[0.844s] Level 1:colcon.colcon_core.package_identification:_identify(src) by extensions ['ros']
[0.844s] Level 1:colcon.colcon_core.package_identification:_identify(src) by extension 'ros'
[0.845s] Level 1:colcon.colcon_core.package_identification:_identify(src) by extensions ['cmake', 'python']
[0.845s] Level 1:colcon.colcon_core.package_identification:_identify(src) by extension 'cmake'
[0.845s] Level 1:colcon.colcon_core.package_identification:_identify(src) by extension 'python'
[0.845s] Level 1:colcon.colcon_core.package_identification:_identify(src) by extensions ['python_setup_py']
[0.845s] Level 1:colcon.colcon_core.package_identification:_identify(src) by extension 'python_setup_py'
[0.846s] Level 1:colcon.colcon_core.package_identification:_identify(src/explore) by extensions ['ignore', 'ignore_ament_install']
[0.846s] Level 1:colcon.colcon_core.package_identification:_identify(src/explore) by extension 'ignore'
[0.846s] Level 1:colcon.colcon_core.package_identification:_identify(src/explore) by extension 'ignore_ament_install'
[0.846s] Level 1:colcon.colcon_core.package_identification:_identify(src/explore) by extensions ['colcon_pkg']
[0.846s] Level 1:colcon.colcon_core.package_identification:_identify(src/explore) by extension 'colcon_pkg'
[0.846s] Level 1:colcon.colcon_core.package_identification:_identify(src/explore) by extensions ['colcon_meta']
[0.846s] Level 1:colcon.colcon_core.package_identification:_identify(src/explore) by extension 'colcon_meta'
[0.846s] Level 1:colcon.colcon_core.package_identification:_identify(src/explore) by extensions ['ros']
[0.847s] Level 1:colcon.colcon_core.package_identification:_identify(src/explore) by extension 'ros'
[0.854s] DEBUG:colcon.colcon_core.package_identification:Package 'src/explore' with type 'ros.ament_cmake' and name 'explore_lite'
[0.856s] Level 1:colcon.colcon_core.package_identification:_identify(src/my_pkg) by extensions ['ignore', 'ignore_ament_install']
[0.856s] Level 1:colcon.colcon_core.package_identification:_identify(src/my_pkg) by extension 'ignore'
[0.856s] Level 1:colcon.colcon_core.package_identification:_identify(src/my_pkg) by extension 'ignore_ament_install'
[0.856s] Level 1:colcon.colcon_core.package_identification:_identify(src/my_pkg) by extensions ['colcon_pkg']
[0.856s] Level 1:colcon.colcon_core.package_identification:_identify(src/my_pkg) by extension 'colcon_pkg'
[0.857s] Level 1:colcon.colcon_core.package_identification:_identify(src/my_pkg) by extensions ['colcon_meta']
[0.857s] Level 1:colcon.colcon_core.package_identification:_identify(src/my_pkg) by extension 'colcon_meta'
[0.857s] Level 1:colcon.colcon_core.package_identification:_identify(src/my_pkg) by extensions ['ros']
[0.857s] Level 1:colcon.colcon_core.package_identification:_identify(src/my_pkg) by extension 'ros'
[0.859s] DEBUG:colcon.colcon_core.package_identification:Package 'src/my_pkg' with type 'ros.ament_python' and name 'my_pkg'
[0.860s] Level 1:colcon.colcon_core.package_discovery:discover_packages(recursive) using defaults
[0.860s] Level 1:colcon.colcon_core.package_discovery:discover_packages(ignore) discover
[0.860s] Level 1:colcon.colcon_core.package_discovery:discover_packages(ignore) using defaults
[0.860s] Level 1:colcon.colcon_core.package_discovery:discover_packages(path) discover
[0.860s] Level 1:colcon.colcon_core.package_discovery:discover_packages(path) using defaults
[0.931s] Level 1:colcon.colcon_core.package_discovery:discover_packages(prefix_path) check parameters
[0.931s] Level 1:colcon.colcon_core.package_discovery:discover_packages(prefix_path) discover
[0.955s] DEBUG:colcon.colcon_installed_package_information.package_discovery:Found 4 installed packages in /home/haocheng/aiil_workspace/humble_workspace/install
[0.967s] DEBUG:colcon.colcon_installed_package_information.package_discovery:Found 345 installed packages in /home/haocheng/ros2_humble/install
[0.970s] DEBUG:colcon.colcon_installed_package_information.package_discovery:Found 9 installed packages in /home/haocheng/humble_ws/install
[0.973s] DEBUG:colcon.colcon_installed_package_information.package_discovery:Found 264 installed packages in /opt/ros/humble
[0.982s] Level 1:colcon.colcon_core.package_discovery:discover_packages(prefix_path) using defaults
[1.069s] Level 5:colcon.colcon_core.verb:set package 'explore_lite' build argument 'cmake_args' from command line to 'None'
[1.069s] Level 5:colcon.colcon_core.verb:set package 'explore_lite' build argument 'cmake_target' from command line to 'None'
[1.069s] Level 5:colcon.colcon_core.verb:set package 'explore_lite' build argument 'cmake_target_skip_unavailable' from command line to 'False'
[1.069s] Level 5:colcon.colcon_core.verb:set package 'explore_lite' build argument 'cmake_clean_cache' from command line to 'False'
[1.069s] Level 5:colcon.colcon_core.verb:set package 'explore_lite' build argument 'cmake_clean_first' from command line to 'False'
[1.069s] Level 5:colcon.colcon_core.verb:set package 'explore_lite' build argument 'cmake_force_configure' from command line to 'False'
[1.069s] Level 5:colcon.colcon_core.verb:set package 'explore_lite' build argument 'ament_cmake_args' from command line to 'None'
[1.069s] Level 5:colcon.colcon_core.verb:set package 'explore_lite' build argument 'catkin_cmake_args' from command line to 'None'
[1.069s] Level 5:colcon.colcon_core.verb:set package 'explore_lite' build argument 'catkin_skip_building_tests' from command line to 'False'
[1.069s] DEBUG:colcon.colcon_core.verb:Building package 'explore_lite' with the following arguments: {'ament_cmake_args': None, 'build_base': '/home/haocheng/Rosbot_workspace/build/explore_lite', 'catkin_cmake_args': None, 'catkin_skip_building_tests': False, 'cmake_args': None, 'cmake_clean_cache': False, 'cmake_clean_first': False, 'cmake_force_configure': False, 'cmake_target': None, 'cmake_target_skip_unavailable': False, 'install_base': '/home/haocheng/Rosbot_workspace/install/explore_lite', 'merge_install': False, 'path': '/home/haocheng/Rosbot_workspace/src/explore', 'symlink_install': False, 'test_result_base': None}
[1.070s] Level 5:colcon.colcon_core.verb:set package 'my_pkg' build argument 'cmake_args' from command line to 'None'
[1.070s] Level 5:colcon.colcon_core.verb:set package 'my_pkg' build argument 'cmake_target' from command line to 'None'
[1.070s] Level 5:colcon.colcon_core.verb:set package 'my_pkg' build argument 'cmake_target_skip_unavailable' from command line to 'False'
[1.070s] Level 5:colcon.colcon_core.verb:set package 'my_pkg' build argument 'cmake_clean_cache' from command line to 'False'
[1.070s] Level 5:colcon.colcon_core.verb:set package 'my_pkg' build argument 'cmake_clean_first' from command line to 'False'
[1.070s] Level 5:colcon.colcon_core.verb:set package 'my_pkg' build argument 'cmake_force_configure' from command line to 'False'
[1.070s] Level 5:colcon.colcon_core.verb:set package 'my_pkg' build argument 'ament_cmake_args' from command line to 'None'
[1.070s] Level 5:colcon.colcon_core.verb:set package 'my_pkg' build argument 'catkin_cmake_args' from command line to 'None'
[1.070s] Level 5:colcon.colcon_core.verb:set package 'my_pkg' build argument 'catkin_skip_building_tests' from command line to 'False'
[1.070s] DEBUG:colcon.colcon_core.verb:Building package 'my_pkg' with the following arguments: {'ament_cmake_args': None, 'build_base': '/home/haocheng/Rosbot_workspace/build/my_pkg', 'catkin_cmake_args': None, 'catkin_skip_building_tests': False, 'cmake_args': None, 'cmake_clean_cache': False, 'cmake_clean_first': False, 'cmake_force_configure': False, 'cmake_target': None, 'cmake_target_skip_unavailable': False, 'install_base': '/home/haocheng/Rosbot_workspace/install/my_pkg', 'merge_install': False, 'path': '/home/haocheng/Rosbot_workspace/src/my_pkg', 'symlink_install': False, 'test_result_base': None}
[1.071s] INFO:colcon.colcon_core.executor:Executing jobs using 'parallel' executor
[1.073s] DEBUG:colcon.colcon_parallel_executor.executor.parallel:run_until_complete
[1.074s] INFO:colcon.colcon_ros.task.ament_cmake.build:Building ROS package in '/home/haocheng/Rosbot_workspace/src/explore' with build type 'ament_cmake'
[1.074s] INFO:colcon.colcon_cmake.task.cmake.build:Building CMake package in '/home/haocheng/Rosbot_workspace/src/explore'
[1.082s] INFO:colcon.colcon_core.plugin_system:Skipping extension 'colcon_core.shell.bat': Not used on non-Windows systems
[1.082s] INFO:colcon.colcon_core.shell:Skip shell extension 'powershell' for command environment: Not usable outside of PowerShell
[1.082s] DEBUG:colcon.colcon_core.shell:Skip shell extension 'dsv' for command environment
[1.122s] INFO:colcon.colcon_ros.task.ament_python.build:Building ROS package in '/home/haocheng/Rosbot_workspace/src/my_pkg' with build type 'ament_python'
[1.122s] Level 1:colcon.colcon_core.shell:create_environment_hook('my_pkg', 'ament_prefix_path')
[1.122s] INFO:colcon.colcon_core.shell:Creating environment hook '/home/haocheng/Rosbot_workspace/install/my_pkg/share/my_pkg/hook/ament_prefix_path.ps1'
[1.124s] INFO:colcon.colcon_core.shell:Creating environment descriptor '/home/haocheng/Rosbot_workspace/install/my_pkg/share/my_pkg/hook/ament_prefix_path.dsv'
[1.125s] INFO:colcon.colcon_core.shell:Creating environment hook '/home/haocheng/Rosbot_workspace/install/my_pkg/share/my_pkg/hook/ament_prefix_path.sh'
[1.126s] INFO:colcon.colcon_core.shell:Skip shell extension 'powershell' for command environment: Not usable outside of PowerShell
[1.126s] DEBUG:colcon.colcon_core.shell:Skip shell extension 'dsv' for command environment
[1.172s] DEBUG:colcon.colcon_core.event_handler.log_command:Invoking command in '/home/haocheng/Rosbot_workspace/build/explore_lite': CMAKE_PREFIX_PATH=${CMAKE_PREFIX_PATH}:/home/haocheng/humble_ws/install/testpkgfromW3:/home/haocheng/humble_ws/install/rosbot_utils:/home/haocheng/humble_ws/install/rosbot_gazebo:/home/haocheng/humble_ws/install/rosbot_bringup:/home/haocheng/humble_ws/install/rosbot_controller:/home/haocheng/humble_ws/install/pt2w3:/home/haocheng/aiil_workspace/humble_workspace/install/aiil_rosbot_demo:/home/haocheng/aiil_workspace/humble_workspace/install/aiil_gazebo:/opt/ros/humble:/home/haocheng/ros2_humble/install/rqt_bag_plugins:/home/haocheng/ros2_humble/install/rqt_bag:/home/haocheng/ros2_humble/install/ros2bag:/home/haocheng/ros2_humble/install/tracetools_test:/home/haocheng/ros2_humble/install/tracetools_launch:/home/haocheng/ros2_humble/install/topic_monitor:/home/haocheng/ros2_humble/install/tf2_tools:/home/haocheng/ros2_humble/install/examples_tf2_py:/home/haocheng/ros2_humble/install/tf2_ros_py:/home/haocheng/ros2_humble/install/sros2:/home/haocheng/ros2_humble/install/rqt_topic:/home/haocheng/ros2_humble/install/rqt_srv:/home/haocheng/ros2_humble/install/rqt_shell:/home/haocheng/ros2_humble/install/rqt_service_caller:/home/haocheng/ros2_humble/install/rqt_reconfigure:/home/haocheng/ros2_humble/install/rqt_py_console:/home/haocheng/ros2_humble/install/rqt_publisher:/home/haocheng/ros2_humble/install/rqt_plot:/home/haocheng/ros2_humble/install/rqt_action:/home/haocheng/ros2_humble/install/rqt_msg:/home/haocheng/ros2_humble/install/rqt_console:/home/haocheng/ros2_humble/install/rqt:/home/haocheng/ros2_humble/install/rqt_graph:/home/haocheng/ros2_humble/install/rqt_gui_py:/home/haocheng/ros2_humble/install/rqt_gui:/home/haocheng/ros2_humble/install/ros2trace:/home/haocheng/ros2_humble/install/ros2topic:/home/haocheng/ros2_humble/install/ros2test:/home/haocheng/ros2_humble/install/ros2component:/home/haocheng/ros2_humble/install/ros2param:/home/haocheng/ros2_humble/install/ros2lifecycle:/home/haocheng/ros2_humble/install/ros2service:/home/haocheng/ros2_humble/install/ros2run:/home/haocheng/ros2_humble/install/ros2launch:/home/haocheng/ros2_humble/install/ros2pkg:/home/haocheng/ros2_humble/install/ros2node:/home/haocheng/ros2_humble/install/ros2multicast:/home/haocheng/ros2_humble/install/ros2interface:/home/haocheng/ros2_humble/install/ros2doctor:/home/haocheng/ros2_humble/install/ros2action:/home/haocheng/ros2_humble/install/ros2cli:/home/haocheng/ros2_humble/install/quality_of_service_demo_py:/home/haocheng/ros2_humble/install/lifecycle_py:/home/haocheng/ros2_humble/install/launch_testing_ros:/home/haocheng/ros2_humble/install/launch_ros:/home/haocheng/ros2_humble/install/examples_rclpy_pointcloud_publisher:/home/haocheng/ros2_humble/install/examples_rclpy_minimal_subscriber:/home/haocheng/ros2_humble/install/examples_rclpy_minimal_service:/home/haocheng/ros2_humble/install/examples_rclpy_minimal_publisher:/home/haocheng/ros2_humble/install/examples_rclpy_minimal_client:/home/haocheng/ros2_humble/install/examples_rclpy_minimal_action_server:/home/haocheng/ros2_humble/install/examples_rclpy_minimal_action_client:/home/haocheng/ros2_humble/install/examples_rclpy_guard_conditions:/home/haocheng/ros2_humble/install/examples_rclpy_executors:/home/haocheng/ros2_humble/install/demo_nodes_py:/home/haocheng/ros2_humble/install/action_tutorials_py:/home/haocheng/ros2_humble/install/ament_uncrustify:/home/haocheng/ros2_humble/install/tracetools_trace:/home/haocheng/ros2_humble/install/tracetools_read:/home/haocheng/ros2_humble/install/test_tracetools_launch:/home/haocheng/ros2_humble/install/test_launch_ros:/home/haocheng/ros2_humble/install/sensor_msgs_py:/home/haocheng/ros2_humble/install/rpyutils:/home/haocheng/ros2_humble/install/rosidl_runtime_py:/home/haocheng/ros2_humble/install/rosidl_cli:/home/haocheng/ros2_humble/install/launch_pytest:/home/haocheng/ros2_humble/install/launch_testing:/home/haocheng/ros2_humble/install/launch_yaml:/home/haocheng/ros2_humble/install/launch_xml:/home/haocheng/ros2_humble/install/launch:/home/haocheng/ros2_humble/install/osrf_pycommon:/home/haocheng/ros2_humble/install/launch_testing_examples:/home/haocheng/ros2_humble/install/domain_coordinator:/home/haocheng/ros2_humble/install/ament_xmllint:/home/haocheng/ros2_humble/install/ament_pyflakes:/home/haocheng/ros2_humble/install/ament_pycodestyle:/home/haocheng/ros2_humble/install/ament_pep257:/home/haocheng/ros2_humble/install/ament_pclint:/home/haocheng/ros2_humble/install/ament_package:/home/haocheng/ros2_humble/install/ament_mypy:/home/haocheng/ros2_humble/install/ament_lint_cmake:/home/haocheng/ros2_humble/install/ament_flake8:/home/haocheng/ros2_humble/install/ament_copyright:/home/haocheng/ros2_humble/install/ament_lint:/home/haocheng/ros2_humble/install/ament_index_python:/home/haocheng/ros2_humble/install/ament_cpplint:/home/haocheng/ros2_humble/install/ament_cppcheck:/home/haocheng/ros2_humble/install/ament_clang_tidy:/home/haocheng/ros2_humble/install/ament_clang_format /usr/bin/cmake /home/haocheng/Rosbot_workspace/src/explore -DCMAKE_INSTALL_PREFIX=/home/haocheng/Rosbot_workspace/install/explore_lite
[2.088s] INFO:colcon.colcon_core.task.python.build:Building Python package in '/home/haocheng/Rosbot_workspace/src/my_pkg'
[2.089s] INFO:colcon.colcon_core.shell:Skip shell extension 'powershell' for command environment: Not usable outside of PowerShell
[2.089s] DEBUG:colcon.colcon_core.shell:Skip shell extension 'dsv' for command environment
[3.399s] DEBUG:colcon.colcon_core.event_handler.log_command:Invoking command in '/home/haocheng/Rosbot_workspace/src/my_pkg': PYTHONPATH=/home/haocheng/Rosbot_workspace/build/my_pkg/prefix_override:/home/haocheng/Rosbot_workspace/install/my_pkg/lib/python3.10/site-packages:${PYTHONPATH} /usr/bin/python3 -W ignore:setup.py install is deprecated setup.py egg_info --egg-base ../../build/my_pkg build --build-base /home/haocheng/Rosbot_workspace/build/my_pkg/build install --record /home/haocheng/Rosbot_workspace/build/my_pkg/install.log --single-version-externally-managed install_data
[4.425s] DEBUG:colcon.colcon_core.event_handler.log_command:Invoked command in '/home/haocheng/Rosbot_workspace/src/my_pkg' returned '0': PYTHONPATH=/home/haocheng/Rosbot_workspace/build/my_pkg/prefix_override:/home/haocheng/Rosbot_workspace/install/my_pkg/lib/python3.10/site-packages:${PYTHONPATH} /usr/bin/python3 -W ignore:setup.py install is deprecated setup.py egg_info --egg-base ../../build/my_pkg build --build-base /home/haocheng/Rosbot_workspace/build/my_pkg/build install --record /home/haocheng/Rosbot_workspace/build/my_pkg/install.log --single-version-externally-managed install_data
[4.434s] Level 1:colcon.colcon_core.environment:checking '/home/haocheng/Rosbot_workspace/install/my_pkg' for CMake module files
[4.435s] Level 1:colcon.colcon_core.environment:checking '/home/haocheng/Rosbot_workspace/install/my_pkg' for CMake config files
[4.436s] Level 1:colcon.colcon_core.environment:checking '/home/haocheng/Rosbot_workspace/install/my_pkg/lib'
[4.436s] Level 1:colcon.colcon_core.environment:checking '/home/haocheng/Rosbot_workspace/install/my_pkg/bin'
[4.436s] Level 1:colcon.colcon_core.environment:checking '/home/haocheng/Rosbot_workspace/install/my_pkg/lib/pkgconfig/my_pkg.pc'
[4.437s] Level 1:colcon.colcon_core.environment:checking '/home/haocheng/Rosbot_workspace/install/my_pkg/lib/python3.10/site-packages'
[4.437s] Level 1:colcon.colcon_core.shell:create_environment_hook('my_pkg', 'pythonpath')
[4.437s] INFO:colcon.colcon_core.shell:Creating environment hook '/home/haocheng/Rosbot_workspace/install/my_pkg/share/my_pkg/hook/pythonpath.ps1'
[4.438s] INFO:colcon.colcon_core.shell:Creating environment descriptor '/home/haocheng/Rosbot_workspace/install/my_pkg/share/my_pkg/hook/pythonpath.dsv'
[4.438s] INFO:colcon.colcon_core.shell:Creating environment hook '/home/haocheng/Rosbot_workspace/install/my_pkg/share/my_pkg/hook/pythonpath.sh'
[4.439s] Level 1:colcon.colcon_core.environment:checking '/home/haocheng/Rosbot_workspace/install/my_pkg/bin'
[4.439s] Level 1:colcon.colcon_core.environment:create_environment_scripts_only(my_pkg)
[4.440s] INFO:colcon.colcon_core.shell:Creating package script '/home/haocheng/Rosbot_workspace/install/my_pkg/share/my_pkg/package.ps1'
[4.442s] INFO:colcon.colcon_core.shell:Creating package descriptor '/home/haocheng/Rosbot_workspace/install/my_pkg/share/my_pkg/package.dsv'
[4.443s] INFO:colcon.colcon_core.shell:Creating package script '/home/haocheng/Rosbot_workspace/install/my_pkg/share/my_pkg/package.sh'
[4.443s] INFO:colcon.colcon_core.shell:Creating package script '/home/haocheng/Rosbot_workspace/install/my_pkg/share/my_pkg/package.bash'
[4.445s] INFO:colcon.colcon_core.shell:Creating package script '/home/haocheng/Rosbot_workspace/install/my_pkg/share/my_pkg/package.zsh'
[4.446s] Level 1:colcon.colcon_core.environment:create_file_with_runtime_dependencies(/home/haocheng/Rosbot_workspace/install/my_pkg/share/colcon-core/packages/my_pkg)
[14.873s] DEBUG:colcon.colcon_core.event_handler.log_command:Invoked command in '/home/haocheng/Rosbot_workspace/build/explore_lite' returned '0': CMAKE_PREFIX_PATH=${CMAKE_PREFIX_PATH}:/home/haocheng/humble_ws/install/testpkgfromW3:/home/haocheng/humble_ws/install/rosbot_utils:/home/haocheng/humble_ws/install/rosbot_gazebo:/home/haocheng/humble_ws/install/rosbot_bringup:/home/haocheng/humble_ws/install/rosbot_controller:/home/haocheng/humble_ws/install/pt2w3:/home/haocheng/aiil_workspace/humble_workspace/install/aiil_rosbot_demo:/home/haocheng/aiil_workspace/humble_workspace/install/aiil_gazebo:/opt/ros/humble:/home/haocheng/ros2_humble/install/rqt_bag_plugins:/home/haocheng/ros2_humble/install/rqt_bag:/home/haocheng/ros2_humble/install/ros2bag:/home/haocheng/ros2_humble/install/tracetools_test:/home/haocheng/ros2_humble/install/tracetools_launch:/home/haocheng/ros2_humble/install/topic_monitor:/home/haocheng/ros2_humble/install/tf2_tools:/home/haocheng/ros2_humble/install/examples_tf2_py:/home/haocheng/ros2_humble/install/tf2_ros_py:/home/haocheng/ros2_humble/install/sros2:/home/haocheng/ros2_humble/install/rqt_topic:/home/haocheng/ros2_humble/install/rqt_srv:/home/haocheng/ros2_humble/install/rqt_shell:/home/haocheng/ros2_humble/install/rqt_service_caller:/home/haocheng/ros2_humble/install/rqt_reconfigure:/home/haocheng/ros2_humble/install/rqt_py_console:/home/haocheng/ros2_humble/install/rqt_publisher:/home/haocheng/ros2_humble/install/rqt_plot:/home/haocheng/ros2_humble/install/rqt_action:/home/haocheng/ros2_humble/install/rqt_msg:/home/haocheng/ros2_humble/install/rqt_console:/home/haocheng/ros2_humble/install/rqt:/home/haocheng/ros2_humble/install/rqt_graph:/home/haocheng/ros2_humble/install/rqt_gui_py:/home/haocheng/ros2_humble/install/rqt_gui:/home/haocheng/ros2_humble/install/ros2trace:/home/haocheng/ros2_humble/install/ros2topic:/home/haocheng/ros2_humble/install/ros2test:/home/haocheng/ros2_humble/install/ros2component:/home/haocheng/ros2_humble/install/ros2param:/home/haocheng/ros2_humble/install/ros2lifecycle:/home/haocheng/ros2_humble/install/ros2service:/home/haocheng/ros2_humble/install/ros2run:/home/haocheng/ros2_humble/install/ros2launch:/home/haocheng/ros2_humble/install/ros2pkg:/home/haocheng/ros2_humble/install/ros2node:/home/haocheng/ros2_humble/install/ros2multicast:/home/haocheng/ros2_humble/install/ros2interface:/home/haocheng/ros2_humble/install/ros2doctor:/home/haocheng/ros2_humble/install/ros2action:/home/haocheng/ros2_humble/install/ros2cli:/home/haocheng/ros2_humble/install/quality_of_service_demo_py:/home/haocheng/ros2_humble/install/lifecycle_py:/home/haocheng/ros2_humble/install/launch_testing_ros:/home/haocheng/ros2_humble/install/launch_ros:/home/haocheng/ros2_humble/install/examples_rclpy_pointcloud_publisher:/home/haocheng/ros2_humble/install/examples_rclpy_minimal_subscriber:/home/haocheng/ros2_humble/install/examples_rclpy_minimal_service:/home/haocheng/ros2_humble/install/examples_rclpy_minimal_publisher:/home/haocheng/ros2_humble/install/examples_rclpy_minimal_client:/home/haocheng/ros2_humble/install/examples_rclpy_minimal_action_server:/home/haocheng/ros2_humble/install/examples_rclpy_minimal_action_client:/home/haocheng/ros2_humble/install/examples_rclpy_guard_conditions:/home/haocheng/ros2_humble/install/examples_rclpy_executors:/home/haocheng/ros2_humble/install/demo_nodes_py:/home/haocheng/ros2_humble/install/action_tutorials_py:/home/haocheng/ros2_humble/install/ament_uncrustify:/home/haocheng/ros2_humble/install/tracetools_trace:/home/haocheng/ros2_humble/install/tracetools_read:/home/haocheng/ros2_humble/install/test_tracetools_launch:/home/haocheng/ros2_humble/install/test_launch_ros:/home/haocheng/ros2_humble/install/sensor_msgs_py:/home/haocheng/ros2_humble/install/rpyutils:/home/haocheng/ros2_humble/install/rosidl_runtime_py:/home/haocheng/ros2_humble/install/rosidl_cli:/home/haocheng/ros2_humble/install/launch_pytest:/home/haocheng/ros2_humble/install/launch_testing:/home/haocheng/ros2_humble/install/launch_yaml:/home/haocheng/ros2_humble/install/launch_xml:/home/haocheng/ros2_humble/install/launch:/home/haocheng/ros2_humble/install/osrf_pycommon:/home/haocheng/ros2_humble/install/launch_testing_examples:/home/haocheng/ros2_humble/install/domain_coordinator:/home/haocheng/ros2_humble/install/ament_xmllint:/home/haocheng/ros2_humble/install/ament_pyflakes:/home/haocheng/ros2_humble/install/ament_pycodestyle:/home/haocheng/ros2_humble/install/ament_pep257:/home/haocheng/ros2_humble/install/ament_pclint:/home/haocheng/ros2_humble/install/ament_package:/home/haocheng/ros2_humble/install/ament_mypy:/home/haocheng/ros2_humble/install/ament_lint_cmake:/home/haocheng/ros2_humble/install/ament_flake8:/home/haocheng/ros2_humble/install/ament_copyright:/home/haocheng/ros2_humble/install/ament_lint:/home/haocheng/ros2_humble/install/ament_index_python:/home/haocheng/ros2_humble/install/ament_cpplint:/home/haocheng/ros2_humble/install/ament_cppcheck:/home/haocheng/ros2_humble/install/ament_clang_tidy:/home/haocheng/ros2_humble/install/ament_clang_format /usr/bin/cmake /home/haocheng/Rosbot_workspace/src/explore -DCMAKE_INSTALL_PREFIX=/home/haocheng/Rosbot_workspace/install/explore_lite
[14.877s] DEBUG:colcon.colcon_core.event_handler.log_command:Invoking command in '/home/haocheng/Rosbot_workspace/build/explore_lite': CMAKE_PREFIX_PATH=${CMAKE_PREFIX_PATH}:/home/haocheng/humble_ws/install/testpkgfromW3:/home/haocheng/humble_ws/install/rosbot_utils:/home/haocheng/humble_ws/install/rosbot_gazebo:/home/haocheng/humble_ws/install/rosbot_bringup:/home/haocheng/humble_ws/install/rosbot_controller:/home/haocheng/humble_ws/install/pt2w3:/home/haocheng/aiil_workspace/humble_workspace/install/aiil_rosbot_demo:/home/haocheng/aiil_workspace/humble_workspace/install/aiil_gazebo:/opt/ros/humble:/home/haocheng/ros2_humble/install/rqt_bag_plugins:/home/haocheng/ros2_humble/install/rqt_bag:/home/haocheng/ros2_humble/install/ros2bag:/home/haocheng/ros2_humble/install/tracetools_test:/home/haocheng/ros2_humble/install/tracetools_launch:/home/haocheng/ros2_humble/install/topic_monitor:/home/haocheng/ros2_humble/install/tf2_tools:/home/haocheng/ros2_humble/install/examples_tf2_py:/home/haocheng/ros2_humble/install/tf2_ros_py:/home/haocheng/ros2_humble/install/sros2:/home/haocheng/ros2_humble/install/rqt_topic:/home/haocheng/ros2_humble/install/rqt_srv:/home/haocheng/ros2_humble/install/rqt_shell:/home/haocheng/ros2_humble/install/rqt_service_caller:/home/haocheng/ros2_humble/install/rqt_reconfigure:/home/haocheng/ros2_humble/install/rqt_py_console:/home/haocheng/ros2_humble/install/rqt_publisher:/home/haocheng/ros2_humble/install/rqt_plot:/home/haocheng/ros2_humble/install/rqt_action:/home/haocheng/ros2_humble/install/rqt_msg:/home/haocheng/ros2_humble/install/rqt_console:/home/haocheng/ros2_humble/install/rqt:/home/haocheng/ros2_humble/install/rqt_graph:/home/haocheng/ros2_humble/install/rqt_gui_py:/home/haocheng/ros2_humble/install/rqt_gui:/home/haocheng/ros2_humble/install/ros2trace:/home/haocheng/ros2_humble/install/ros2topic:/home/haocheng/ros2_humble/install/ros2test:/home/haocheng/ros2_humble/install/ros2component:/home/haocheng/ros2_humble/install/ros2param:/home/haocheng/ros2_humble/install/ros2lifecycle:/home/haocheng/ros2_humble/install/ros2service:/home/haocheng/ros2_humble/install/ros2run:/home/haocheng/ros2_humble/install/ros2launch:/home/haocheng/ros2_humble/install/ros2pkg:/home/haocheng/ros2_humble/install/ros2node:/home/haocheng/ros2_humble/install/ros2multicast:/home/haocheng/ros2_humble/install/ros2interface:/home/haocheng/ros2_humble/install/ros2doctor:/home/haocheng/ros2_humble/install/ros2action:/home/haocheng/ros2_humble/install/ros2cli:/home/haocheng/ros2_humble/install/quality_of_service_demo_py:/home/haocheng/ros2_humble/install/lifecycle_py:/home/haocheng/ros2_humble/install/launch_testing_ros:/home/haocheng/ros2_humble/install/launch_ros:/home/haocheng/ros2_humble/install/examples_rclpy_pointcloud_publisher:/home/haocheng/ros2_humble/install/examples_rclpy_minimal_subscriber:/home/haocheng/ros2_humble/install/examples_rclpy_minimal_service:/home/haocheng/ros2_humble/install/examples_rclpy_minimal_publisher:/home/haocheng/ros2_humble/install/examples_rclpy_minimal_client:/home/haocheng/ros2_humble/install/examples_rclpy_minimal_action_server:/home/haocheng/ros2_humble/install/examples_rclpy_minimal_action_client:/home/haocheng/ros2_humble/install/examples_rclpy_guard_conditions:/home/haocheng/ros2_humble/install/examples_rclpy_executors:/home/haocheng/ros2_humble/install/demo_nodes_py:/home/haocheng/ros2_humble/install/action_tutorials_py:/home/haocheng/ros2_humble/install/ament_uncrustify:/home/haocheng/ros2_humble/install/tracetools_trace:/home/haocheng/ros2_humble/install/tracetools_read:/home/haocheng/ros2_humble/install/test_tracetools_launch:/home/haocheng/ros2_humble/install/test_launch_ros:/home/haocheng/ros2_humble/install/sensor_msgs_py:/home/haocheng/ros2_humble/install/rpyutils:/home/haocheng/ros2_humble/install/rosidl_runtime_py:/home/haocheng/ros2_humble/install/rosidl_cli:/home/haocheng/ros2_humble/install/launch_pytest:/home/haocheng/ros2_humble/install/launch_testing:/home/haocheng/ros2_humble/install/launch_yaml:/home/haocheng/ros2_humble/install/launch_xml:/home/haocheng/ros2_humble/install/launch:/home/haocheng/ros2_humble/install/osrf_pycommon:/home/haocheng/ros2_humble/install/launch_testing_examples:/home/haocheng/ros2_humble/install/domain_coordinator:/home/haocheng/ros2_humble/install/ament_xmllint:/home/haocheng/ros2_humble/install/ament_pyflakes:/home/haocheng/ros2_humble/install/ament_pycodestyle:/home/haocheng/ros2_humble/install/ament_pep257:/home/haocheng/ros2_humble/install/ament_pclint:/home/haocheng/ros2_humble/install/ament_package:/home/haocheng/ros2_humble/install/ament_mypy:/home/haocheng/ros2_humble/install/ament_lint_cmake:/home/haocheng/ros2_humble/install/ament_flake8:/home/haocheng/ros2_humble/install/ament_copyright:/home/haocheng/ros2_humble/install/ament_lint:/home/haocheng/ros2_humble/install/ament_index_python:/home/haocheng/ros2_humble/install/ament_cpplint:/home/haocheng/ros2_humble/install/ament_cppcheck:/home/haocheng/ros2_humble/install/ament_clang_tidy:/home/haocheng/ros2_humble/install/ament_clang_format /usr/bin/cmake --build /home/haocheng/Rosbot_workspace/build/explore_lite -- -j16 -l16
[51.615s] DEBUG:colcon.colcon_core.event_handler.log_command:Invoked command in '/home/haocheng/Rosbot_workspace/build/explore_lite' returned '0': CMAKE_PREFIX_PATH=${CMAKE_PREFIX_PATH}:/home/haocheng/humble_ws/install/testpkgfromW3:/home/haocheng/humble_ws/install/rosbot_utils:/home/haocheng/humble_ws/install/rosbot_gazebo:/home/haocheng/humble_ws/install/rosbot_bringup:/home/haocheng/humble_ws/install/rosbot_controller:/home/haocheng/humble_ws/install/pt2w3:/home/haocheng/aiil_workspace/humble_workspace/install/aiil_rosbot_demo:/home/haocheng/aiil_workspace/humble_workspace/install/aiil_gazebo:/opt/ros/humble:/home/haocheng/ros2_humble/install/rqt_bag_plugins:/home/haocheng/ros2_humble/install/rqt_bag:/home/haocheng/ros2_humble/install/ros2bag:/home/haocheng/ros2_humble/install/tracetools_test:/home/haocheng/ros2_humble/install/tracetools_launch:/home/haocheng/ros2_humble/install/topic_monitor:/home/haocheng/ros2_humble/install/tf2_tools:/home/haocheng/ros2_humble/install/examples_tf2_py:/home/haocheng/ros2_humble/install/tf2_ros_py:/home/haocheng/ros2_humble/install/sros2:/home/haocheng/ros2_humble/install/rqt_topic:/home/haocheng/ros2_humble/install/rqt_srv:/home/haocheng/ros2_humble/install/rqt_shell:/home/haocheng/ros2_humble/install/rqt_service_caller:/home/haocheng/ros2_humble/install/rqt_reconfigure:/home/haocheng/ros2_humble/install/rqt_py_console:/home/haocheng/ros2_humble/install/rqt_publisher:/home/haocheng/ros2_humble/install/rqt_plot:/home/haocheng/ros2_humble/install/rqt_action:/home/haocheng/ros2_humble/install/rqt_msg:/home/haocheng/ros2_humble/install/rqt_console:/home/haocheng/ros2_humble/install/rqt:/home/haocheng/ros2_humble/install/rqt_graph:/home/haocheng/ros2_humble/install/rqt_gui_py:/home/haocheng/ros2_humble/install/rqt_gui:/home/haocheng/ros2_humble/install/ros2trace:/home/haocheng/ros2_humble/install/ros2topic:/home/haocheng/ros2_humble/install/ros2test:/home/haocheng/ros2_humble/install/ros2component:/home/haocheng/ros2_humble/install/ros2param:/home/haocheng/ros2_humble/install/ros2lifecycle:/home/haocheng/ros2_humble/install/ros2service:/home/haocheng/ros2_humble/install/ros2run:/home/haocheng/ros2_humble/install/ros2launch:/home/haocheng/ros2_humble/install/ros2pkg:/home/haocheng/ros2_humble/install/ros2node:/home/haocheng/ros2_humble/install/ros2multicast:/home/haocheng/ros2_humble/install/ros2interface:/home/haocheng/ros2_humble/install/ros2doctor:/home/haocheng/ros2_humble/install/ros2action:/home/haocheng/ros2_humble/install/ros2cli:/home/haocheng/ros2_humble/install/quality_of_service_demo_py:/home/haocheng/ros2_humble/install/lifecycle_py:/home/haocheng/ros2_humble/install/launch_testing_ros:/home/haocheng/ros2_humble/install/launch_ros:/home/haocheng/ros2_humble/install/examples_rclpy_pointcloud_publisher:/home/haocheng/ros2_humble/install/examples_rclpy_minimal_subscriber:/home/haocheng/ros2_humble/install/examples_rclpy_minimal_service:/home/haocheng/ros2_humble/install/examples_rclpy_minimal_publisher:/home/haocheng/ros2_humble/install/examples_rclpy_minimal_client:/home/haocheng/ros2_humble/install/examples_rclpy_minimal_action_server:/home/haocheng/ros2_humble/install/examples_rclpy_minimal_action_client:/home/haocheng/ros2_humble/install/examples_rclpy_guard_conditions:/home/haocheng/ros2_humble/install/examples_rclpy_executors:/home/haocheng/ros2_humble/install/demo_nodes_py:/home/haocheng/ros2_humble/install/action_tutorials_py:/home/haocheng/ros2_humble/install/ament_uncrustify:/home/haocheng/ros2_humble/install/tracetools_trace:/home/haocheng/ros2_humble/install/tracetools_read:/home/haocheng/ros2_humble/install/test_tracetools_launch:/home/haocheng/ros2_humble/install/test_launch_ros:/home/haocheng/ros2_humble/install/sensor_msgs_py:/home/haocheng/ros2_humble/install/rpyutils:/home/haocheng/ros2_humble/install/rosidl_runtime_py:/home/haocheng/ros2_humble/install/rosidl_cli:/home/haocheng/ros2_humble/install/launch_pytest:/home/haocheng/ros2_humble/install/launch_testing:/home/haocheng/ros2_humble/install/launch_yaml:/home/haocheng/ros2_humble/install/launch_xml:/home/haocheng/ros2_humble/install/launch:/home/haocheng/ros2_humble/install/osrf_pycommon:/home/haocheng/ros2_humble/install/launch_testing_examples:/home/haocheng/ros2_humble/install/domain_coordinator:/home/haocheng/ros2_humble/install/ament_xmllint:/home/haocheng/ros2_humble/install/ament_pyflakes:/home/haocheng/ros2_humble/install/ament_pycodestyle:/home/haocheng/ros2_humble/install/ament_pep257:/home/haocheng/ros2_humble/install/ament_pclint:/home/haocheng/ros2_humble/install/ament_package:/home/haocheng/ros2_humble/install/ament_mypy:/home/haocheng/ros2_humble/install/ament_lint_cmake:/home/haocheng/ros2_humble/install/ament_flake8:/home/haocheng/ros2_humble/install/ament_copyright:/home/haocheng/ros2_humble/install/ament_lint:/home/haocheng/ros2_humble/install/ament_index_python:/home/haocheng/ros2_humble/install/ament_cpplint:/home/haocheng/ros2_humble/install/ament_cppcheck:/home/haocheng/ros2_humble/install/ament_clang_tidy:/home/haocheng/ros2_humble/install/ament_clang_format /usr/bin/cmake --build /home/haocheng/Rosbot_workspace/build/explore_lite -- -j16 -l16
[51.923s] DEBUG:colcon.colcon_core.event_handler.log_command:Invoking command in '/home/haocheng/Rosbot_workspace/build/explore_lite': CMAKE_PREFIX_PATH=${CMAKE_PREFIX_PATH}:/home/haocheng/humble_ws/install/testpkgfromW3:/home/haocheng/humble_ws/install/rosbot_utils:/home/haocheng/humble_ws/install/rosbot_gazebo:/home/haocheng/humble_ws/install/rosbot_bringup:/home/haocheng/humble_ws/install/rosbot_controller:/home/haocheng/humble_ws/install/pt2w3:/home/haocheng/aiil_workspace/humble_workspace/install/aiil_rosbot_demo:/home/haocheng/aiil_workspace/humble_workspace/install/aiil_gazebo:/opt/ros/humble:/home/haocheng/ros2_humble/install/rqt_bag_plugins:/home/haocheng/ros2_humble/install/rqt_bag:/home/haocheng/ros2_humble/install/ros2bag:/home/haocheng/ros2_humble/install/tracetools_test:/home/haocheng/ros2_humble/install/tracetools_launch:/home/haocheng/ros2_humble/install/topic_monitor:/home/haocheng/ros2_humble/install/tf2_tools:/home/haocheng/ros2_humble/install/examples_tf2_py:/home/haocheng/ros2_humble/install/tf2_ros_py:/home/haocheng/ros2_humble/install/sros2:/home/haocheng/ros2_humble/install/rqt_topic:/home/haocheng/ros2_humble/install/rqt_srv:/home/haocheng/ros2_humble/install/rqt_shell:/home/haocheng/ros2_humble/install/rqt_service_caller:/home/haocheng/ros2_humble/install/rqt_reconfigure:/home/haocheng/ros2_humble/install/rqt_py_console:/home/haocheng/ros2_humble/install/rqt_publisher:/home/haocheng/ros2_humble/install/rqt_plot:/home/haocheng/ros2_humble/install/rqt_action:/home/haocheng/ros2_humble/install/rqt_msg:/home/haocheng/ros2_humble/install/rqt_console:/home/haocheng/ros2_humble/install/rqt:/home/haocheng/ros2_humble/install/rqt_graph:/home/haocheng/ros2_humble/install/rqt_gui_py:/home/haocheng/ros2_humble/install/rqt_gui:/home/haocheng/ros2_humble/install/ros2trace:/home/haocheng/ros2_humble/install/ros2topic:/home/haocheng/ros2_humble/install/ros2test:/home/haocheng/ros2_humble/install/ros2component:/home/haocheng/ros2_humble/install/ros2param:/home/haocheng/ros2_humble/install/ros2lifecycle:/home/haocheng/ros2_humble/install/ros2service:/home/haocheng/ros2_humble/install/ros2run:/home/haocheng/ros2_humble/install/ros2launch:/home/haocheng/ros2_humble/install/ros2pkg:/home/haocheng/ros2_humble/install/ros2node:/home/haocheng/ros2_humble/install/ros2multicast:/home/haocheng/ros2_humble/install/ros2interface:/home/haocheng/ros2_humble/install/ros2doctor:/home/haocheng/ros2_humble/install/ros2action:/home/haocheng/ros2_humble/install/ros2cli:/home/haocheng/ros2_humble/install/quality_of_service_demo_py:/home/haocheng/ros2_humble/install/lifecycle_py:/home/haocheng/ros2_humble/install/launch_testing_ros:/home/haocheng/ros2_humble/install/launch_ros:/home/haocheng/ros2_humble/install/examples_rclpy_pointcloud_publisher:/home/haocheng/ros2_humble/install/examples_rclpy_minimal_subscriber:/home/haocheng/ros2_humble/install/examples_rclpy_minimal_service:/home/haocheng/ros2_humble/install/examples_rclpy_minimal_publisher:/home/haocheng/ros2_humble/install/examples_rclpy_minimal_client:/home/haocheng/ros2_humble/install/examples_rclpy_minimal_action_server:/home/haocheng/ros2_humble/install/examples_rclpy_minimal_action_client:/home/haocheng/ros2_humble/install/examples_rclpy_guard_conditions:/home/haocheng/ros2_humble/install/examples_rclpy_executors:/home/haocheng/ros2_humble/install/demo_nodes_py:/home/haocheng/ros2_humble/install/action_tutorials_py:/home/haocheng/ros2_humble/install/ament_uncrustify:/home/haocheng/ros2_humble/install/tracetools_trace:/home/haocheng/ros2_humble/install/tracetools_read:/home/haocheng/ros2_humble/install/test_tracetools_launch:/home/haocheng/ros2_humble/install/test_launch_ros:/home/haocheng/ros2_humble/install/sensor_msgs_py:/home/haocheng/ros2_humble/install/rpyutils:/home/haocheng/ros2_humble/install/rosidl_runtime_py:/home/haocheng/ros2_humble/install/rosidl_cli:/home/haocheng/ros2_humble/install/launch_pytest:/home/haocheng/ros2_humble/install/launch_testing:/home/haocheng/ros2_humble/install/launch_yaml:/home/haocheng/ros2_humble/install/launch_xml:/home/haocheng/ros2_humble/install/launch:/home/haocheng/ros2_humble/install/osrf_pycommon:/home/haocheng/ros2_humble/install/launch_testing_examples:/home/haocheng/ros2_humble/install/domain_coordinator:/home/haocheng/ros2_humble/install/ament_xmllint:/home/haocheng/ros2_humble/install/ament_pyflakes:/home/haocheng/ros2_humble/install/ament_pycodestyle:/home/haocheng/ros2_humble/install/ament_pep257:/home/haocheng/ros2_humble/install/ament_pclint:/home/haocheng/ros2_humble/install/ament_package:/home/haocheng/ros2_humble/install/ament_mypy:/home/haocheng/ros2_humble/install/ament_lint_cmake:/home/haocheng/ros2_humble/install/ament_flake8:/home/haocheng/ros2_humble/install/ament_copyright:/home/haocheng/ros2_humble/install/ament_lint:/home/haocheng/ros2_humble/install/ament_index_python:/home/haocheng/ros2_humble/install/ament_cpplint:/home/haocheng/ros2_humble/install/ament_cppcheck:/home/haocheng/ros2_humble/install/ament_clang_tidy:/home/haocheng/ros2_humble/install/ament_clang_format /usr/bin/cmake --install /home/haocheng/Rosbot_workspace/build/explore_lite
[51.995s] Level 1:colcon.colcon_core.environment:create_environment_scripts_only(explore_lite)
[51.995s] Level 1:colcon.colcon_core.environment:checking '/home/haocheng/Rosbot_workspace/install/explore_lite' for CMake module files
[51.996s] DEBUG:colcon.colcon_core.event_handler.log_command:Invoked command in '/home/haocheng/Rosbot_workspace/build/explore_lite' returned '0': CMAKE_PREFIX_PATH=${CMAKE_PREFIX_PATH}:/home/haocheng/humble_ws/install/testpkgfromW3:/home/haocheng/humble_ws/install/rosbot_utils:/home/haocheng/humble_ws/install/rosbot_gazebo:/home/haocheng/humble_ws/install/rosbot_bringup:/home/haocheng/humble_ws/install/rosbot_controller:/home/haocheng/humble_ws/install/pt2w3:/home/haocheng/aiil_workspace/humble_workspace/install/aiil_rosbot_demo:/home/haocheng/aiil_workspace/humble_workspace/install/aiil_gazebo:/opt/ros/humble:/home/haocheng/ros2_humble/install/rqt_bag_plugins:/home/haocheng/ros2_humble/install/rqt_bag:/home/haocheng/ros2_humble/install/ros2bag:/home/haocheng/ros2_humble/install/tracetools_test:/home/haocheng/ros2_humble/install/tracetools_launch:/home/haocheng/ros2_humble/install/topic_monitor:/home/haocheng/ros2_humble/install/tf2_tools:/home/haocheng/ros2_humble/install/examples_tf2_py:/home/haocheng/ros2_humble/install/tf2_ros_py:/home/haocheng/ros2_humble/install/sros2:/home/haocheng/ros2_humble/install/rqt_topic:/home/haocheng/ros2_humble/install/rqt_srv:/home/haocheng/ros2_humble/install/rqt_shell:/home/haocheng/ros2_humble/install/rqt_service_caller:/home/haocheng/ros2_humble/install/rqt_reconfigure:/home/haocheng/ros2_humble/install/rqt_py_console:/home/haocheng/ros2_humble/install/rqt_publisher:/home/haocheng/ros2_humble/install/rqt_plot:/home/haocheng/ros2_humble/install/rqt_action:/home/haocheng/ros2_humble/install/rqt_msg:/home/haocheng/ros2_humble/install/rqt_console:/home/haocheng/ros2_humble/install/rqt:/home/haocheng/ros2_humble/install/rqt_graph:/home/haocheng/ros2_humble/install/rqt_gui_py:/home/haocheng/ros2_humble/install/rqt_gui:/home/haocheng/ros2_humble/install/ros2trace:/home/haocheng/ros2_humble/install/ros2topic:/home/haocheng/ros2_humble/install/ros2test:/home/haocheng/ros2_humble/install/ros2component:/home/haocheng/ros2_humble/install/ros2param:/home/haocheng/ros2_humble/install/ros2lifecycle:/home/haocheng/ros2_humble/install/ros2service:/home/haocheng/ros2_humble/install/ros2run:/home/haocheng/ros2_humble/install/ros2launch:/home/haocheng/ros2_humble/install/ros2pkg:/home/haocheng/ros2_humble/install/ros2node:/home/haocheng/ros2_humble/install/ros2multicast:/home/haocheng/ros2_humble/install/ros2interface:/home/haocheng/ros2_humble/install/ros2doctor:/home/haocheng/ros2_humble/install/ros2action:/home/haocheng/ros2_humble/install/ros2cli:/home/haocheng/ros2_humble/install/quality_of_service_demo_py:/home/haocheng/ros2_humble/install/lifecycle_py:/home/haocheng/ros2_humble/install/launch_testing_ros:/home/haocheng/ros2_humble/install/launch_ros:/home/haocheng/ros2_humble/install/examples_rclpy_pointcloud_publisher:/home/haocheng/ros2_humble/install/examples_rclpy_minimal_subscriber:/home/haocheng/ros2_humble/install/examples_rclpy_minimal_service:/home/haocheng/ros2_humble/install/examples_rclpy_minimal_publisher:/home/haocheng/ros2_humble/install/examples_rclpy_minimal_client:/home/haocheng/ros2_humble/install/examples_rclpy_minimal_action_server:/home/haocheng/ros2_humble/install/examples_rclpy_minimal_action_client:/home/haocheng/ros2_humble/install/examples_rclpy_guard_conditions:/home/haocheng/ros2_humble/install/examples_rclpy_executors:/home/haocheng/ros2_humble/install/demo_nodes_py:/home/haocheng/ros2_humble/install/action_tutorials_py:/home/haocheng/ros2_humble/install/ament_uncrustify:/home/haocheng/ros2_humble/install/tracetools_trace:/home/haocheng/ros2_humble/install/tracetools_read:/home/haocheng/ros2_humble/install/test_tracetools_launch:/home/haocheng/ros2_humble/install/test_launch_ros:/home/haocheng/ros2_humble/install/sensor_msgs_py:/home/haocheng/ros2_humble/install/rpyutils:/home/haocheng/ros2_humble/install/rosidl_runtime_py:/home/haocheng/ros2_humble/install/rosidl_cli:/home/haocheng/ros2_humble/install/launch_pytest:/home/haocheng/ros2_humble/install/launch_testing:/home/haocheng/ros2_humble/install/launch_yaml:/home/haocheng/ros2_humble/install/launch_xml:/home/haocheng/ros2_humble/install/launch:/home/haocheng/ros2_humble/install/osrf_pycommon:/home/haocheng/ros2_humble/install/launch_testing_examples:/home/haocheng/ros2_humble/install/domain_coordinator:/home/haocheng/ros2_humble/install/ament_xmllint:/home/haocheng/ros2_humble/install/ament_pyflakes:/home/haocheng/ros2_humble/install/ament_pycodestyle:/home/haocheng/ros2_humble/install/ament_pep257:/home/haocheng/ros2_humble/install/ament_pclint:/home/haocheng/ros2_humble/install/ament_package:/home/haocheng/ros2_humble/install/ament_mypy:/home/haocheng/ros2_humble/install/ament_lint_cmake:/home/haocheng/ros2_humble/install/ament_flake8:/home/haocheng/ros2_humble/install/ament_copyright:/home/haocheng/ros2_humble/install/ament_lint:/home/haocheng/ros2_humble/install/ament_index_python:/home/haocheng/ros2_humble/install/ament_cpplint:/home/haocheng/ros2_humble/install/ament_cppcheck:/home/haocheng/ros2_humble/install/ament_clang_tidy:/home/haocheng/ros2_humble/install/ament_clang_format /usr/bin/cmake --install /home/haocheng/Rosbot_workspace/build/explore_lite
[51.997s] Level 1:colcon.colcon_core.environment:checking '/home/haocheng/Rosbot_workspace/install/explore_lite' for CMake config files
[51.997s] Level 1:colcon.colcon_core.shell:create_environment_hook('explore_lite', 'cmake_prefix_path')
[51.998s] INFO:colcon.colcon_core.shell:Creating environment hook '/home/haocheng/Rosbot_workspace/install/explore_lite/share/explore_lite/hook/cmake_prefix_path.ps1'
[51.998s] INFO:colcon.colcon_core.shell:Creating environment descriptor '/home/haocheng/Rosbot_workspace/install/explore_lite/share/explore_lite/hook/cmake_prefix_path.dsv'
[51.999s] INFO:colcon.colcon_core.shell:Creating environment hook '/home/haocheng/Rosbot_workspace/install/explore_lite/share/explore_lite/hook/cmake_prefix_path.sh'
[51.999s] Level 1:colcon.colcon_core.environment:checking '/home/haocheng/Rosbot_workspace/install/explore_lite/lib'
[51.999s] Level 1:colcon.colcon_core.environment:checking '/home/haocheng/Rosbot_workspace/install/explore_lite/bin'
[51.999s] Level 1:colcon.colcon_core.environment:checking '/home/haocheng/Rosbot_workspace/install/explore_lite/lib/pkgconfig/explore_lite.pc'
[51.999s] Level 1:colcon.colcon_core.environment:checking '/home/haocheng/Rosbot_workspace/install/explore_lite/lib/python3.10/site-packages'
[52.000s] Level 1:colcon.colcon_core.environment:checking '/home/haocheng/Rosbot_workspace/install/explore_lite/bin'
[52.000s] INFO:colcon.colcon_core.shell:Creating package script '/home/haocheng/Rosbot_workspace/install/explore_lite/share/explore_lite/package.ps1'
[52.000s] INFO:colcon.colcon_core.shell:Creating package descriptor '/home/haocheng/Rosbot_workspace/install/explore_lite/share/explore_lite/package.dsv'
[52.001s] INFO:colcon.colcon_core.shell:Creating package script '/home/haocheng/Rosbot_workspace/install/explore_lite/share/explore_lite/package.sh'
[52.001s] INFO:colcon.colcon_core.shell:Creating package script '/home/haocheng/Rosbot_workspace/install/explore_lite/share/explore_lite/package.bash'
[52.002s] INFO:colcon.colcon_core.shell:Creating package script '/home/haocheng/Rosbot_workspace/install/explore_lite/share/explore_lite/package.zsh'
[52.002s] Level 1:colcon.colcon_core.environment:create_file_with_runtime_dependencies(/home/haocheng/Rosbot_workspace/install/explore_lite/share/colcon-core/packages/explore_lite)
[52.269s] Level 1:colcon.colcon_core.environment:create_environment_scripts_only(explore_lite)
[52.269s] Level 1:colcon.colcon_core.environment:checking '/home/haocheng/Rosbot_workspace/install/explore_lite' for CMake module files
[52.270s] Level 1:colcon.colcon_core.environment:checking '/home/haocheng/Rosbot_workspace/install/explore_lite' for CMake config files
[52.271s] Level 1:colcon.colcon_core.shell:create_environment_hook('explore_lite', 'cmake_prefix_path')
[52.271s] INFO:colcon.colcon_core.shell:Creating environment hook '/home/haocheng/Rosbot_workspace/install/explore_lite/share/explore_lite/hook/cmake_prefix_path.ps1'
[52.272s] INFO:colcon.colcon_core.shell:Creating environment descriptor '/home/haocheng/Rosbot_workspace/install/explore_lite/share/explore_lite/hook/cmake_prefix_path.dsv'
[52.272s] INFO:colcon.colcon_core.shell:Creating environment hook '/home/haocheng/Rosbot_workspace/install/explore_lite/share/explore_lite/hook/cmake_prefix_path.sh'
[52.273s] Level 1:colcon.colcon_core.environment:checking '/home/haocheng/Rosbot_workspace/install/explore_lite/lib'
[52.273s] Level 1:colcon.colcon_core.environment:checking '/home/haocheng/Rosbot_workspace/install/explore_lite/bin'
[52.273s] Level 1:colcon.colcon_core.environment:checking '/home/haocheng/Rosbot_workspace/install/explore_lite/lib/pkgconfig/explore_lite.pc'
[52.274s] Level 1:colcon.colcon_core.environment:checking '/home/haocheng/Rosbot_workspace/install/explore_lite/lib/python3.10/site-packages'
[52.274s] Level 1:colcon.colcon_core.environment:checking '/home/haocheng/Rosbot_workspace/install/explore_lite/bin'
[52.274s] INFO:colcon.colcon_core.shell:Creating package script '/home/haocheng/Rosbot_workspace/install/explore_lite/share/explore_lite/package.ps1'
[52.276s] INFO:colcon.colcon_core.shell:Creating package descriptor '/home/haocheng/Rosbot_workspace/install/explore_lite/share/explore_lite/package.dsv'
[52.276s] INFO:colcon.colcon_core.shell:Creating package script '/home/haocheng/Rosbot_workspace/install/explore_lite/share/explore_lite/package.sh'
[52.277s] INFO:colcon.colcon_core.shell:Creating package script '/home/haocheng/Rosbot_workspace/install/explore_lite/share/explore_lite/package.bash'
[52.278s] INFO:colcon.colcon_core.shell:Creating package script '/home/haocheng/Rosbot_workspace/install/explore_lite/share/explore_lite/package.zsh'
[52.279s] Level 1:colcon.colcon_core.environment:create_file_with_runtime_dependencies(/home/haocheng/Rosbot_workspace/install/explore_lite/share/colcon-core/packages/explore_lite)
[52.279s] DEBUG:colcon.colcon_parallel_executor.executor.parallel:closing loop
[52.280s] DEBUG:colcon.colcon_parallel_executor.executor.parallel:loop closed
[52.280s] DEBUG:colcon.colcon_parallel_executor.executor.parallel:run_until_complete finished with '0'
[52.280s] DEBUG:colcon.colcon_core.event_reactor:joining thread
[52.301s] INFO:colcon.colcon_core.plugin_system:Skipping extension 'colcon_notification.desktop_notification.terminal_notifier': Not used on non-Darwin systems
[52.301s] INFO:colcon.colcon_core.plugin_system:Skipping extension 'colcon_notification.desktop_notification.win32': Not used on non-Windows systems
[52.301s] INFO:colcon.colcon_notification.desktop_notification:Sending desktop notification using 'notify2'
[52.319s] DEBUG:colcon.colcon_core.event_reactor:joined thread
[52.320s] INFO:colcon.colcon_core.shell:Creating prefix script '/home/haocheng/Rosbot_workspace/install/local_setup.ps1'
[52.321s] INFO:colcon.colcon_core.shell:Creating prefix util module '/home/haocheng/Rosbot_workspace/install/_local_setup_util_ps1.py'
[52.322s] INFO:colcon.colcon_core.shell:Creating prefix chain script '/home/haocheng/Rosbot_workspace/install/setup.ps1'
[52.343s] INFO:colcon.colcon_core.shell:Creating prefix script '/home/haocheng/Rosbot_workspace/install/local_setup.sh'
[52.344s] INFO:colcon.colcon_core.shell:Creating prefix util module '/home/haocheng/Rosbot_workspace/install/_local_setup_util_sh.py'
[52.345s] INFO:colcon.colcon_core.shell:Creating prefix chain script '/home/haocheng/Rosbot_workspace/install/setup.sh'
[52.367s] INFO:colcon.colcon_core.shell:Creating prefix script '/home/haocheng/Rosbot_workspace/install/local_setup.bash'
[52.367s] INFO:colcon.colcon_core.shell:Creating prefix chain script '/home/haocheng/Rosbot_workspace/install/setup.bash'
[52.389s] INFO:colcon.colcon_core.shell:Creating prefix script '/home/haocheng/Rosbot_workspace/install/local_setup.zsh'
[52.390s] INFO:colcon.colcon_core.shell:Creating prefix chain script '/home/haocheng/Rosbot_workspace/install/setup.zsh'
