[3.589s] Invoking command in '/home/haocheng/Rosbot_workspace/src/my_pkg': PYTHONPATH=/home/haocheng/Rosbot_workspace/build/my_pkg/prefix_override:/home/haocheng/Rosbot_workspace/install/my_pkg/lib/python3.10/site-packages:${PYTHONPATH} /usr/bin/python3 -W ignore:setup.py install is deprecated setup.py egg_info --egg-base ../../build/my_pkg build --build-base /home/haocheng/Rosbot_workspace/build/my_pkg/build install --record /home/haocheng/Rosbot_workspace/build/my_pkg/install.log --single-version-externally-managed install_data
[4.916s] running egg_info
[4.917s] creating ../../build/my_pkg/my_pkg.egg-info
[4.918s] writing ../../build/my_pkg/my_pkg.egg-info/PKG-INFO
[4.918s] writing dependency_links to ../../build/my_pkg/my_pkg.egg-info/dependency_links.txt
[4.918s] writing entry points to ../../build/my_pkg/my_pkg.egg-info/entry_points.txt
[4.919s] writing requirements to ../../build/my_pkg/my_pkg.egg-info/requires.txt
[4.919s] writing top-level names to ../../build/my_pkg/my_pkg.egg-info/top_level.txt
[4.920s] writing manifest file '../../build/my_pkg/my_pkg.egg-info/SOURCES.txt'
[4.923s] reading manifest file '../../build/my_pkg/my_pkg.egg-info/SOURCES.txt'
[4.924s] writing manifest file '../../build/my_pkg/my_pkg.egg-info/SOURCES.txt'
[4.925s] running build
[4.925s] running build_py
[4.925s] creating /home/haocheng/Rosbot_workspace/build/my_pkg/build
[4.925s] creating /home/haocheng/Rosbot_workspace/build/my_pkg/build/lib
[4.926s] creating /home/haocheng/Rosbot_workspace/build/my_pkg/build/lib/my_pkg
[4.926s] copying my_pkg/__init__.py -> /home/haocheng/Rosbot_workspace/build/my_pkg/build/lib/my_pkg
[4.926s] copying my_pkg/rotate_robot.py -> /home/haocheng/Rosbot_workspace/build/my_pkg/build/lib/my_pkg
[4.927s] running install
[4.927s] running install_lib
[4.928s] creating /home/haocheng/Rosbot_workspace/install/my_pkg/lib/python3.10/site-packages/my_pkg
[4.929s] copying /home/haocheng/Rosbot_workspace/build/my_pkg/build/lib/my_pkg/__init__.py -> /home/haocheng/Rosbot_workspace/install/my_pkg/lib/python3.10/site-packages/my_pkg
[4.929s] copying /home/haocheng/Rosbot_workspace/build/my_pkg/build/lib/my_pkg/rotate_robot.py -> /home/haocheng/Rosbot_workspace/install/my_pkg/lib/python3.10/site-packages/my_pkg
[4.935s] byte-compiling /home/haocheng/Rosbot_workspace/install/my_pkg/lib/python3.10/site-packages/my_pkg/__init__.py to __init__.cpython-310.pyc
[4.936s] byte-compiling /home/haocheng/Rosbot_workspace/install/my_pkg/lib/python3.10/site-packages/my_pkg/rotate_robot.py to rotate_robot.cpython-310.pyc
[4.936s] running install_data
[4.937s] creating /home/haocheng/Rosbot_workspace/install/my_pkg/share/ament_index
[4.938s] creating /home/haocheng/Rosbot_workspace/install/my_pkg/share/ament_index/resource_index
[4.938s] creating /home/haocheng/Rosbot_workspace/install/my_pkg/share/ament_index/resource_index/packages
[4.938s] copying resource/my_pkg -> /home/haocheng/Rosbot_workspace/install/my_pkg/share/ament_index/resource_index/packages
[4.939s] copying package.xml -> /home/haocheng/Rosbot_workspace/install/my_pkg/share/my_pkg
[4.939s] running install_egg_info
[4.946s] Copying ../../build/my_pkg/my_pkg.egg-info to /home/haocheng/Rosbot_workspace/install/my_pkg/lib/python3.10/site-packages/my_pkg-0.0.0-py3.10.egg-info
[4.949s] running install_scripts
[5.049s] Installing rotate_robot script to /home/haocheng/Rosbot_workspace/install/my_pkg/lib/my_pkg
[5.050s] writing list of installed files to '/home/haocheng/Rosbot_workspace/build/my_pkg/install.log'
[5.121s] Invoked command in '/home/haocheng/Rosbot_workspace/src/my_pkg' returned '0': PYTHONPATH=/home/haocheng/Rosbot_workspace/build/my_pkg/prefix_override:/home/haocheng/Rosbot_workspace/install/my_pkg/lib/python3.10/site-packages:${PYTHONPATH} /usr/bin/python3 -W ignore:setup.py install is deprecated setup.py egg_info --egg-base ../../build/my_pkg build --build-base /home/haocheng/Rosbot_workspace/build/my_pkg/build install --record /home/haocheng/Rosbot_workspace/build/my_pkg/install.log --single-version-externally-managed install_data
