[2.369s] Invoking command in '/home/haocheng/Rosbot_workspace/src/build/my_pkg': PYTHONPATH=/home/haocheng/Rosbot_workspace/src/build/my_pkg/prefix_override:/home/haocheng/Rosbot_workspace/src/install/my_pkg/lib/python3.10/site-packages:${PYTHONPATH} /usr/bin/python3 -W ignore:setup.py install is deprecated setup.py develop --editable --build-directory /home/haocheng/Rosbot_workspace/src/build/my_pkg/build --no-deps symlink_data
[3.374s] running develop
[3.955s] running egg_info
[3.956s] creating my_pkg.egg-info
[3.956s] writing my_pkg.egg-info/PKG-INFO
[3.958s] writing dependency_links to my_pkg.egg-info/dependency_links.txt
[3.958s] writing entry points to my_pkg.egg-info/entry_points.txt
[3.958s] writing requirements to my_pkg.egg-info/requires.txt
[3.959s] writing top-level names to my_pkg.egg-info/top_level.txt
[3.961s] writing manifest file 'my_pkg.egg-info/SOURCES.txt'
[3.962s] reading manifest file 'my_pkg.egg-info/SOURCES.txt'
[3.963s] writing manifest file 'my_pkg.egg-info/SOURCES.txt'
[3.972s] running build_ext
[3.972s] Creating /home/haocheng/Rosbot_workspace/src/install/my_pkg/lib/python3.10/site-packages/my-pkg.egg-link (link to .)
[3.974s] Installing image_localizer script to /home/haocheng/Rosbot_workspace/src/install/my_pkg/lib/my_pkg
[3.974s] Installing position_detection script to /home/haocheng/Rosbot_workspace/src/install/my_pkg/lib/my_pkg
[3.974s] Installing rotate_robot script to /home/haocheng/Rosbot_workspace/src/install/my_pkg/lib/my_pkg
[3.975s] 
[3.975s] Installed /home/haocheng/Rosbot_workspace/src/build/my_pkg
[3.975s] running symlink_data
[3.975s] creating /home/haocheng/Rosbot_workspace/src/install/my_pkg/share/ament_index
[3.975s] creating /home/haocheng/Rosbot_workspace/src/install/my_pkg/share/ament_index/resource_index
[3.976s] creating /home/haocheng/Rosbot_workspace/src/install/my_pkg/share/ament_index/resource_index/packages
[3.976s] symbolically linking /home/haocheng/Rosbot_workspace/src/build/my_pkg/resource/my_pkg -> /home/haocheng/Rosbot_workspace/src/install/my_pkg/share/ament_index/resource_index/packages
[3.976s] symbolically linking /home/haocheng/Rosbot_workspace/src/build/my_pkg/package.xml -> /home/haocheng/Rosbot_workspace/src/install/my_pkg/share/my_pkg
[3.976s] creating /home/haocheng/Rosbot_workspace/src/install/my_pkg/share/my_pkg/launch
[3.976s] symbolically linking /home/haocheng/Rosbot_workspace/src/build/my_pkg/launch/my_pkg.launch.py -> /home/haocheng/Rosbot_workspace/src/install/my_pkg/share/my_pkg/launch
[4.083s] Invoked command in '/home/haocheng/Rosbot_workspace/src/build/my_pkg' returned '0': PYTHONPATH=/home/haocheng/Rosbot_workspace/src/build/my_pkg/prefix_override:/home/haocheng/Rosbot_workspace/src/install/my_pkg/lib/python3.10/site-packages:${PYTHONPATH} /usr/bin/python3 -W ignore:setup.py install is deprecated setup.py develop --editable --build-directory /home/haocheng/Rosbot_workspace/src/build/my_pkg/build --no-deps symlink_data
